[2020-03-25 16:44:46] local.ERROR: Command "make" is not defined.

Did you mean one of these?
    make:channel
    make:command
    make:controller
    make:event
    make:exception
    make:factory
    make:job
    make:listener
    make:mail
    make:middleware
    make:migration
    make:model
    make:notification
    make:observer
    make:policy
    make:provider
    make:request
    make:resource
    make:rule
    make:seeder
    make:test {"exception":"[object] (Symfony\\Component\\Console\\Exception\\CommandNotFoundException(code: 0): Command \"make\" is not defined.

Did you mean one of these?
    make:channel
    make:command
    make:controller
    make:event
    make:exception
    make:factory
    make:job
    make:listener
    make:mail
    make:middleware
    make:migration
    make:model
    make:notification
    make:observer
    make:policy
    make:provider
    make:request
    make:resource
    make:rule
    make:seeder
    make:test at C:\\Users\\Kuda Musoni\\Documents\\Code\\stokemotors-api\\vendor\\symfony\\console\\Application.php:669)
[stacktrace]
#0 C:\\Users\\Kuda Musoni\\Documents\\Code\\stokemotors-api\\vendor\\symfony\\console\\Application.php(235): Symfony\\Component\\Console\\Application->find()
#1 C:\\Users\\Kuda Musoni\\Documents\\Code\\stokemotors-api\\vendor\\symfony\\console\\Application.php(147): Symfony\\Component\\Console\\Application->doRun()
#2 C:\\Users\\Kuda Musoni\\Documents\\Code\\stokemotors-api\\vendor\\laravel\\framework\\src\\Illuminate\\Console\\Application.php(93): Symfony\\Component\\Console\\Application->run()
#3 C:\\Users\\Kuda Musoni\\Documents\\Code\\stokemotors-api\\vendor\\laravel\\framework\\src\\Illuminate\\Foundation\\Console\\Kernel.php(131): Illuminate\\Console\\Application->run()
#4 C:\\Users\\Kuda Musoni\\Documents\\Code\\stokemotors-api\\artisan(37): Illuminate\\Foundation\\Console\\Kernel->handle()
#5 {main}
"} 
[2020-03-25 16:44:56] local.ERROR: Command "make:view" is not defined.

Did you mean one of these?
    make:channel
    make:command
    make:controller
    make:event
    make:exception
    make:factory
    make:job
    make:listener
    make:mail
    make:middleware
    make:migration
    make:model
    make:notification
    make:observer
    make:policy
    make:provider
    make:request
    make:resource
    make:rule
    make:seeder
    make:test {"exception":"[object] (Symfony\\Component\\Console\\Exception\\CommandNotFoundException(code: 0): Command \"make:view\" is not defined.

Did you mean one of these?
    make:channel
    make:command
    make:controller
    make:event
    make:exception
    make:factory
    make:job
    make:listener
    make:mail
    make:middleware
    make:migration
    make:model
    make:notification
    make:observer
    make:policy
    make:provider
    make:request
    make:resource
    make:rule
    make:seeder
    make:test at C:\\Users\\Kuda Musoni\\Documents\\Code\\stokemotors-api\\vendor\\symfony\\console\\Application.php:669)
[stacktrace]
#0 C:\\Users\\Kuda Musoni\\Documents\\Code\\stokemotors-api\\vendor\\symfony\\console\\Application.php(235): Symfony\\Component\\Console\\Application->find()
#1 C:\\Users\\Kuda Musoni\\Documents\\Code\\stokemotors-api\\vendor\\symfony\\console\\Application.php(147): Symfony\\Component\\Console\\Application->doRun()
#2 C:\\Users\\Kuda Musoni\\Documents\\Code\\stokemotors-api\\vendor\\laravel\\framework\\src\\Illuminate\\Console\\Application.php(93): Symfony\\Component\\Console\\Application->run()
#3 C:\\Users\\Kuda Musoni\\Documents\\Code\\stokemotors-api\\vendor\\laravel\\framework\\src\\Illuminate\\Foundation\\Console\\Kernel.php(131): Illuminate\\Console\\Application->run()
#4 C:\\Users\\Kuda Musoni\\Documents\\Code\\stokemotors-api\\artisan(37): Illuminate\\Foundation\\Console\\Kernel->handle()
#5 {main}
"} 
