[2020-03-15 11:54:26] local.ERROR: SQLSTATE[HY000] [2002] A connection attempt failed because the connected party did not properly respond after a period of time, or established connection failed because connected host has failed to respond.
 (SQL: select count(*) as aggregate from `vehicles` where `archive` = 0 and `purchased` = 0) {"exception":"[object] (Illuminate\\Database\\QueryException(code: 2002): SQLSTATE[HY000] [2002] A connection attempt failed because the connected party did not properly respond after a period of time, or established connection failed because connected host has failed to respond.
 (SQL: select count(*) as aggregate from `vehicles` where `archive` = 0 and `purchased` = 0) at C:\\Users\\Kuda Musoni\\Documents\\Code\\stokemotors-api\\vendor\\laravel\\framework\\src\\Illuminate\\Database\\Connection.php:669)
[stacktrace]
#0 C:\\Users\\Kuda Musoni\\Documents\\Code\\stokemotors-api\\vendor\\laravel\\framework\\src\\Illuminate\\Database\\Connection.php(629): Illuminate\\Database\\Connection->runQueryCallback()
#1 C:\\Users\\Kuda Musoni\\Documents\\Code\\stokemotors-api\\vendor\\laravel\\framework\\src\\Illuminate\\Database\\Connection.php(338): Illuminate\\Database\\Connection->run()
#2 C:\\Users\\Kuda Musoni\\Documents\\Code\\stokemotors-api\\vendor\\laravel\\framework\\src\\Illuminate\\Database\\Query\\Builder.php(2149): Illuminate\\Database\\Connection->select()
#3 C:\\Users\\Kuda Musoni\\Documents\\Code\\stokemotors-api\\vendor\\laravel\\framework\\src\\Illuminate\\Database\\Query\\Builder.php(2137): Illuminate\\Database\\Query\\Builder->runSelect()
#4 C:\\Users\\Kuda Musoni\\Documents\\Code\\stokemotors-api\\vendor\\laravel\\framework\\src\\Illuminate\\Database\\Query\\Builder.php(2609): Illuminate\\Database\\Query\\Builder->Illuminate\\Database\\Query\\{closure}()
#5 C:\\Users\\Kuda Musoni\\Documents\\Code\\stokemotors-api\\vendor\\laravel\\framework\\src\\Illuminate\\Database\\Query\\Builder.php(2138): Illuminate\\Database\\Query\\Builder->onceWithColumns()
#6 C:\\Users\\Kuda Musoni\\Documents\\Code\\stokemotors-api\\vendor\\laravel\\framework\\src\\Illuminate\\Database\\Query\\Builder.php(2236): Illuminate\\Database\\Query\\Builder->get()
#7 C:\\Users\\Kuda Musoni\\Documents\\Code\\stokemotors-api\\vendor\\laravel\\framework\\src\\Illuminate\\Database\\Query\\Builder.php(2207): Illuminate\\Database\\Query\\Builder->runPaginationCountQuery()
#8 C:\\Users\\Kuda Musoni\\Documents\\Code\\stokemotors-api\\vendor\\laravel\\framework\\src\\Illuminate\\Database\\Eloquent\\Builder.php(720): Illuminate\\Database\\Query\\Builder->getCountForPagination()
#9 C:\\Users\\Kuda Musoni\\Documents\\Code\\stokemotors-api\\app\\Http\\Controllers\\VehicleController.php(49): Illuminate\\Database\\Eloquent\\Builder->paginate()
#10 [internal function]: App\\Http\\Controllers\\VehicleController->listVehicles()
#11 C:\\Users\\Kuda Musoni\\Documents\\Code\\stokemotors-api\\vendor\\laravel\\framework\\src\\Illuminate\\Routing\\Controller.php(54): call_user_func_array()
#12 C:\\Users\\Kuda Musoni\\Documents\\Code\\stokemotors-api\\vendor\\laravel\\framework\\src\\Illuminate\\Routing\\ControllerDispatcher.php(45): Illuminate\\Routing\\Controller->callAction()
#13 C:\\Users\\Kuda Musoni\\Documents\\Code\\stokemotors-api\\vendor\\laravel\\framework\\src\\Illuminate\\Routing\\Route.php(219): Illuminate\\Routing\\ControllerDispatcher->dispatch()
#14 C:\\Users\\Kuda Musoni\\Documents\\Code\\stokemotors-api\\vendor\\laravel\\framework\\src\\Illuminate\\Routing\\Route.php(176): Illuminate\\Routing\\Route->runController()
#15 C:\\Users\\Kuda Musoni\\Documents\\Code\\stokemotors-api\\vendor\\laravel\\framework\\src\\Illuminate\\Routing\\Router.php(681): Illuminate\\Routing\\Route->run()
#16 C:\\Users\\Kuda Musoni\\Documents\\Code\\stokemotors-api\\vendor\\laravel\\framework\\src\\Illuminate\\Pipeline\\Pipeline.php(130): Illuminate\\Routing\\Router->Illuminate\\Routing\\{closure}()
#17 C:\\Users\\Kuda Musoni\\Documents\\Code\\stokemotors-api\\vendor\\laravel\\framework\\src\\Illuminate\\Routing\\Middleware\\SubstituteBindings.php(41): Illuminate\\Pipeline\\Pipeline->Illuminate\\Pipeline\\{closure}()
#18 C:\\Users\\Kuda Musoni\\Documents\\Code\\stokemotors-api\\vendor\\laravel\\framework\\src\\Illuminate\\Pipeline\\Pipeline.php(171): Illuminate\\Routing\\Middleware\\SubstituteBindings->handle()
#19 C:\\Users\\Kuda Musoni\\Documents\\Code\\stokemotors-api\\vendor\\laravel\\framework\\src\\Illuminate\\View\\Middleware\\ShareErrorsFromSession.php(49): Illuminate\\Pipeline\\Pipeline->Illuminate\\Pipeline\\{closure}()
#20 C:\\Users\\Kuda Musoni\\Documents\\Code\\stokemotors-api\\vendor\\laravel\\framework\\src\\Illuminate\\Pipeline\\Pipeline.php(171): Illuminate\\View\\Middleware\\ShareErrorsFromSession->handle()
#21 C:\\Users\\Kuda Musoni\\Documents\\Code\\stokemotors-api\\vendor\\laravel\\framework\\src\\Illuminate\\Session\\Middleware\\StartSession.php(56): Illuminate\\Pipeline\\Pipeline->Illuminate\\Pipeline\\{closure}()
#22 C:\\Users\\Kuda Musoni\\Documents\\Code\\stokemotors-api\\vendor\\laravel\\framework\\src\\Illuminate\\Pipeline\\Pipeline.php(171): Illuminate\\Session\\Middleware\\StartSession->handle()
#23 C:\\Users\\Kuda Musoni\\Documents\\Code\\stokemotors-api\\vendor\\laravel\\framework\\src\\Illuminate\\Cookie\\Middleware\\AddQueuedCookiesToResponse.php(37): Illuminate\\Pipeline\\Pipeline->Illuminate\\Pipeline\\{closure}()
#24 C:\\Users\\Kuda Musoni\\Documents\\Code\\stokemotors-api\\vendor\\laravel\\framework\\src\\Illuminate\\Pipeline\\Pipeline.php(171): Illuminate\\Cookie\\Middleware\\AddQueuedCookiesToResponse->handle()
#25 C:\\Users\\Kuda Musoni\\Documents\\Code\\stokemotors-api\\vendor\\laravel\\framework\\src\\Illuminate\\Cookie\\Middleware\\EncryptCookies.php(66): Illuminate\\Pipeline\\Pipeline->Illuminate\\Pipeline\\{closure}()
#26 C:\\Users\\Kuda Musoni\\Documents\\Code\\stokemotors-api\\vendor\\laravel\\framework\\src\\Illuminate\\Pipeline\\Pipeline.php(171): Illuminate\\Cookie\\Middleware\\EncryptCookies->handle()
#27 C:\\Users\\Kuda Musoni\\Documents\\Code\\stokemotors-api\\vendor\\laravel\\framework\\src\\Illuminate\\Pipeline\\Pipeline.php(105): Illuminate\\Pipeline\\Pipeline->Illuminate\\Pipeline\\{closure}()
#28 C:\\Users\\Kuda Musoni\\Documents\\Code\\stokemotors-api\\vendor\\laravel\\framework\\src\\Illuminate\\Routing\\Router.php(683): Illuminate\\Pipeline\\Pipeline->then()
#29 C:\\Users\\Kuda Musoni\\Documents\\Code\\stokemotors-api\\vendor\\laravel\\framework\\src\\Illuminate\\Routing\\Router.php(658): Illuminate\\Routing\\Router->runRouteWithinStack()
#30 C:\\Users\\Kuda Musoni\\Documents\\Code\\stokemotors-api\\vendor\\laravel\\framework\\src\\Illuminate\\Routing\\Router.php(624): Illuminate\\Routing\\Router->runRoute()
#31 C:\\Users\\Kuda Musoni\\Documents\\Code\\stokemotors-api\\vendor\\laravel\\framework\\src\\Illuminate\\Routing\\Router.php(613): Illuminate\\Routing\\Router->dispatchToRoute()
#32 C:\\Users\\Kuda Musoni\\Documents\\Code\\stokemotors-api\\vendor\\laravel\\framework\\src\\Illuminate\\Foundation\\Http\\Kernel.php(170): Illuminate\\Routing\\Router->dispatch()
#33 C:\\Users\\Kuda Musoni\\Documents\\Code\\stokemotors-api\\vendor\\laravel\\framework\\src\\Illuminate\\Pipeline\\Pipeline.php(130): Illuminate\\Foundation\\Http\\Kernel->Illuminate\\Foundation\\Http\\{closure}()
#34 C:\\Users\\Kuda Musoni\\Documents\\Code\\stokemotors-api\\vendor\\laravel\\framework\\src\\Illuminate\\Foundation\\Http\\Middleware\\TransformsRequest.php(21): Illuminate\\Pipeline\\Pipeline->Illuminate\\Pipeline\\{closure}()
#35 C:\\Users\\Kuda Musoni\\Documents\\Code\\stokemotors-api\\vendor\\laravel\\framework\\src\\Illuminate\\Pipeline\\Pipeline.php(171): Illuminate\\Foundation\\Http\\Middleware\\TransformsRequest->handle()
#36 C:\\Users\\Kuda Musoni\\Documents\\Code\\stokemotors-api\\vendor\\laravel\\framework\\src\\Illuminate\\Foundation\\Http\\Middleware\\TransformsRequest.php(21): Illuminate\\Pipeline\\Pipeline->Illuminate\\Pipeline\\{closure}()
#37 C:\\Users\\Kuda Musoni\\Documents\\Code\\stokemotors-api\\vendor\\laravel\\framework\\src\\Illuminate\\Pipeline\\Pipeline.php(171): Illuminate\\Foundation\\Http\\Middleware\\TransformsRequest->handle()
#38 C:\\Users\\Kuda Musoni\\Documents\\Code\\stokemotors-api\\vendor\\laravel\\framework\\src\\Illuminate\\Foundation\\Http\\Middleware\\ValidatePostSize.php(27): Illuminate\\Pipeline\\Pipeline->Illuminate\\Pipeline\\{closure}()
#39 C:\\Users\\Kuda Musoni\\Documents\\Code\\stokemotors-api\\vendor\\laravel\\framework\\src\\Illuminate\\Pipeline\\Pipeline.php(171): Illuminate\\Foundation\\Http\\Middleware\\ValidatePostSize->handle()
#40 C:\\Users\\Kuda Musoni\\Documents\\Code\\stokemotors-api\\vendor\\laravel\\framework\\src\\Illuminate\\Foundation\\Http\\Middleware\\CheckForMaintenanceMode.php(63): Illuminate\\Pipeline\\Pipeline->Illuminate\\Pipeline\\{closure}()
#41 C:\\Users\\Kuda Musoni\\Documents\\Code\\stokemotors-api\\vendor\\laravel\\framework\\src\\Illuminate\\Pipeline\\Pipeline.php(171): Illuminate\\Foundation\\Http\\Middleware\\CheckForMaintenanceMode->handle()
#42 C:\\Users\\Kuda Musoni\\Documents\\Code\\stokemotors-api\\vendor\\fideloper\\proxy\\src\\TrustProxies.php(57): Illuminate\\Pipeline\\Pipeline->Illuminate\\Pipeline\\{closure}()
#43 C:\\Users\\Kuda Musoni\\Documents\\Code\\stokemotors-api\\vendor\\laravel\\framework\\src\\Illuminate\\Pipeline\\Pipeline.php(171): Fideloper\\Proxy\\TrustProxies->handle()
#44 C:\\Users\\Kuda Musoni\\Documents\\Code\\stokemotors-api\\vendor\\laravel\\framework\\src\\Illuminate\\Pipeline\\Pipeline.php(105): Illuminate\\Pipeline\\Pipeline->Illuminate\\Pipeline\\{closure}()
#45 C:\\Users\\Kuda Musoni\\Documents\\Code\\stokemotors-api\\vendor\\laravel\\framework\\src\\Illuminate\\Foundation\\Http\\Kernel.php(145): Illuminate\\Pipeline\\Pipeline->then()
#46 C:\\Users\\Kuda Musoni\\Documents\\Code\\stokemotors-api\\vendor\\laravel\\framework\\src\\Illuminate\\Foundation\\Http\\Kernel.php(110): Illuminate\\Foundation\\Http\\Kernel->sendRequestThroughRouter()
#47 C:\\Users\\Kuda Musoni\\Documents\\Code\\stokemotors-api\\public\\index.php(55): Illuminate\\Foundation\\Http\\Kernel->handle()
#48 C:\\Users\\Kuda Musoni\\Documents\\Code\\stokemotors-api\\server.php(21): require_once('C:\\\\Users\\\\Kuda M...')
#49 {main}

[previous exception] [object] (PDOException(code: 2002): SQLSTATE[HY000] [2002] A connection attempt failed because the connected party did not properly respond after a period of time, or established connection failed because connected host has failed to respond.
 at C:\\Users\\Kuda Musoni\\Documents\\Code\\stokemotors-api\\vendor\\laravel\\framework\\src\\Illuminate\\Database\\Connectors\\Connector.php:70)
[stacktrace]
#0 C:\\Users\\Kuda Musoni\\Documents\\Code\\stokemotors-api\\vendor\\laravel\\framework\\src\\Illuminate\\Database\\Connectors\\Connector.php(70): PDO->__construct()
#1 C:\\Users\\Kuda Musoni\\Documents\\Code\\stokemotors-api\\vendor\\laravel\\framework\\src\\Illuminate\\Database\\Connectors\\Connector.php(46): Illuminate\\Database\\Connectors\\Connector->createPdoConnection()
#2 C:\\Users\\Kuda Musoni\\Documents\\Code\\stokemotors-api\\vendor\\laravel\\framework\\src\\Illuminate\\Database\\Connectors\\MySqlConnector.php(24): Illuminate\\Database\\Connectors\\Connector->createConnection()
#3 C:\\Users\\Kuda Musoni\\Documents\\Code\\stokemotors-api\\vendor\\laravel\\framework\\src\\Illuminate\\Database\\Connectors\\ConnectionFactory.php(182): Illuminate\\Database\\Connectors\\MySqlConnector->connect()
#4 [internal function]: Illuminate\\Database\\Connectors\\ConnectionFactory->Illuminate\\Database\\Connectors\\{closure}()
#5 C:\\Users\\Kuda Musoni\\Documents\\Code\\stokemotors-api\\vendor\\laravel\\framework\\src\\Illuminate\\Database\\Connection.php(924): call_user_func()
#6 C:\\Users\\Kuda Musoni\\Documents\\Code\\stokemotors-api\\vendor\\laravel\\framework\\src\\Illuminate\\Database\\Connection.php(959): Illuminate\\Database\\Connection->getPdo()
#7 C:\\Users\\Kuda Musoni\\Documents\\Code\\stokemotors-api\\vendor\\laravel\\framework\\src\\Illuminate\\Database\\Connection.php(404): Illuminate\\Database\\Connection->getReadPdo()
#8 C:\\Users\\Kuda Musoni\\Documents\\Code\\stokemotors-api\\vendor\\laravel\\framework\\src\\Illuminate\\Database\\Connection.php(330): Illuminate\\Database\\Connection->getPdoForSelect()
#9 C:\\Users\\Kuda Musoni\\Documents\\Code\\stokemotors-api\\vendor\\laravel\\framework\\src\\Illuminate\\Database\\Connection.php(662): Illuminate\\Database\\Connection->Illuminate\\Database\\{closure}()
#10 C:\\Users\\Kuda Musoni\\Documents\\Code\\stokemotors-api\\vendor\\laravel\\framework\\src\\Illuminate\\Database\\Connection.php(629): Illuminate\\Database\\Connection->runQueryCallback()
#11 C:\\Users\\Kuda Musoni\\Documents\\Code\\stokemotors-api\\vendor\\laravel\\framework\\src\\Illuminate\\Database\\Connection.php(338): Illuminate\\Database\\Connection->run()
#12 C:\\Users\\Kuda Musoni\\Documents\\Code\\stokemotors-api\\vendor\\laravel\\framework\\src\\Illuminate\\Database\\Query\\Builder.php(2149): Illuminate\\Database\\Connection->select()
#13 C:\\Users\\Kuda Musoni\\Documents\\Code\\stokemotors-api\\vendor\\laravel\\framework\\src\\Illuminate\\Database\\Query\\Builder.php(2137): Illuminate\\Database\\Query\\Builder->runSelect()
#14 C:\\Users\\Kuda Musoni\\Documents\\Code\\stokemotors-api\\vendor\\laravel\\framework\\src\\Illuminate\\Database\\Query\\Builder.php(2609): Illuminate\\Database\\Query\\Builder->Illuminate\\Database\\Query\\{closure}()
#15 C:\\Users\\Kuda Musoni\\Documents\\Code\\stokemotors-api\\vendor\\laravel\\framework\\src\\Illuminate\\Database\\Query\\Builder.php(2138): Illuminate\\Database\\Query\\Builder->onceWithColumns()
#16 C:\\Users\\Kuda Musoni\\Documents\\Code\\stokemotors-api\\vendor\\laravel\\framework\\src\\Illuminate\\Database\\Query\\Builder.php(2236): Illuminate\\Database\\Query\\Builder->get()
#17 C:\\Users\\Kuda Musoni\\Documents\\Code\\stokemotors-api\\vendor\\laravel\\framework\\src\\Illuminate\\Database\\Query\\Builder.php(2207): Illuminate\\Database\\Query\\Builder->runPaginationCountQuery()
#18 C:\\Users\\Kuda Musoni\\Documents\\Code\\stokemotors-api\\vendor\\laravel\\framework\\src\\Illuminate\\Database\\Eloquent\\Builder.php(720): Illuminate\\Database\\Query\\Builder->getCountForPagination()
#19 C:\\Users\\Kuda Musoni\\Documents\\Code\\stokemotors-api\\app\\Http\\Controllers\\VehicleController.php(49): Illuminate\\Database\\Eloquent\\Builder->paginate()
#20 [internal function]: App\\Http\\Controllers\\VehicleController->listVehicles()
#21 C:\\Users\\Kuda Musoni\\Documents\\Code\\stokemotors-api\\vendor\\laravel\\framework\\src\\Illuminate\\Routing\\Controller.php(54): call_user_func_array()
#22 C:\\Users\\Kuda Musoni\\Documents\\Code\\stokemotors-api\\vendor\\laravel\\framework\\src\\Illuminate\\Routing\\ControllerDispatcher.php(45): Illuminate\\Routing\\Controller->callAction()
#23 C:\\Users\\Kuda Musoni\\Documents\\Code\\stokemotors-api\\vendor\\laravel\\framework\\src\\Illuminate\\Routing\\Route.php(219): Illuminate\\Routing\\ControllerDispatcher->dispatch()
#24 C:\\Users\\Kuda Musoni\\Documents\\Code\\stokemotors-api\\vendor\\laravel\\framework\\src\\Illuminate\\Routing\\Route.php(176): Illuminate\\Routing\\Route->runController()
#25 C:\\Users\\Kuda Musoni\\Documents\\Code\\stokemotors-api\\vendor\\laravel\\framework\\src\\Illuminate\\Routing\\Router.php(681): Illuminate\\Routing\\Route->run()
#26 C:\\Users\\Kuda Musoni\\Documents\\Code\\stokemotors-api\\vendor\\laravel\\framework\\src\\Illuminate\\Pipeline\\Pipeline.php(130): Illuminate\\Routing\\Router->Illuminate\\Routing\\{closure}()
#27 C:\\Users\\Kuda Musoni\\Documents\\Code\\stokemotors-api\\vendor\\laravel\\framework\\src\\Illuminate\\Routing\\Middleware\\SubstituteBindings.php(41): Illuminate\\Pipeline\\Pipeline->Illuminate\\Pipeline\\{closure}()
#28 C:\\Users\\Kuda Musoni\\Documents\\Code\\stokemotors-api\\vendor\\laravel\\framework\\src\\Illuminate\\Pipeline\\Pipeline.php(171): Illuminate\\Routing\\Middleware\\SubstituteBindings->handle()
#29 C:\\Users\\Kuda Musoni\\Documents\\Code\\stokemotors-api\\vendor\\laravel\\framework\\src\\Illuminate\\View\\Middleware\\ShareErrorsFromSession.php(49): Illuminate\\Pipeline\\Pipeline->Illuminate\\Pipeline\\{closure}()
#30 C:\\Users\\Kuda Musoni\\Documents\\Code\\stokemotors-api\\vendor\\laravel\\framework\\src\\Illuminate\\Pipeline\\Pipeline.php(171): Illuminate\\View\\Middleware\\ShareErrorsFromSession->handle()
#31 C:\\Users\\Kuda Musoni\\Documents\\Code\\stokemotors-api\\vendor\\laravel\\framework\\src\\Illuminate\\Session\\Middleware\\StartSession.php(56): Illuminate\\Pipeline\\Pipeline->Illuminate\\Pipeline\\{closure}()
#32 C:\\Users\\Kuda Musoni\\Documents\\Code\\stokemotors-api\\vendor\\laravel\\framework\\src\\Illuminate\\Pipeline\\Pipeline.php(171): Illuminate\\Session\\Middleware\\StartSession->handle()
#33 C:\\Users\\Kuda Musoni\\Documents\\Code\\stokemotors-api\\vendor\\laravel\\framework\\src\\Illuminate\\Cookie\\Middleware\\AddQueuedCookiesToResponse.php(37): Illuminate\\Pipeline\\Pipeline->Illuminate\\Pipeline\\{closure}()
#34 C:\\Users\\Kuda Musoni\\Documents\\Code\\stokemotors-api\\vendor\\laravel\\framework\\src\\Illuminate\\Pipeline\\Pipeline.php(171): Illuminate\\Cookie\\Middleware\\AddQueuedCookiesToResponse->handle()
#35 C:\\Users\\Kuda Musoni\\Documents\\Code\\stokemotors-api\\vendor\\laravel\\framework\\src\\Illuminate\\Cookie\\Middleware\\EncryptCookies.php(66): Illuminate\\Pipeline\\Pipeline->Illuminate\\Pipeline\\{closure}()
#36 C:\\Users\\Kuda Musoni\\Documents\\Code\\stokemotors-api\\vendor\\laravel\\framework\\src\\Illuminate\\Pipeline\\Pipeline.php(171): Illuminate\\Cookie\\Middleware\\EncryptCookies->handle()
#37 C:\\Users\\Kuda Musoni\\Documents\\Code\\stokemotors-api\\vendor\\laravel\\framework\\src\\Illuminate\\Pipeline\\Pipeline.php(105): Illuminate\\Pipeline\\Pipeline->Illuminate\\Pipeline\\{closure}()
#38 C:\\Users\\Kuda Musoni\\Documents\\Code\\stokemotors-api\\vendor\\laravel\\framework\\src\\Illuminate\\Routing\\Router.php(683): Illuminate\\Pipeline\\Pipeline->then()
#39 C:\\Users\\Kuda Musoni\\Documents\\Code\\stokemotors-api\\vendor\\laravel\\framework\\src\\Illuminate\\Routing\\Router.php(658): Illuminate\\Routing\\Router->runRouteWithinStack()
#40 C:\\Users\\Kuda Musoni\\Documents\\Code\\stokemotors-api\\vendor\\laravel\\framework\\src\\Illuminate\\Routing\\Router.php(624): Illuminate\\Routing\\Router->runRoute()
#41 C:\\Users\\Kuda Musoni\\Documents\\Code\\stokemotors-api\\vendor\\laravel\\framework\\src\\Illuminate\\Routing\\Router.php(613): Illuminate\\Routing\\Router->dispatchToRoute()
#42 C:\\Users\\Kuda Musoni\\Documents\\Code\\stokemotors-api\\vendor\\laravel\\framework\\src\\Illuminate\\Foundation\\Http\\Kernel.php(170): Illuminate\\Routing\\Router->dispatch()
#43 C:\\Users\\Kuda Musoni\\Documents\\Code\\stokemotors-api\\vendor\\laravel\\framework\\src\\Illuminate\\Pipeline\\Pipeline.php(130): Illuminate\\Foundation\\Http\\Kernel->Illuminate\\Foundation\\Http\\{closure}()
#44 C:\\Users\\Kuda Musoni\\Documents\\Code\\stokemotors-api\\vendor\\laravel\\framework\\src\\Illuminate\\Foundation\\Http\\Middleware\\TransformsRequest.php(21): Illuminate\\Pipeline\\Pipeline->Illuminate\\Pipeline\\{closure}()
#45 C:\\Users\\Kuda Musoni\\Documents\\Code\\stokemotors-api\\vendor\\laravel\\framework\\src\\Illuminate\\Pipeline\\Pipeline.php(171): Illuminate\\Foundation\\Http\\Middleware\\TransformsRequest->handle()
#46 C:\\Users\\Kuda Musoni\\Documents\\Code\\stokemotors-api\\vendor\\laravel\\framework\\src\\Illuminate\\Foundation\\Http\\Middleware\\TransformsRequest.php(21): Illuminate\\Pipeline\\Pipeline->Illuminate\\Pipeline\\{closure}()
#47 C:\\Users\\Kuda Musoni\\Documents\\Code\\stokemotors-api\\vendor\\laravel\\framework\\src\\Illuminate\\Pipeline\\Pipeline.php(171): Illuminate\\Foundation\\Http\\Middleware\\TransformsRequest->handle()
#48 C:\\Users\\Kuda Musoni\\Documents\\Code\\stokemotors-api\\vendor\\laravel\\framework\\src\\Illuminate\\Foundation\\Http\\Middleware\\ValidatePostSize.php(27): Illuminate\\Pipeline\\Pipeline->Illuminate\\Pipeline\\{closure}()
#49 C:\\Users\\Kuda Musoni\\Documents\\Code\\stokemotors-api\\vendor\\laravel\\framework\\src\\Illuminate\\Pipeline\\Pipeline.php(171): Illuminate\\Foundation\\Http\\Middleware\\ValidatePostSize->handle()
#50 C:\\Users\\Kuda Musoni\\Documents\\Code\\stokemotors-api\\vendor\\laravel\\framework\\src\\Illuminate\\Foundation\\Http\\Middleware\\CheckForMaintenanceMode.php(63): Illuminate\\Pipeline\\Pipeline->Illuminate\\Pipeline\\{closure}()
#51 C:\\Users\\Kuda Musoni\\Documents\\Code\\stokemotors-api\\vendor\\laravel\\framework\\src\\Illuminate\\Pipeline\\Pipeline.php(171): Illuminate\\Foundation\\Http\\Middleware\\CheckForMaintenanceMode->handle()
#52 C:\\Users\\Kuda Musoni\\Documents\\Code\\stokemotors-api\\vendor\\fideloper\\proxy\\src\\TrustProxies.php(57): Illuminate\\Pipeline\\Pipeline->Illuminate\\Pipeline\\{closure}()
#53 C:\\Users\\Kuda Musoni\\Documents\\Code\\stokemotors-api\\vendor\\laravel\\framework\\src\\Illuminate\\Pipeline\\Pipeline.php(171): Fideloper\\Proxy\\TrustProxies->handle()
#54 C:\\Users\\Kuda Musoni\\Documents\\Code\\stokemotors-api\\vendor\\laravel\\framework\\src\\Illuminate\\Pipeline\\Pipeline.php(105): Illuminate\\Pipeline\\Pipeline->Illuminate\\Pipeline\\{closure}()
#55 C:\\Users\\Kuda Musoni\\Documents\\Code\\stokemotors-api\\vendor\\laravel\\framework\\src\\Illuminate\\Foundation\\Http\\Kernel.php(145): Illuminate\\Pipeline\\Pipeline->then()
#56 C:\\Users\\Kuda Musoni\\Documents\\Code\\stokemotors-api\\vendor\\laravel\\framework\\src\\Illuminate\\Foundation\\Http\\Kernel.php(110): Illuminate\\Foundation\\Http\\Kernel->sendRequestThroughRouter()
#57 C:\\Users\\Kuda Musoni\\Documents\\Code\\stokemotors-api\\public\\index.php(55): Illuminate\\Foundation\\Http\\Kernel->handle()
#58 C:\\Users\\Kuda Musoni\\Documents\\Code\\stokemotors-api\\server.php(21): require_once('C:\\\\Users\\\\Kuda M...')
#59 {main}
"} 
[2020-03-15 11:55:10] local.ERROR: Maximum execution time of 60 seconds exceeded {"exception":"[object] (Symfony\\Component\\Debug\\Exception\\FatalErrorException(code: 1): Maximum execution time of 60 seconds exceeded at C:\\Users\\Kuda Musoni\\Documents\\Code\\stokemotors-api\\vendor\\laravel\\framework\\src\\Illuminate\\Database\\Connectors\\Connector.php:46)
[stacktrace]
#0 {main}
"} 
