[2020-03-04 10:43:10] local.ERROR: Undefined variable: item (View: C:\Users\Kuda Musoni\Documents\Code\stokemotors-api\resources\views\detail.blade.php) {"exception":"[object] (Facade\\Ignition\\Exceptions\\ViewException(code: 0): Undefined variable: item (View: C:\\Users\\Kuda Musoni\\Documents\\Code\\stokemotors-api\esources\\views\\detail.blade.php) at C:\\Users\\Kuda Musoni\\Documents\\Code\\stokemotors-api\esources\\views/detail.blade.php:30)
[stacktrace]
#0 C:\\Users\\Kuda Musoni\\Documents\\Code\\stokemotors-api\esources\\views/detail.blade.php(30): Illuminate\\Foundation\\Bootstrap\\HandleExceptions->handleError()
#1 C:\\Users\\Kuda Musoni\\Documents\\Code\\stokemotors-api\\vendor\\laravel\\framework\\src\\Illuminate\\View\\Engines\\PhpEngine.php(43): include('C:\\\\Users\\\\Kuda M...')
#2 C:\\Users\\Kuda Musoni\\Documents\\Code\\stokemotors-api\\vendor\\laravel\\framework\\src\\Illuminate\\View\\Engines\\CompilerEngine.php(59): Illuminate\\View\\Engines\\PhpEngine->evaluatePath()
#3 C:\\Users\\Kuda Musoni\\Documents\\Code\\stokemotors-api\\vendor\\facade\\ignition\\src\\Views\\Engines\\CompilerEngine.php(36): Illuminate\\View\\Engines\\CompilerEngine->get()
#4 C:\\Users\\Kuda Musoni\\Documents\\Code\\stokemotors-api\\vendor\\laravel\\framework\\src\\Illuminate\\View\\View.php(143): Facade\\Ignition\\Views\\Engines\\CompilerEngine->get()
#5 C:\\Users\\Kuda Musoni\\Documents\\Code\\stokemotors-api\\vendor\\laravel\\framework\\src\\Illuminate\\View\\View.php(126): Illuminate\\View\\View->getContents()
#6 C:\\Users\\Kuda Musoni\\Documents\\Code\\stokemotors-api\\vendor\\laravel\\framework\\src\\Illuminate\\View\\View.php(91): Illuminate\\View\\View->renderContents()
#7 C:\\Users\\Kuda Musoni\\Documents\\Code\\stokemotors-api\\vendor\\laravel\\framework\\src\\Illuminate\\Http\\Response.php(42): Illuminate\\View\\View->render()
#8 C:\\Users\\Kuda Musoni\\Documents\\Code\\stokemotors-api\\vendor\\symfony\\http-foundation\\Response.php(202): Illuminate\\Http\\Response->setContent()
#9 C:\\Users\\Kuda Musoni\\Documents\\Code\\stokemotors-api\\vendor\\laravel\\framework\\src\\Illuminate\\Routing\\Router.php(749): Symfony\\Component\\HttpFoundation\\Response->__construct()
#10 C:\\Users\\Kuda Musoni\\Documents\\Code\\stokemotors-api\\vendor\\laravel\\framework\\src\\Illuminate\\Routing\\Router.php(721): Illuminate\\Routing\\Router::toResponse()
#11 C:\\Users\\Kuda Musoni\\Documents\\Code\\stokemotors-api\\vendor\\laravel\\framework\\src\\Illuminate\\Routing\\Router.php(681): Illuminate\\Routing\\Router->prepareResponse()
#12 C:\\Users\\Kuda Musoni\\Documents\\Code\\stokemotors-api\\vendor\\laravel\\framework\\src\\Illuminate\\Pipeline\\Pipeline.php(130): Illuminate\\Routing\\Router->Illuminate\\Routing\\{closure}()
#13 C:\\Users\\Kuda Musoni\\Documents\\Code\\stokemotors-api\\vendor\\laravel\\framework\\src\\Illuminate\\Routing\\Middleware\\SubstituteBindings.php(41): Illuminate\\Pipeline\\Pipeline->Illuminate\\Pipeline\\{closure}()
#14 C:\\Users\\Kuda Musoni\\Documents\\Code\\stokemotors-api\\vendor\\laravel\\framework\\src\\Illuminate\\Pipeline\\Pipeline.php(171): Illuminate\\Routing\\Middleware\\SubstituteBindings->handle()
#15 C:\\Users\\Kuda Musoni\\Documents\\Code\\stokemotors-api\\vendor\\laravel\\framework\\src\\Illuminate\\View\\Middleware\\ShareErrorsFromSession.php(49): Illuminate\\Pipeline\\Pipeline->Illuminate\\Pipeline\\{closure}()
#16 C:\\Users\\Kuda Musoni\\Documents\\Code\\stokemotors-api\\vendor\\laravel\\framework\\src\\Illuminate\\Pipeline\\Pipeline.php(171): Illuminate\\View\\Middleware\\ShareErrorsFromSession->handle()
#17 C:\\Users\\Kuda Musoni\\Documents\\Code\\stokemotors-api\\vendor\\laravel\\framework\\src\\Illuminate\\Session\\Middleware\\StartSession.php(56): Illuminate\\Pipeline\\Pipeline->Illuminate\\Pipeline\\{closure}()
#18 C:\\Users\\Kuda Musoni\\Documents\\Code\\stokemotors-api\\vendor\\laravel\\framework\\src\\Illuminate\\Pipeline\\Pipeline.php(171): Illuminate\\Session\\Middleware\\StartSession->handle()
#19 C:\\Users\\Kuda Musoni\\Documents\\Code\\stokemotors-api\\vendor\\laravel\\framework\\src\\Illuminate\\Cookie\\Middleware\\AddQueuedCookiesToResponse.php(37): Illuminate\\Pipeline\\Pipeline->Illuminate\\Pipeline\\{closure}()
#20 C:\\Users\\Kuda Musoni\\Documents\\Code\\stokemotors-api\\vendor\\laravel\\framework\\src\\Illuminate\\Pipeline\\Pipeline.php(171): Illuminate\\Cookie\\Middleware\\AddQueuedCookiesToResponse->handle()
#21 C:\\Users\\Kuda Musoni\\Documents\\Code\\stokemotors-api\\vendor\\laravel\\framework\\src\\Illuminate\\Cookie\\Middleware\\EncryptCookies.php(66): Illuminate\\Pipeline\\Pipeline->Illuminate\\Pipeline\\{closure}()
#22 C:\\Users\\Kuda Musoni\\Documents\\Code\\stokemotors-api\\vendor\\laravel\\framework\\src\\Illuminate\\Pipeline\\Pipeline.php(171): Illuminate\\Cookie\\Middleware\\EncryptCookies->handle()
#23 C:\\Users\\Kuda Musoni\\Documents\\Code\\stokemotors-api\\vendor\\laravel\\framework\\src\\Illuminate\\Pipeline\\Pipeline.php(105): Illuminate\\Pipeline\\Pipeline->Illuminate\\Pipeline\\{closure}()
#24 C:\\Users\\Kuda Musoni\\Documents\\Code\\stokemotors-api\\vendor\\laravel\\framework\\src\\Illuminate\\Routing\\Router.php(683): Illuminate\\Pipeline\\Pipeline->then()
#25 C:\\Users\\Kuda Musoni\\Documents\\Code\\stokemotors-api\\vendor\\laravel\\framework\\src\\Illuminate\\Routing\\Router.php(658): Illuminate\\Routing\\Router->runRouteWithinStack()
#26 C:\\Users\\Kuda Musoni\\Documents\\Code\\stokemotors-api\\vendor\\laravel\\framework\\src\\Illuminate\\Routing\\Router.php(624): Illuminate\\Routing\\Router->runRoute()
#27 C:\\Users\\Kuda Musoni\\Documents\\Code\\stokemotors-api\\vendor\\laravel\\framework\\src\\Illuminate\\Routing\\Router.php(613): Illuminate\\Routing\\Router->dispatchToRoute()
#28 C:\\Users\\Kuda Musoni\\Documents\\Code\\stokemotors-api\\vendor\\laravel\\framework\\src\\Illuminate\\Foundation\\Http\\Kernel.php(170): Illuminate\\Routing\\Router->dispatch()
#29 C:\\Users\\Kuda Musoni\\Documents\\Code\\stokemotors-api\\vendor\\laravel\\framework\\src\\Illuminate\\Pipeline\\Pipeline.php(130): Illuminate\\Foundation\\Http\\Kernel->Illuminate\\Foundation\\Http\\{closure}()
#30 C:\\Users\\Kuda Musoni\\Documents\\Code\\stokemotors-api\\vendor\\laravel\\framework\\src\\Illuminate\\Foundation\\Http\\Middleware\\TransformsRequest.php(21): Illuminate\\Pipeline\\Pipeline->Illuminate\\Pipeline\\{closure}()
#31 C:\\Users\\Kuda Musoni\\Documents\\Code\\stokemotors-api\\vendor\\laravel\\framework\\src\\Illuminate\\Pipeline\\Pipeline.php(171): Illuminate\\Foundation\\Http\\Middleware\\TransformsRequest->handle()
#32 C:\\Users\\Kuda Musoni\\Documents\\Code\\stokemotors-api\\vendor\\laravel\\framework\\src\\Illuminate\\Foundation\\Http\\Middleware\\TransformsRequest.php(21): Illuminate\\Pipeline\\Pipeline->Illuminate\\Pipeline\\{closure}()
#33 C:\\Users\\Kuda Musoni\\Documents\\Code\\stokemotors-api\\vendor\\laravel\\framework\\src\\Illuminate\\Pipeline\\Pipeline.php(171): Illuminate\\Foundation\\Http\\Middleware\\TransformsRequest->handle()
#34 C:\\Users\\Kuda Musoni\\Documents\\Code\\stokemotors-api\\vendor\\laravel\\framework\\src\\Illuminate\\Foundation\\Http\\Middleware\\ValidatePostSize.php(27): Illuminate\\Pipeline\\Pipeline->Illuminate\\Pipeline\\{closure}()
#35 C:\\Users\\Kuda Musoni\\Documents\\Code\\stokemotors-api\\vendor\\laravel\\framework\\src\\Illuminate\\Pipeline\\Pipeline.php(171): Illuminate\\Foundation\\Http\\Middleware\\ValidatePostSize->handle()
#36 C:\\Users\\Kuda Musoni\\Documents\\Code\\stokemotors-api\\vendor\\laravel\\framework\\src\\Illuminate\\Foundation\\Http\\Middleware\\CheckForMaintenanceMode.php(63): Illuminate\\Pipeline\\Pipeline->Illuminate\\Pipeline\\{closure}()
#37 C:\\Users\\Kuda Musoni\\Documents\\Code\\stokemotors-api\\vendor\\laravel\\framework\\src\\Illuminate\\Pipeline\\Pipeline.php(171): Illuminate\\Foundation\\Http\\Middleware\\CheckForMaintenanceMode->handle()
#38 C:\\Users\\Kuda Musoni\\Documents\\Code\\stokemotors-api\\vendor\\fideloper\\proxy\\src\\TrustProxies.php(57): Illuminate\\Pipeline\\Pipeline->Illuminate\\Pipeline\\{closure}()
#39 C:\\Users\\Kuda Musoni\\Documents\\Code\\stokemotors-api\\vendor\\laravel\\framework\\src\\Illuminate\\Pipeline\\Pipeline.php(171): Fideloper\\Proxy\\TrustProxies->handle()
#40 C:\\Users\\Kuda Musoni\\Documents\\Code\\stokemotors-api\\vendor\\laravel\\framework\\src\\Illuminate\\Pipeline\\Pipeline.php(105): Illuminate\\Pipeline\\Pipeline->Illuminate\\Pipeline\\{closure}()
#41 C:\\Users\\Kuda Musoni\\Documents\\Code\\stokemotors-api\\vendor\\laravel\\framework\\src\\Illuminate\\Foundation\\Http\\Kernel.php(145): Illuminate\\Pipeline\\Pipeline->then()
#42 C:\\Users\\Kuda Musoni\\Documents\\Code\\stokemotors-api\\vendor\\laravel\\framework\\src\\Illuminate\\Foundation\\Http\\Kernel.php(110): Illuminate\\Foundation\\Http\\Kernel->sendRequestThroughRouter()
#43 C:\\Users\\Kuda Musoni\\Documents\\Code\\stokemotors-api\\public\\index.php(55): Illuminate\\Foundation\\Http\\Kernel->handle()
#44 C:\\Users\\Kuda Musoni\\Documents\\Code\\stokemotors-api\\server.php(21): require_once('C:\\\\Users\\\\Kuda M...')
#45 {main}

[previous exception] [object] (ErrorException(code: 0): Undefined variable: item at C:\\Users\\Kuda Musoni\\Documents\\Code\\stokemotors-api\\storage\\framework\\views\\0f53fc3bb02a483fe8156e8ba3b7a4f0e60d5334.php:30)
[stacktrace]
#0 C:\\Users\\Kuda Musoni\\Documents\\Code\\stokemotors-api\\storage\\framework\\views\\0f53fc3bb02a483fe8156e8ba3b7a4f0e60d5334.php(30): Illuminate\\Foundation\\Bootstrap\\HandleExceptions->handleError()
#1 C:\\Users\\Kuda Musoni\\Documents\\Code\\stokemotors-api\\vendor\\laravel\\framework\\src\\Illuminate\\View\\Engines\\PhpEngine.php(43): include('C:\\\\Users\\\\Kuda M...')
#2 C:\\Users\\Kuda Musoni\\Documents\\Code\\stokemotors-api\\vendor\\laravel\\framework\\src\\Illuminate\\View\\Engines\\CompilerEngine.php(59): Illuminate\\View\\Engines\\PhpEngine->evaluatePath()
#3 C:\\Users\\Kuda Musoni\\Documents\\Code\\stokemotors-api\\vendor\\facade\\ignition\\src\\Views\\Engines\\CompilerEngine.php(36): Illuminate\\View\\Engines\\CompilerEngine->get()
#4 C:\\Users\\Kuda Musoni\\Documents\\Code\\stokemotors-api\\vendor\\laravel\\framework\\src\\Illuminate\\View\\View.php(143): Facade\\Ignition\\Views\\Engines\\CompilerEngine->get()
#5 C:\\Users\\Kuda Musoni\\Documents\\Code\\stokemotors-api\\vendor\\laravel\\framework\\src\\Illuminate\\View\\View.php(126): Illuminate\\View\\View->getContents()
#6 C:\\Users\\Kuda Musoni\\Documents\\Code\\stokemotors-api\\vendor\\laravel\\framework\\src\\Illuminate\\View\\View.php(91): Illuminate\\View\\View->renderContents()
#7 C:\\Users\\Kuda Musoni\\Documents\\Code\\stokemotors-api\\vendor\\laravel\\framework\\src\\Illuminate\\Http\\Response.php(42): Illuminate\\View\\View->render()
#8 C:\\Users\\Kuda Musoni\\Documents\\Code\\stokemotors-api\\vendor\\symfony\\http-foundation\\Response.php(202): Illuminate\\Http\\Response->setContent()
#9 C:\\Users\\Kuda Musoni\\Documents\\Code\\stokemotors-api\\vendor\\laravel\\framework\\src\\Illuminate\\Routing\\Router.php(749): Symfony\\Component\\HttpFoundation\\Response->__construct()
#10 C:\\Users\\Kuda Musoni\\Documents\\Code\\stokemotors-api\\vendor\\laravel\\framework\\src\\Illuminate\\Routing\\Router.php(721): Illuminate\\Routing\\Router::toResponse()
#11 C:\\Users\\Kuda Musoni\\Documents\\Code\\stokemotors-api\\vendor\\laravel\\framework\\src\\Illuminate\\Routing\\Router.php(681): Illuminate\\Routing\\Router->prepareResponse()
#12 C:\\Users\\Kuda Musoni\\Documents\\Code\\stokemotors-api\\vendor\\laravel\\framework\\src\\Illuminate\\Pipeline\\Pipeline.php(130): Illuminate\\Routing\\Router->Illuminate\\Routing\\{closure}()
#13 C:\\Users\\Kuda Musoni\\Documents\\Code\\stokemotors-api\\vendor\\laravel\\framework\\src\\Illuminate\\Routing\\Middleware\\SubstituteBindings.php(41): Illuminate\\Pipeline\\Pipeline->Illuminate\\Pipeline\\{closure}()
#14 C:\\Users\\Kuda Musoni\\Documents\\Code\\stokemotors-api\\vendor\\laravel\\framework\\src\\Illuminate\\Pipeline\\Pipeline.php(171): Illuminate\\Routing\\Middleware\\SubstituteBindings->handle()
#15 C:\\Users\\Kuda Musoni\\Documents\\Code\\stokemotors-api\\vendor\\laravel\\framework\\src\\Illuminate\\View\\Middleware\\ShareErrorsFromSession.php(49): Illuminate\\Pipeline\\Pipeline->Illuminate\\Pipeline\\{closure}()
#16 C:\\Users\\Kuda Musoni\\Documents\\Code\\stokemotors-api\\vendor\\laravel\\framework\\src\\Illuminate\\Pipeline\\Pipeline.php(171): Illuminate\\View\\Middleware\\ShareErrorsFromSession->handle()
#17 C:\\Users\\Kuda Musoni\\Documents\\Code\\stokemotors-api\\vendor\\laravel\\framework\\src\\Illuminate\\Session\\Middleware\\StartSession.php(56): Illuminate\\Pipeline\\Pipeline->Illuminate\\Pipeline\\{closure}()
#18 C:\\Users\\Kuda Musoni\\Documents\\Code\\stokemotors-api\\vendor\\laravel\\framework\\src\\Illuminate\\Pipeline\\Pipeline.php(171): Illuminate\\Session\\Middleware\\StartSession->handle()
#19 C:\\Users\\Kuda Musoni\\Documents\\Code\\stokemotors-api\\vendor\\laravel\\framework\\src\\Illuminate\\Cookie\\Middleware\\AddQueuedCookiesToResponse.php(37): Illuminate\\Pipeline\\Pipeline->Illuminate\\Pipeline\\{closure}()
#20 C:\\Users\\Kuda Musoni\\Documents\\Code\\stokemotors-api\\vendor\\laravel\\framework\\src\\Illuminate\\Pipeline\\Pipeline.php(171): Illuminate\\Cookie\\Middleware\\AddQueuedCookiesToResponse->handle()
#21 C:\\Users\\Kuda Musoni\\Documents\\Code\\stokemotors-api\\vendor\\laravel\\framework\\src\\Illuminate\\Cookie\\Middleware\\EncryptCookies.php(66): Illuminate\\Pipeline\\Pipeline->Illuminate\\Pipeline\\{closure}()
#22 C:\\Users\\Kuda Musoni\\Documents\\Code\\stokemotors-api\\vendor\\laravel\\framework\\src\\Illuminate\\Pipeline\\Pipeline.php(171): Illuminate\\Cookie\\Middleware\\EncryptCookies->handle()
#23 C:\\Users\\Kuda Musoni\\Documents\\Code\\stokemotors-api\\vendor\\laravel\\framework\\src\\Illuminate\\Pipeline\\Pipeline.php(105): Illuminate\\Pipeline\\Pipeline->Illuminate\\Pipeline\\{closure}()
#24 C:\\Users\\Kuda Musoni\\Documents\\Code\\stokemotors-api\\vendor\\laravel\\framework\\src\\Illuminate\\Routing\\Router.php(683): Illuminate\\Pipeline\\Pipeline->then()
#25 C:\\Users\\Kuda Musoni\\Documents\\Code\\stokemotors-api\\vendor\\laravel\\framework\\src\\Illuminate\\Routing\\Router.php(658): Illuminate\\Routing\\Router->runRouteWithinStack()
#26 C:\\Users\\Kuda Musoni\\Documents\\Code\\stokemotors-api\\vendor\\laravel\\framework\\src\\Illuminate\\Routing\\Router.php(624): Illuminate\\Routing\\Router->runRoute()
#27 C:\\Users\\Kuda Musoni\\Documents\\Code\\stokemotors-api\\vendor\\laravel\\framework\\src\\Illuminate\\Routing\\Router.php(613): Illuminate\\Routing\\Router->dispatchToRoute()
#28 C:\\Users\\Kuda Musoni\\Documents\\Code\\stokemotors-api\\vendor\\laravel\\framework\\src\\Illuminate\\Foundation\\Http\\Kernel.php(170): Illuminate\\Routing\\Router->dispatch()
#29 C:\\Users\\Kuda Musoni\\Documents\\Code\\stokemotors-api\\vendor\\laravel\\framework\\src\\Illuminate\\Pipeline\\Pipeline.php(130): Illuminate\\Foundation\\Http\\Kernel->Illuminate\\Foundation\\Http\\{closure}()
#30 C:\\Users\\Kuda Musoni\\Documents\\Code\\stokemotors-api\\vendor\\laravel\\framework\\src\\Illuminate\\Foundation\\Http\\Middleware\\TransformsRequest.php(21): Illuminate\\Pipeline\\Pipeline->Illuminate\\Pipeline\\{closure}()
#31 C:\\Users\\Kuda Musoni\\Documents\\Code\\stokemotors-api\\vendor\\laravel\\framework\\src\\Illuminate\\Pipeline\\Pipeline.php(171): Illuminate\\Foundation\\Http\\Middleware\\TransformsRequest->handle()
#32 C:\\Users\\Kuda Musoni\\Documents\\Code\\stokemotors-api\\vendor\\laravel\\framework\\src\\Illuminate\\Foundation\\Http\\Middleware\\TransformsRequest.php(21): Illuminate\\Pipeline\\Pipeline->Illuminate\\Pipeline\\{closure}()
#33 C:\\Users\\Kuda Musoni\\Documents\\Code\\stokemotors-api\\vendor\\laravel\\framework\\src\\Illuminate\\Pipeline\\Pipeline.php(171): Illuminate\\Foundation\\Http\\Middleware\\TransformsRequest->handle()
#34 C:\\Users\\Kuda Musoni\\Documents\\Code\\stokemotors-api\\vendor\\laravel\\framework\\src\\Illuminate\\Foundation\\Http\\Middleware\\ValidatePostSize.php(27): Illuminate\\Pipeline\\Pipeline->Illuminate\\Pipeline\\{closure}()
#35 C:\\Users\\Kuda Musoni\\Documents\\Code\\stokemotors-api\\vendor\\laravel\\framework\\src\\Illuminate\\Pipeline\\Pipeline.php(171): Illuminate\\Foundation\\Http\\Middleware\\ValidatePostSize->handle()
#36 C:\\Users\\Kuda Musoni\\Documents\\Code\\stokemotors-api\\vendor\\laravel\\framework\\src\\Illuminate\\Foundation\\Http\\Middleware\\CheckForMaintenanceMode.php(63): Illuminate\\Pipeline\\Pipeline->Illuminate\\Pipeline\\{closure}()
#37 C:\\Users\\Kuda Musoni\\Documents\\Code\\stokemotors-api\\vendor\\laravel\\framework\\src\\Illuminate\\Pipeline\\Pipeline.php(171): Illuminate\\Foundation\\Http\\Middleware\\CheckForMaintenanceMode->handle()
#38 C:\\Users\\Kuda Musoni\\Documents\\Code\\stokemotors-api\\vendor\\fideloper\\proxy\\src\\TrustProxies.php(57): Illuminate\\Pipeline\\Pipeline->Illuminate\\Pipeline\\{closure}()
#39 C:\\Users\\Kuda Musoni\\Documents\\Code\\stokemotors-api\\vendor\\laravel\\framework\\src\\Illuminate\\Pipeline\\Pipeline.php(171): Fideloper\\Proxy\\TrustProxies->handle()
#40 C:\\Users\\Kuda Musoni\\Documents\\Code\\stokemotors-api\\vendor\\laravel\\framework\\src\\Illuminate\\Pipeline\\Pipeline.php(105): Illuminate\\Pipeline\\Pipeline->Illuminate\\Pipeline\\{closure}()
#41 C:\\Users\\Kuda Musoni\\Documents\\Code\\stokemotors-api\\vendor\\laravel\\framework\\src\\Illuminate\\Foundation\\Http\\Kernel.php(145): Illuminate\\Pipeline\\Pipeline->then()
#42 C:\\Users\\Kuda Musoni\\Documents\\Code\\stokemotors-api\\vendor\\laravel\\framework\\src\\Illuminate\\Foundation\\Http\\Kernel.php(110): Illuminate\\Foundation\\Http\\Kernel->sendRequestThroughRouter()
#43 C:\\Users\\Kuda Musoni\\Documents\\Code\\stokemotors-api\\public\\index.php(55): Illuminate\\Foundation\\Http\\Kernel->handle()
#44 C:\\Users\\Kuda Musoni\\Documents\\Code\\stokemotors-api\\server.php(21): require_once('C:\\\\Users\\\\Kuda M...')
#45 {main}
"} 
[2020-03-04 10:47:16] local.ERROR: Class 'HTML' not found (View: C:\Users\Kuda Musoni\Documents\Code\stokemotors-api\resources\views\detail.blade.php) {"exception":"[object] (Facade\\Ignition\\Exceptions\\ViewException(code: 0): Class 'HTML' not found (View: C:\\Users\\Kuda Musoni\\Documents\\Code\\stokemotors-api\esources\\views\\detail.blade.php) at C:\\Users\\Kuda Musoni\\Documents\\Code\\stokemotors-api\esources\\views/detail.blade.php:7)
[stacktrace]
#0 C:\\Users\\Kuda Musoni\\Documents\\Code\\stokemotors-api\\vendor\\laravel\\framework\\src\\Illuminate\\View\\Engines\\PhpEngine.php(43): include()
#1 C:\\Users\\Kuda Musoni\\Documents\\Code\\stokemotors-api\\vendor\\laravel\\framework\\src\\Illuminate\\View\\Engines\\CompilerEngine.php(59): Illuminate\\View\\Engines\\PhpEngine->evaluatePath()
#2 C:\\Users\\Kuda Musoni\\Documents\\Code\\stokemotors-api\\vendor\\facade\\ignition\\src\\Views\\Engines\\CompilerEngine.php(36): Illuminate\\View\\Engines\\CompilerEngine->get()
#3 C:\\Users\\Kuda Musoni\\Documents\\Code\\stokemotors-api\\vendor\\laravel\\framework\\src\\Illuminate\\View\\View.php(143): Facade\\Ignition\\Views\\Engines\\CompilerEngine->get()
#4 C:\\Users\\Kuda Musoni\\Documents\\Code\\stokemotors-api\\vendor\\laravel\\framework\\src\\Illuminate\\View\\View.php(126): Illuminate\\View\\View->getContents()
#5 C:\\Users\\Kuda Musoni\\Documents\\Code\\stokemotors-api\\vendor\\laravel\\framework\\src\\Illuminate\\View\\View.php(91): Illuminate\\View\\View->renderContents()
#6 C:\\Users\\Kuda Musoni\\Documents\\Code\\stokemotors-api\\vendor\\laravel\\framework\\src\\Illuminate\\Http\\Response.php(42): Illuminate\\View\\View->render()
#7 C:\\Users\\Kuda Musoni\\Documents\\Code\\stokemotors-api\\vendor\\symfony\\http-foundation\\Response.php(202): Illuminate\\Http\\Response->setContent()
#8 C:\\Users\\Kuda Musoni\\Documents\\Code\\stokemotors-api\\vendor\\laravel\\framework\\src\\Illuminate\\Routing\\Router.php(749): Symfony\\Component\\HttpFoundation\\Response->__construct()
#9 C:\\Users\\Kuda Musoni\\Documents\\Code\\stokemotors-api\\vendor\\laravel\\framework\\src\\Illuminate\\Routing\\Router.php(721): Illuminate\\Routing\\Router::toResponse()
#10 C:\\Users\\Kuda Musoni\\Documents\\Code\\stokemotors-api\\vendor\\laravel\\framework\\src\\Illuminate\\Routing\\Router.php(681): Illuminate\\Routing\\Router->prepareResponse()
#11 C:\\Users\\Kuda Musoni\\Documents\\Code\\stokemotors-api\\vendor\\laravel\\framework\\src\\Illuminate\\Pipeline\\Pipeline.php(130): Illuminate\\Routing\\Router->Illuminate\\Routing\\{closure}()
#12 C:\\Users\\Kuda Musoni\\Documents\\Code\\stokemotors-api\\vendor\\laravel\\framework\\src\\Illuminate\\Routing\\Middleware\\SubstituteBindings.php(41): Illuminate\\Pipeline\\Pipeline->Illuminate\\Pipeline\\{closure}()
#13 C:\\Users\\Kuda Musoni\\Documents\\Code\\stokemotors-api\\vendor\\laravel\\framework\\src\\Illuminate\\Pipeline\\Pipeline.php(171): Illuminate\\Routing\\Middleware\\SubstituteBindings->handle()
#14 C:\\Users\\Kuda Musoni\\Documents\\Code\\stokemotors-api\\vendor\\laravel\\framework\\src\\Illuminate\\View\\Middleware\\ShareErrorsFromSession.php(49): Illuminate\\Pipeline\\Pipeline->Illuminate\\Pipeline\\{closure}()
#15 C:\\Users\\Kuda Musoni\\Documents\\Code\\stokemotors-api\\vendor\\laravel\\framework\\src\\Illuminate\\Pipeline\\Pipeline.php(171): Illuminate\\View\\Middleware\\ShareErrorsFromSession->handle()
#16 C:\\Users\\Kuda Musoni\\Documents\\Code\\stokemotors-api\\vendor\\laravel\\framework\\src\\Illuminate\\Session\\Middleware\\StartSession.php(56): Illuminate\\Pipeline\\Pipeline->Illuminate\\Pipeline\\{closure}()
#17 C:\\Users\\Kuda Musoni\\Documents\\Code\\stokemotors-api\\vendor\\laravel\\framework\\src\\Illuminate\\Pipeline\\Pipeline.php(171): Illuminate\\Session\\Middleware\\StartSession->handle()
#18 C:\\Users\\Kuda Musoni\\Documents\\Code\\stokemotors-api\\vendor\\laravel\\framework\\src\\Illuminate\\Cookie\\Middleware\\AddQueuedCookiesToResponse.php(37): Illuminate\\Pipeline\\Pipeline->Illuminate\\Pipeline\\{closure}()
#19 C:\\Users\\Kuda Musoni\\Documents\\Code\\stokemotors-api\\vendor\\laravel\\framework\\src\\Illuminate\\Pipeline\\Pipeline.php(171): Illuminate\\Cookie\\Middleware\\AddQueuedCookiesToResponse->handle()
#20 C:\\Users\\Kuda Musoni\\Documents\\Code\\stokemotors-api\\vendor\\laravel\\framework\\src\\Illuminate\\Cookie\\Middleware\\EncryptCookies.php(66): Illuminate\\Pipeline\\Pipeline->Illuminate\\Pipeline\\{closure}()
#21 C:\\Users\\Kuda Musoni\\Documents\\Code\\stokemotors-api\\vendor\\laravel\\framework\\src\\Illuminate\\Pipeline\\Pipeline.php(171): Illuminate\\Cookie\\Middleware\\EncryptCookies->handle()
#22 C:\\Users\\Kuda Musoni\\Documents\\Code\\stokemotors-api\\vendor\\laravel\\framework\\src\\Illuminate\\Pipeline\\Pipeline.php(105): Illuminate\\Pipeline\\Pipeline->Illuminate\\Pipeline\\{closure}()
#23 C:\\Users\\Kuda Musoni\\Documents\\Code\\stokemotors-api\\vendor\\laravel\\framework\\src\\Illuminate\\Routing\\Router.php(683): Illuminate\\Pipeline\\Pipeline->then()
#24 C:\\Users\\Kuda Musoni\\Documents\\Code\\stokemotors-api\\vendor\\laravel\\framework\\src\\Illuminate\\Routing\\Router.php(658): Illuminate\\Routing\\Router->runRouteWithinStack()
#25 C:\\Users\\Kuda Musoni\\Documents\\Code\\stokemotors-api\\vendor\\laravel\\framework\\src\\Illuminate\\Routing\\Router.php(624): Illuminate\\Routing\\Router->runRoute()
#26 C:\\Users\\Kuda Musoni\\Documents\\Code\\stokemotors-api\\vendor\\laravel\\framework\\src\\Illuminate\\Routing\\Router.php(613): Illuminate\\Routing\\Router->dispatchToRoute()
#27 C:\\Users\\Kuda Musoni\\Documents\\Code\\stokemotors-api\\vendor\\laravel\\framework\\src\\Illuminate\\Foundation\\Http\\Kernel.php(170): Illuminate\\Routing\\Router->dispatch()
#28 C:\\Users\\Kuda Musoni\\Documents\\Code\\stokemotors-api\\vendor\\laravel\\framework\\src\\Illuminate\\Pipeline\\Pipeline.php(130): Illuminate\\Foundation\\Http\\Kernel->Illuminate\\Foundation\\Http\\{closure}()
#29 C:\\Users\\Kuda Musoni\\Documents\\Code\\stokemotors-api\\vendor\\laravel\\framework\\src\\Illuminate\\Foundation\\Http\\Middleware\\TransformsRequest.php(21): Illuminate\\Pipeline\\Pipeline->Illuminate\\Pipeline\\{closure}()
#30 C:\\Users\\Kuda Musoni\\Documents\\Code\\stokemotors-api\\vendor\\laravel\\framework\\src\\Illuminate\\Pipeline\\Pipeline.php(171): Illuminate\\Foundation\\Http\\Middleware\\TransformsRequest->handle()
#31 C:\\Users\\Kuda Musoni\\Documents\\Code\\stokemotors-api\\vendor\\laravel\\framework\\src\\Illuminate\\Foundation\\Http\\Middleware\\TransformsRequest.php(21): Illuminate\\Pipeline\\Pipeline->Illuminate\\Pipeline\\{closure}()
#32 C:\\Users\\Kuda Musoni\\Documents\\Code\\stokemotors-api\\vendor\\laravel\\framework\\src\\Illuminate\\Pipeline\\Pipeline.php(171): Illuminate\\Foundation\\Http\\Middleware\\TransformsRequest->handle()
#33 C:\\Users\\Kuda Musoni\\Documents\\Code\\stokemotors-api\\vendor\\laravel\\framework\\src\\Illuminate\\Foundation\\Http\\Middleware\\ValidatePostSize.php(27): Illuminate\\Pipeline\\Pipeline->Illuminate\\Pipeline\\{closure}()
#34 C:\\Users\\Kuda Musoni\\Documents\\Code\\stokemotors-api\\vendor\\laravel\\framework\\src\\Illuminate\\Pipeline\\Pipeline.php(171): Illuminate\\Foundation\\Http\\Middleware\\ValidatePostSize->handle()
#35 C:\\Users\\Kuda Musoni\\Documents\\Code\\stokemotors-api\\vendor\\laravel\\framework\\src\\Illuminate\\Foundation\\Http\\Middleware\\CheckForMaintenanceMode.php(63): Illuminate\\Pipeline\\Pipeline->Illuminate\\Pipeline\\{closure}()
#36 C:\\Users\\Kuda Musoni\\Documents\\Code\\stokemotors-api\\vendor\\laravel\\framework\\src\\Illuminate\\Pipeline\\Pipeline.php(171): Illuminate\\Foundation\\Http\\Middleware\\CheckForMaintenanceMode->handle()
#37 C:\\Users\\Kuda Musoni\\Documents\\Code\\stokemotors-api\\vendor\\fideloper\\proxy\\src\\TrustProxies.php(57): Illuminate\\Pipeline\\Pipeline->Illuminate\\Pipeline\\{closure}()
#38 C:\\Users\\Kuda Musoni\\Documents\\Code\\stokemotors-api\\vendor\\laravel\\framework\\src\\Illuminate\\Pipeline\\Pipeline.php(171): Fideloper\\Proxy\\TrustProxies->handle()
#39 C:\\Users\\Kuda Musoni\\Documents\\Code\\stokemotors-api\\vendor\\laravel\\framework\\src\\Illuminate\\Pipeline\\Pipeline.php(105): Illuminate\\Pipeline\\Pipeline->Illuminate\\Pipeline\\{closure}()
#40 C:\\Users\\Kuda Musoni\\Documents\\Code\\stokemotors-api\\vendor\\laravel\\framework\\src\\Illuminate\\Foundation\\Http\\Kernel.php(145): Illuminate\\Pipeline\\Pipeline->then()
#41 C:\\Users\\Kuda Musoni\\Documents\\Code\\stokemotors-api\\vendor\\laravel\\framework\\src\\Illuminate\\Foundation\\Http\\Kernel.php(110): Illuminate\\Foundation\\Http\\Kernel->sendRequestThroughRouter()
#42 C:\\Users\\Kuda Musoni\\Documents\\Code\\stokemotors-api\\public\\index.php(55): Illuminate\\Foundation\\Http\\Kernel->handle()
#43 C:\\Users\\Kuda Musoni\\Documents\\Code\\stokemotors-api\\server.php(21): require_once('C:\\\\Users\\\\Kuda M...')
#44 {main}

[previous exception] [object] (Symfony\\Component\\Debug\\Exception\\FatalThrowableError(code: 0): Class 'HTML' not found at C:\\Users\\Kuda Musoni\\Documents\\Code\\stokemotors-api\\storage\\framework\\views\\0f53fc3bb02a483fe8156e8ba3b7a4f0e60d5334.php:7)
[stacktrace]
#0 C:\\Users\\Kuda Musoni\\Documents\\Code\\stokemotors-api\\vendor\\laravel\\framework\\src\\Illuminate\\View\\Engines\\PhpEngine.php(43): include()
#1 C:\\Users\\Kuda Musoni\\Documents\\Code\\stokemotors-api\\vendor\\laravel\\framework\\src\\Illuminate\\View\\Engines\\CompilerEngine.php(59): Illuminate\\View\\Engines\\PhpEngine->evaluatePath()
#2 C:\\Users\\Kuda Musoni\\Documents\\Code\\stokemotors-api\\vendor\\facade\\ignition\\src\\Views\\Engines\\CompilerEngine.php(36): Illuminate\\View\\Engines\\CompilerEngine->get()
#3 C:\\Users\\Kuda Musoni\\Documents\\Code\\stokemotors-api\\vendor\\laravel\\framework\\src\\Illuminate\\View\\View.php(143): Facade\\Ignition\\Views\\Engines\\CompilerEngine->get()
#4 C:\\Users\\Kuda Musoni\\Documents\\Code\\stokemotors-api\\vendor\\laravel\\framework\\src\\Illuminate\\View\\View.php(126): Illuminate\\View\\View->getContents()
#5 C:\\Users\\Kuda Musoni\\Documents\\Code\\stokemotors-api\\vendor\\laravel\\framework\\src\\Illuminate\\View\\View.php(91): Illuminate\\View\\View->renderContents()
#6 C:\\Users\\Kuda Musoni\\Documents\\Code\\stokemotors-api\\vendor\\laravel\\framework\\src\\Illuminate\\Http\\Response.php(42): Illuminate\\View\\View->render()
#7 C:\\Users\\Kuda Musoni\\Documents\\Code\\stokemotors-api\\vendor\\symfony\\http-foundation\\Response.php(202): Illuminate\\Http\\Response->setContent()
#8 C:\\Users\\Kuda Musoni\\Documents\\Code\\stokemotors-api\\vendor\\laravel\\framework\\src\\Illuminate\\Routing\\Router.php(749): Symfony\\Component\\HttpFoundation\\Response->__construct()
#9 C:\\Users\\Kuda Musoni\\Documents\\Code\\stokemotors-api\\vendor\\laravel\\framework\\src\\Illuminate\\Routing\\Router.php(721): Illuminate\\Routing\\Router::toResponse()
#10 C:\\Users\\Kuda Musoni\\Documents\\Code\\stokemotors-api\\vendor\\laravel\\framework\\src\\Illuminate\\Routing\\Router.php(681): Illuminate\\Routing\\Router->prepareResponse()
#11 C:\\Users\\Kuda Musoni\\Documents\\Code\\stokemotors-api\\vendor\\laravel\\framework\\src\\Illuminate\\Pipeline\\Pipeline.php(130): Illuminate\\Routing\\Router->Illuminate\\Routing\\{closure}()
#12 C:\\Users\\Kuda Musoni\\Documents\\Code\\stokemotors-api\\vendor\\laravel\\framework\\src\\Illuminate\\Routing\\Middleware\\SubstituteBindings.php(41): Illuminate\\Pipeline\\Pipeline->Illuminate\\Pipeline\\{closure}()
#13 C:\\Users\\Kuda Musoni\\Documents\\Code\\stokemotors-api\\vendor\\laravel\\framework\\src\\Illuminate\\Pipeline\\Pipeline.php(171): Illuminate\\Routing\\Middleware\\SubstituteBindings->handle()
#14 C:\\Users\\Kuda Musoni\\Documents\\Code\\stokemotors-api\\vendor\\laravel\\framework\\src\\Illuminate\\View\\Middleware\\ShareErrorsFromSession.php(49): Illuminate\\Pipeline\\Pipeline->Illuminate\\Pipeline\\{closure}()
#15 C:\\Users\\Kuda Musoni\\Documents\\Code\\stokemotors-api\\vendor\\laravel\\framework\\src\\Illuminate\\Pipeline\\Pipeline.php(171): Illuminate\\View\\Middleware\\ShareErrorsFromSession->handle()
#16 C:\\Users\\Kuda Musoni\\Documents\\Code\\stokemotors-api\\vendor\\laravel\\framework\\src\\Illuminate\\Session\\Middleware\\StartSession.php(56): Illuminate\\Pipeline\\Pipeline->Illuminate\\Pipeline\\{closure}()
#17 C:\\Users\\Kuda Musoni\\Documents\\Code\\stokemotors-api\\vendor\\laravel\\framework\\src\\Illuminate\\Pipeline\\Pipeline.php(171): Illuminate\\Session\\Middleware\\StartSession->handle()
#18 C:\\Users\\Kuda Musoni\\Documents\\Code\\stokemotors-api\\vendor\\laravel\\framework\\src\\Illuminate\\Cookie\\Middleware\\AddQueuedCookiesToResponse.php(37): Illuminate\\Pipeline\\Pipeline->Illuminate\\Pipeline\\{closure}()
#19 C:\\Users\\Kuda Musoni\\Documents\\Code\\stokemotors-api\\vendor\\laravel\\framework\\src\\Illuminate\\Pipeline\\Pipeline.php(171): Illuminate\\Cookie\\Middleware\\AddQueuedCookiesToResponse->handle()
#20 C:\\Users\\Kuda Musoni\\Documents\\Code\\stokemotors-api\\vendor\\laravel\\framework\\src\\Illuminate\\Cookie\\Middleware\\EncryptCookies.php(66): Illuminate\\Pipeline\\Pipeline->Illuminate\\Pipeline\\{closure}()
#21 C:\\Users\\Kuda Musoni\\Documents\\Code\\stokemotors-api\\vendor\\laravel\\framework\\src\\Illuminate\\Pipeline\\Pipeline.php(171): Illuminate\\Cookie\\Middleware\\EncryptCookies->handle()
#22 C:\\Users\\Kuda Musoni\\Documents\\Code\\stokemotors-api\\vendor\\laravel\\framework\\src\\Illuminate\\Pipeline\\Pipeline.php(105): Illuminate\\Pipeline\\Pipeline->Illuminate\\Pipeline\\{closure}()
#23 C:\\Users\\Kuda Musoni\\Documents\\Code\\stokemotors-api\\vendor\\laravel\\framework\\src\\Illuminate\\Routing\\Router.php(683): Illuminate\\Pipeline\\Pipeline->then()
#24 C:\\Users\\Kuda Musoni\\Documents\\Code\\stokemotors-api\\vendor\\laravel\\framework\\src\\Illuminate\\Routing\\Router.php(658): Illuminate\\Routing\\Router->runRouteWithinStack()
#25 C:\\Users\\Kuda Musoni\\Documents\\Code\\stokemotors-api\\vendor\\laravel\\framework\\src\\Illuminate\\Routing\\Router.php(624): Illuminate\\Routing\\Router->runRoute()
#26 C:\\Users\\Kuda Musoni\\Documents\\Code\\stokemotors-api\\vendor\\laravel\\framework\\src\\Illuminate\\Routing\\Router.php(613): Illuminate\\Routing\\Router->dispatchToRoute()
#27 C:\\Users\\Kuda Musoni\\Documents\\Code\\stokemotors-api\\vendor\\laravel\\framework\\src\\Illuminate\\Foundation\\Http\\Kernel.php(170): Illuminate\\Routing\\Router->dispatch()
#28 C:\\Users\\Kuda Musoni\\Documents\\Code\\stokemotors-api\\vendor\\laravel\\framework\\src\\Illuminate\\Pipeline\\Pipeline.php(130): Illuminate\\Foundation\\Http\\Kernel->Illuminate\\Foundation\\Http\\{closure}()
#29 C:\\Users\\Kuda Musoni\\Documents\\Code\\stokemotors-api\\vendor\\laravel\\framework\\src\\Illuminate\\Foundation\\Http\\Middleware\\TransformsRequest.php(21): Illuminate\\Pipeline\\Pipeline->Illuminate\\Pipeline\\{closure}()
#30 C:\\Users\\Kuda Musoni\\Documents\\Code\\stokemotors-api\\vendor\\laravel\\framework\\src\\Illuminate\\Pipeline\\Pipeline.php(171): Illuminate\\Foundation\\Http\\Middleware\\TransformsRequest->handle()
#31 C:\\Users\\Kuda Musoni\\Documents\\Code\\stokemotors-api\\vendor\\laravel\\framework\\src\\Illuminate\\Foundation\\Http\\Middleware\\TransformsRequest.php(21): Illuminate\\Pipeline\\Pipeline->Illuminate\\Pipeline\\{closure}()
#32 C:\\Users\\Kuda Musoni\\Documents\\Code\\stokemotors-api\\vendor\\laravel\\framework\\src\\Illuminate\\Pipeline\\Pipeline.php(171): Illuminate\\Foundation\\Http\\Middleware\\TransformsRequest->handle()
#33 C:\\Users\\Kuda Musoni\\Documents\\Code\\stokemotors-api\\vendor\\laravel\\framework\\src\\Illuminate\\Foundation\\Http\\Middleware\\ValidatePostSize.php(27): Illuminate\\Pipeline\\Pipeline->Illuminate\\Pipeline\\{closure}()
#34 C:\\Users\\Kuda Musoni\\Documents\\Code\\stokemotors-api\\vendor\\laravel\\framework\\src\\Illuminate\\Pipeline\\Pipeline.php(171): Illuminate\\Foundation\\Http\\Middleware\\ValidatePostSize->handle()
#35 C:\\Users\\Kuda Musoni\\Documents\\Code\\stokemotors-api\\vendor\\laravel\\framework\\src\\Illuminate\\Foundation\\Http\\Middleware\\CheckForMaintenanceMode.php(63): Illuminate\\Pipeline\\Pipeline->Illuminate\\Pipeline\\{closure}()
#36 C:\\Users\\Kuda Musoni\\Documents\\Code\\stokemotors-api\\vendor\\laravel\\framework\\src\\Illuminate\\Pipeline\\Pipeline.php(171): Illuminate\\Foundation\\Http\\Middleware\\CheckForMaintenanceMode->handle()
#37 C:\\Users\\Kuda Musoni\\Documents\\Code\\stokemotors-api\\vendor\\fideloper\\proxy\\src\\TrustProxies.php(57): Illuminate\\Pipeline\\Pipeline->Illuminate\\Pipeline\\{closure}()
#38 C:\\Users\\Kuda Musoni\\Documents\\Code\\stokemotors-api\\vendor\\laravel\\framework\\src\\Illuminate\\Pipeline\\Pipeline.php(171): Fideloper\\Proxy\\TrustProxies->handle()
#39 C:\\Users\\Kuda Musoni\\Documents\\Code\\stokemotors-api\\vendor\\laravel\\framework\\src\\Illuminate\\Pipeline\\Pipeline.php(105): Illuminate\\Pipeline\\Pipeline->Illuminate\\Pipeline\\{closure}()
#40 C:\\Users\\Kuda Musoni\\Documents\\Code\\stokemotors-api\\vendor\\laravel\\framework\\src\\Illuminate\\Foundation\\Http\\Kernel.php(145): Illuminate\\Pipeline\\Pipeline->then()
#41 C:\\Users\\Kuda Musoni\\Documents\\Code\\stokemotors-api\\vendor\\laravel\\framework\\src\\Illuminate\\Foundation\\Http\\Kernel.php(110): Illuminate\\Foundation\\Http\\Kernel->sendRequestThroughRouter()
#42 C:\\Users\\Kuda Musoni\\Documents\\Code\\stokemotors-api\\public\\index.php(55): Illuminate\\Foundation\\Http\\Kernel->handle()
#43 C:\\Users\\Kuda Musoni\\Documents\\Code\\stokemotors-api\\server.php(21): require_once('C:\\\\Users\\\\Kuda M...')
#44 {main}
"} 
[2020-03-04 10:51:33] local.ERROR: Class 'HTML' not found (View: C:\Users\Kuda Musoni\Documents\Code\stokemotors-api\resources\views\detail.blade.php) {"exception":"[object] (Facade\\Ignition\\Exceptions\\ViewException(code: 0): Class 'HTML' not found (View: C:\\Users\\Kuda Musoni\\Documents\\Code\\stokemotors-api\esources\\views\\detail.blade.php) at C:\\Users\\Kuda Musoni\\Documents\\Code\\stokemotors-api\esources\\views/detail.blade.php:7)
[stacktrace]
#0 C:\\Users\\Kuda Musoni\\Documents\\Code\\stokemotors-api\\vendor\\laravel\\framework\\src\\Illuminate\\View\\Engines\\PhpEngine.php(43): include()
#1 C:\\Users\\Kuda Musoni\\Documents\\Code\\stokemotors-api\\vendor\\laravel\\framework\\src\\Illuminate\\View\\Engines\\CompilerEngine.php(59): Illuminate\\View\\Engines\\PhpEngine->evaluatePath()
#2 C:\\Users\\Kuda Musoni\\Documents\\Code\\stokemotors-api\\vendor\\facade\\ignition\\src\\Views\\Engines\\CompilerEngine.php(36): Illuminate\\View\\Engines\\CompilerEngine->get()
#3 C:\\Users\\Kuda Musoni\\Documents\\Code\\stokemotors-api\\vendor\\laravel\\framework\\src\\Illuminate\\View\\View.php(143): Facade\\Ignition\\Views\\Engines\\CompilerEngine->get()
#4 C:\\Users\\Kuda Musoni\\Documents\\Code\\stokemotors-api\\vendor\\laravel\\framework\\src\\Illuminate\\View\\View.php(126): Illuminate\\View\\View->getContents()
#5 C:\\Users\\Kuda Musoni\\Documents\\Code\\stokemotors-api\\vendor\\laravel\\framework\\src\\Illuminate\\View\\View.php(91): Illuminate\\View\\View->renderContents()
#6 C:\\Users\\Kuda Musoni\\Documents\\Code\\stokemotors-api\\vendor\\laravel\\framework\\src\\Illuminate\\Http\\Response.php(42): Illuminate\\View\\View->render()
#7 C:\\Users\\Kuda Musoni\\Documents\\Code\\stokemotors-api\\vendor\\symfony\\http-foundation\\Response.php(202): Illuminate\\Http\\Response->setContent()
#8 C:\\Users\\Kuda Musoni\\Documents\\Code\\stokemotors-api\\vendor\\laravel\\framework\\src\\Illuminate\\Routing\\Router.php(749): Symfony\\Component\\HttpFoundation\\Response->__construct()
#9 C:\\Users\\Kuda Musoni\\Documents\\Code\\stokemotors-api\\vendor\\laravel\\framework\\src\\Illuminate\\Routing\\Router.php(721): Illuminate\\Routing\\Router::toResponse()
#10 C:\\Users\\Kuda Musoni\\Documents\\Code\\stokemotors-api\\vendor\\laravel\\framework\\src\\Illuminate\\Routing\\Router.php(681): Illuminate\\Routing\\Router->prepareResponse()
#11 C:\\Users\\Kuda Musoni\\Documents\\Code\\stokemotors-api\\vendor\\laravel\\framework\\src\\Illuminate\\Pipeline\\Pipeline.php(130): Illuminate\\Routing\\Router->Illuminate\\Routing\\{closure}()
#12 C:\\Users\\Kuda Musoni\\Documents\\Code\\stokemotors-api\\vendor\\laravel\\framework\\src\\Illuminate\\Routing\\Middleware\\SubstituteBindings.php(41): Illuminate\\Pipeline\\Pipeline->Illuminate\\Pipeline\\{closure}()
#13 C:\\Users\\Kuda Musoni\\Documents\\Code\\stokemotors-api\\vendor\\laravel\\framework\\src\\Illuminate\\Pipeline\\Pipeline.php(171): Illuminate\\Routing\\Middleware\\SubstituteBindings->handle()
#14 C:\\Users\\Kuda Musoni\\Documents\\Code\\stokemotors-api\\vendor\\laravel\\framework\\src\\Illuminate\\View\\Middleware\\ShareErrorsFromSession.php(49): Illuminate\\Pipeline\\Pipeline->Illuminate\\Pipeline\\{closure}()
#15 C:\\Users\\Kuda Musoni\\Documents\\Code\\stokemotors-api\\vendor\\laravel\\framework\\src\\Illuminate\\Pipeline\\Pipeline.php(171): Illuminate\\View\\Middleware\\ShareErrorsFromSession->handle()
#16 C:\\Users\\Kuda Musoni\\Documents\\Code\\stokemotors-api\\vendor\\laravel\\framework\\src\\Illuminate\\Session\\Middleware\\StartSession.php(56): Illuminate\\Pipeline\\Pipeline->Illuminate\\Pipeline\\{closure}()
#17 C:\\Users\\Kuda Musoni\\Documents\\Code\\stokemotors-api\\vendor\\laravel\\framework\\src\\Illuminate\\Pipeline\\Pipeline.php(171): Illuminate\\Session\\Middleware\\StartSession->handle()
#18 C:\\Users\\Kuda Musoni\\Documents\\Code\\stokemotors-api\\vendor\\laravel\\framework\\src\\Illuminate\\Cookie\\Middleware\\AddQueuedCookiesToResponse.php(37): Illuminate\\Pipeline\\Pipeline->Illuminate\\Pipeline\\{closure}()
#19 C:\\Users\\Kuda Musoni\\Documents\\Code\\stokemotors-api\\vendor\\laravel\\framework\\src\\Illuminate\\Pipeline\\Pipeline.php(171): Illuminate\\Cookie\\Middleware\\AddQueuedCookiesToResponse->handle()
#20 C:\\Users\\Kuda Musoni\\Documents\\Code\\stokemotors-api\\vendor\\laravel\\framework\\src\\Illuminate\\Cookie\\Middleware\\EncryptCookies.php(66): Illuminate\\Pipeline\\Pipeline->Illuminate\\Pipeline\\{closure}()
#21 C:\\Users\\Kuda Musoni\\Documents\\Code\\stokemotors-api\\vendor\\laravel\\framework\\src\\Illuminate\\Pipeline\\Pipeline.php(171): Illuminate\\Cookie\\Middleware\\EncryptCookies->handle()
#22 C:\\Users\\Kuda Musoni\\Documents\\Code\\stokemotors-api\\vendor\\laravel\\framework\\src\\Illuminate\\Pipeline\\Pipeline.php(105): Illuminate\\Pipeline\\Pipeline->Illuminate\\Pipeline\\{closure}()
#23 C:\\Users\\Kuda Musoni\\Documents\\Code\\stokemotors-api\\vendor\\laravel\\framework\\src\\Illuminate\\Routing\\Router.php(683): Illuminate\\Pipeline\\Pipeline->then()
#24 C:\\Users\\Kuda Musoni\\Documents\\Code\\stokemotors-api\\vendor\\laravel\\framework\\src\\Illuminate\\Routing\\Router.php(658): Illuminate\\Routing\\Router->runRouteWithinStack()
#25 C:\\Users\\Kuda Musoni\\Documents\\Code\\stokemotors-api\\vendor\\laravel\\framework\\src\\Illuminate\\Routing\\Router.php(624): Illuminate\\Routing\\Router->runRoute()
#26 C:\\Users\\Kuda Musoni\\Documents\\Code\\stokemotors-api\\vendor\\laravel\\framework\\src\\Illuminate\\Routing\\Router.php(613): Illuminate\\Routing\\Router->dispatchToRoute()
#27 C:\\Users\\Kuda Musoni\\Documents\\Code\\stokemotors-api\\vendor\\laravel\\framework\\src\\Illuminate\\Foundation\\Http\\Kernel.php(170): Illuminate\\Routing\\Router->dispatch()
#28 C:\\Users\\Kuda Musoni\\Documents\\Code\\stokemotors-api\\vendor\\laravel\\framework\\src\\Illuminate\\Pipeline\\Pipeline.php(130): Illuminate\\Foundation\\Http\\Kernel->Illuminate\\Foundation\\Http\\{closure}()
#29 C:\\Users\\Kuda Musoni\\Documents\\Code\\stokemotors-api\\vendor\\laravel\\framework\\src\\Illuminate\\Foundation\\Http\\Middleware\\TransformsRequest.php(21): Illuminate\\Pipeline\\Pipeline->Illuminate\\Pipeline\\{closure}()
#30 C:\\Users\\Kuda Musoni\\Documents\\Code\\stokemotors-api\\vendor\\laravel\\framework\\src\\Illuminate\\Pipeline\\Pipeline.php(171): Illuminate\\Foundation\\Http\\Middleware\\TransformsRequest->handle()
#31 C:\\Users\\Kuda Musoni\\Documents\\Code\\stokemotors-api\\vendor\\laravel\\framework\\src\\Illuminate\\Foundation\\Http\\Middleware\\TransformsRequest.php(21): Illuminate\\Pipeline\\Pipeline->Illuminate\\Pipeline\\{closure}()
#32 C:\\Users\\Kuda Musoni\\Documents\\Code\\stokemotors-api\\vendor\\laravel\\framework\\src\\Illuminate\\Pipeline\\Pipeline.php(171): Illuminate\\Foundation\\Http\\Middleware\\TransformsRequest->handle()
#33 C:\\Users\\Kuda Musoni\\Documents\\Code\\stokemotors-api\\vendor\\laravel\\framework\\src\\Illuminate\\Foundation\\Http\\Middleware\\ValidatePostSize.php(27): Illuminate\\Pipeline\\Pipeline->Illuminate\\Pipeline\\{closure}()
#34 C:\\Users\\Kuda Musoni\\Documents\\Code\\stokemotors-api\\vendor\\laravel\\framework\\src\\Illuminate\\Pipeline\\Pipeline.php(171): Illuminate\\Foundation\\Http\\Middleware\\ValidatePostSize->handle()
#35 C:\\Users\\Kuda Musoni\\Documents\\Code\\stokemotors-api\\vendor\\laravel\\framework\\src\\Illuminate\\Foundation\\Http\\Middleware\\CheckForMaintenanceMode.php(63): Illuminate\\Pipeline\\Pipeline->Illuminate\\Pipeline\\{closure}()
#36 C:\\Users\\Kuda Musoni\\Documents\\Code\\stokemotors-api\\vendor\\laravel\\framework\\src\\Illuminate\\Pipeline\\Pipeline.php(171): Illuminate\\Foundation\\Http\\Middleware\\CheckForMaintenanceMode->handle()
#37 C:\\Users\\Kuda Musoni\\Documents\\Code\\stokemotors-api\\vendor\\fideloper\\proxy\\src\\TrustProxies.php(57): Illuminate\\Pipeline\\Pipeline->Illuminate\\Pipeline\\{closure}()
#38 C:\\Users\\Kuda Musoni\\Documents\\Code\\stokemotors-api\\vendor\\laravel\\framework\\src\\Illuminate\\Pipeline\\Pipeline.php(171): Fideloper\\Proxy\\TrustProxies->handle()
#39 C:\\Users\\Kuda Musoni\\Documents\\Code\\stokemotors-api\\vendor\\laravel\\framework\\src\\Illuminate\\Pipeline\\Pipeline.php(105): Illuminate\\Pipeline\\Pipeline->Illuminate\\Pipeline\\{closure}()
#40 C:\\Users\\Kuda Musoni\\Documents\\Code\\stokemotors-api\\vendor\\laravel\\framework\\src\\Illuminate\\Foundation\\Http\\Kernel.php(145): Illuminate\\Pipeline\\Pipeline->then()
#41 C:\\Users\\Kuda Musoni\\Documents\\Code\\stokemotors-api\\vendor\\laravel\\framework\\src\\Illuminate\\Foundation\\Http\\Kernel.php(110): Illuminate\\Foundation\\Http\\Kernel->sendRequestThroughRouter()
#42 C:\\Users\\Kuda Musoni\\Documents\\Code\\stokemotors-api\\public\\index.php(55): Illuminate\\Foundation\\Http\\Kernel->handle()
#43 C:\\Users\\Kuda Musoni\\Documents\\Code\\stokemotors-api\\server.php(21): require_once('C:\\\\Users\\\\Kuda M...')
#44 {main}

[previous exception] [object] (Symfony\\Component\\Debug\\Exception\\FatalThrowableError(code: 0): Class 'HTML' not found at C:\\Users\\Kuda Musoni\\Documents\\Code\\stokemotors-api\\storage\\framework\\views\\0f53fc3bb02a483fe8156e8ba3b7a4f0e60d5334.php:7)
[stacktrace]
#0 C:\\Users\\Kuda Musoni\\Documents\\Code\\stokemotors-api\\vendor\\laravel\\framework\\src\\Illuminate\\View\\Engines\\PhpEngine.php(43): include()
#1 C:\\Users\\Kuda Musoni\\Documents\\Code\\stokemotors-api\\vendor\\laravel\\framework\\src\\Illuminate\\View\\Engines\\CompilerEngine.php(59): Illuminate\\View\\Engines\\PhpEngine->evaluatePath()
#2 C:\\Users\\Kuda Musoni\\Documents\\Code\\stokemotors-api\\vendor\\facade\\ignition\\src\\Views\\Engines\\CompilerEngine.php(36): Illuminate\\View\\Engines\\CompilerEngine->get()
#3 C:\\Users\\Kuda Musoni\\Documents\\Code\\stokemotors-api\\vendor\\laravel\\framework\\src\\Illuminate\\View\\View.php(143): Facade\\Ignition\\Views\\Engines\\CompilerEngine->get()
#4 C:\\Users\\Kuda Musoni\\Documents\\Code\\stokemotors-api\\vendor\\laravel\\framework\\src\\Illuminate\\View\\View.php(126): Illuminate\\View\\View->getContents()
#5 C:\\Users\\Kuda Musoni\\Documents\\Code\\stokemotors-api\\vendor\\laravel\\framework\\src\\Illuminate\\View\\View.php(91): Illuminate\\View\\View->renderContents()
#6 C:\\Users\\Kuda Musoni\\Documents\\Code\\stokemotors-api\\vendor\\laravel\\framework\\src\\Illuminate\\Http\\Response.php(42): Illuminate\\View\\View->render()
#7 C:\\Users\\Kuda Musoni\\Documents\\Code\\stokemotors-api\\vendor\\symfony\\http-foundation\\Response.php(202): Illuminate\\Http\\Response->setContent()
#8 C:\\Users\\Kuda Musoni\\Documents\\Code\\stokemotors-api\\vendor\\laravel\\framework\\src\\Illuminate\\Routing\\Router.php(749): Symfony\\Component\\HttpFoundation\\Response->__construct()
#9 C:\\Users\\Kuda Musoni\\Documents\\Code\\stokemotors-api\\vendor\\laravel\\framework\\src\\Illuminate\\Routing\\Router.php(721): Illuminate\\Routing\\Router::toResponse()
#10 C:\\Users\\Kuda Musoni\\Documents\\Code\\stokemotors-api\\vendor\\laravel\\framework\\src\\Illuminate\\Routing\\Router.php(681): Illuminate\\Routing\\Router->prepareResponse()
#11 C:\\Users\\Kuda Musoni\\Documents\\Code\\stokemotors-api\\vendor\\laravel\\framework\\src\\Illuminate\\Pipeline\\Pipeline.php(130): Illuminate\\Routing\\Router->Illuminate\\Routing\\{closure}()
#12 C:\\Users\\Kuda Musoni\\Documents\\Code\\stokemotors-api\\vendor\\laravel\\framework\\src\\Illuminate\\Routing\\Middleware\\SubstituteBindings.php(41): Illuminate\\Pipeline\\Pipeline->Illuminate\\Pipeline\\{closure}()
#13 C:\\Users\\Kuda Musoni\\Documents\\Code\\stokemotors-api\\vendor\\laravel\\framework\\src\\Illuminate\\Pipeline\\Pipeline.php(171): Illuminate\\Routing\\Middleware\\SubstituteBindings->handle()
#14 C:\\Users\\Kuda Musoni\\Documents\\Code\\stokemotors-api\\vendor\\laravel\\framework\\src\\Illuminate\\View\\Middleware\\ShareErrorsFromSession.php(49): Illuminate\\Pipeline\\Pipeline->Illuminate\\Pipeline\\{closure}()
#15 C:\\Users\\Kuda Musoni\\Documents\\Code\\stokemotors-api\\vendor\\laravel\\framework\\src\\Illuminate\\Pipeline\\Pipeline.php(171): Illuminate\\View\\Middleware\\ShareErrorsFromSession->handle()
#16 C:\\Users\\Kuda Musoni\\Documents\\Code\\stokemotors-api\\vendor\\laravel\\framework\\src\\Illuminate\\Session\\Middleware\\StartSession.php(56): Illuminate\\Pipeline\\Pipeline->Illuminate\\Pipeline\\{closure}()
#17 C:\\Users\\Kuda Musoni\\Documents\\Code\\stokemotors-api\\vendor\\laravel\\framework\\src\\Illuminate\\Pipeline\\Pipeline.php(171): Illuminate\\Session\\Middleware\\StartSession->handle()
#18 C:\\Users\\Kuda Musoni\\Documents\\Code\\stokemotors-api\\vendor\\laravel\\framework\\src\\Illuminate\\Cookie\\Middleware\\AddQueuedCookiesToResponse.php(37): Illuminate\\Pipeline\\Pipeline->Illuminate\\Pipeline\\{closure}()
#19 C:\\Users\\Kuda Musoni\\Documents\\Code\\stokemotors-api\\vendor\\laravel\\framework\\src\\Illuminate\\Pipeline\\Pipeline.php(171): Illuminate\\Cookie\\Middleware\\AddQueuedCookiesToResponse->handle()
#20 C:\\Users\\Kuda Musoni\\Documents\\Code\\stokemotors-api\\vendor\\laravel\\framework\\src\\Illuminate\\Cookie\\Middleware\\EncryptCookies.php(66): Illuminate\\Pipeline\\Pipeline->Illuminate\\Pipeline\\{closure}()
#21 C:\\Users\\Kuda Musoni\\Documents\\Code\\stokemotors-api\\vendor\\laravel\\framework\\src\\Illuminate\\Pipeline\\Pipeline.php(171): Illuminate\\Cookie\\Middleware\\EncryptCookies->handle()
#22 C:\\Users\\Kuda Musoni\\Documents\\Code\\stokemotors-api\\vendor\\laravel\\framework\\src\\Illuminate\\Pipeline\\Pipeline.php(105): Illuminate\\Pipeline\\Pipeline->Illuminate\\Pipeline\\{closure}()
#23 C:\\Users\\Kuda Musoni\\Documents\\Code\\stokemotors-api\\vendor\\laravel\\framework\\src\\Illuminate\\Routing\\Router.php(683): Illuminate\\Pipeline\\Pipeline->then()
#24 C:\\Users\\Kuda Musoni\\Documents\\Code\\stokemotors-api\\vendor\\laravel\\framework\\src\\Illuminate\\Routing\\Router.php(658): Illuminate\\Routing\\Router->runRouteWithinStack()
#25 C:\\Users\\Kuda Musoni\\Documents\\Code\\stokemotors-api\\vendor\\laravel\\framework\\src\\Illuminate\\Routing\\Router.php(624): Illuminate\\Routing\\Router->runRoute()
#26 C:\\Users\\Kuda Musoni\\Documents\\Code\\stokemotors-api\\vendor\\laravel\\framework\\src\\Illuminate\\Routing\\Router.php(613): Illuminate\\Routing\\Router->dispatchToRoute()
#27 C:\\Users\\Kuda Musoni\\Documents\\Code\\stokemotors-api\\vendor\\laravel\\framework\\src\\Illuminate\\Foundation\\Http\\Kernel.php(170): Illuminate\\Routing\\Router->dispatch()
#28 C:\\Users\\Kuda Musoni\\Documents\\Code\\stokemotors-api\\vendor\\laravel\\framework\\src\\Illuminate\\Pipeline\\Pipeline.php(130): Illuminate\\Foundation\\Http\\Kernel->Illuminate\\Foundation\\Http\\{closure}()
#29 C:\\Users\\Kuda Musoni\\Documents\\Code\\stokemotors-api\\vendor\\laravel\\framework\\src\\Illuminate\\Foundation\\Http\\Middleware\\TransformsRequest.php(21): Illuminate\\Pipeline\\Pipeline->Illuminate\\Pipeline\\{closure}()
#30 C:\\Users\\Kuda Musoni\\Documents\\Code\\stokemotors-api\\vendor\\laravel\\framework\\src\\Illuminate\\Pipeline\\Pipeline.php(171): Illuminate\\Foundation\\Http\\Middleware\\TransformsRequest->handle()
#31 C:\\Users\\Kuda Musoni\\Documents\\Code\\stokemotors-api\\vendor\\laravel\\framework\\src\\Illuminate\\Foundation\\Http\\Middleware\\TransformsRequest.php(21): Illuminate\\Pipeline\\Pipeline->Illuminate\\Pipeline\\{closure}()
#32 C:\\Users\\Kuda Musoni\\Documents\\Code\\stokemotors-api\\vendor\\laravel\\framework\\src\\Illuminate\\Pipeline\\Pipeline.php(171): Illuminate\\Foundation\\Http\\Middleware\\TransformsRequest->handle()
#33 C:\\Users\\Kuda Musoni\\Documents\\Code\\stokemotors-api\\vendor\\laravel\\framework\\src\\Illuminate\\Foundation\\Http\\Middleware\\ValidatePostSize.php(27): Illuminate\\Pipeline\\Pipeline->Illuminate\\Pipeline\\{closure}()
#34 C:\\Users\\Kuda Musoni\\Documents\\Code\\stokemotors-api\\vendor\\laravel\\framework\\src\\Illuminate\\Pipeline\\Pipeline.php(171): Illuminate\\Foundation\\Http\\Middleware\\ValidatePostSize->handle()
#35 C:\\Users\\Kuda Musoni\\Documents\\Code\\stokemotors-api\\vendor\\laravel\\framework\\src\\Illuminate\\Foundation\\Http\\Middleware\\CheckForMaintenanceMode.php(63): Illuminate\\Pipeline\\Pipeline->Illuminate\\Pipeline\\{closure}()
#36 C:\\Users\\Kuda Musoni\\Documents\\Code\\stokemotors-api\\vendor\\laravel\\framework\\src\\Illuminate\\Pipeline\\Pipeline.php(171): Illuminate\\Foundation\\Http\\Middleware\\CheckForMaintenanceMode->handle()
#37 C:\\Users\\Kuda Musoni\\Documents\\Code\\stokemotors-api\\vendor\\fideloper\\proxy\\src\\TrustProxies.php(57): Illuminate\\Pipeline\\Pipeline->Illuminate\\Pipeline\\{closure}()
#38 C:\\Users\\Kuda Musoni\\Documents\\Code\\stokemotors-api\\vendor\\laravel\\framework\\src\\Illuminate\\Pipeline\\Pipeline.php(171): Fideloper\\Proxy\\TrustProxies->handle()
#39 C:\\Users\\Kuda Musoni\\Documents\\Code\\stokemotors-api\\vendor\\laravel\\framework\\src\\Illuminate\\Pipeline\\Pipeline.php(105): Illuminate\\Pipeline\\Pipeline->Illuminate\\Pipeline\\{closure}()
#40 C:\\Users\\Kuda Musoni\\Documents\\Code\\stokemotors-api\\vendor\\laravel\\framework\\src\\Illuminate\\Foundation\\Http\\Kernel.php(145): Illuminate\\Pipeline\\Pipeline->then()
#41 C:\\Users\\Kuda Musoni\\Documents\\Code\\stokemotors-api\\vendor\\laravel\\framework\\src\\Illuminate\\Foundation\\Http\\Kernel.php(110): Illuminate\\Foundation\\Http\\Kernel->sendRequestThroughRouter()
#42 C:\\Users\\Kuda Musoni\\Documents\\Code\\stokemotors-api\\public\\index.php(55): Illuminate\\Foundation\\Http\\Kernel->handle()
#43 C:\\Users\\Kuda Musoni\\Documents\\Code\\stokemotors-api\\server.php(21): require_once('C:\\\\Users\\\\Kuda M...')
#44 {main}
"} 
