[2020-02-28 14:02:34] local.ERROR: The "-o" option does not exist. {"exception":"[object] (Symfony\\Component\\Console\\Exception\\RuntimeException(code: 0): The \"-o\" option does not exist. at C:\\Users\\Kuda Musoni\\Documents\\Code\\stokemotors-api\\vendor\\symfony\\console\\Input\\ArgvInput.php:189)
[stacktrace]
#0 C:\\Users\\Kuda Musoni\\Documents\\Code\\stokemotors-api\\vendor\\symfony\\console\\Input\\ArgvInput.php(105): Symfony\\Component\\Console\\Input\\ArgvInput->addShortOption()
#1 C:\\Users\\Kuda Musoni\\Documents\\Code\\stokemotors-api\\vendor\\symfony\\console\\Input\\ArgvInput.php(83): Symfony\\Component\\Console\\Input\\ArgvInput->parseShortOption()
#2 C:\\Users\\Kuda Musoni\\Documents\\Code\\stokemotors-api\\vendor\\symfony\\console\\Input\\Input.php(55): Symfony\\Component\\Console\\Input\\ArgvInput->parse()
#3 C:\\Users\\Kuda Musoni\\Documents\\Code\\stokemotors-api\\vendor\\symfony\\console\\Command\\Command.php(214): Symfony\\Component\\Console\\Input\\Input->bind()
#4 C:\\Users\\Kuda Musoni\\Documents\\Code\\stokemotors-api\\vendor\\laravel\\framework\\src\\Illuminate\\Console\\Command.php(121): Symfony\\Component\\Console\\Command\\Command->run()
#5 C:\\Users\\Kuda Musoni\\Documents\\Code\\stokemotors-api\\vendor\\symfony\\console\\Application.php(1012): Illuminate\\Console\\Command->run()
#6 C:\\Users\\Kuda Musoni\\Documents\\Code\\stokemotors-api\\vendor\\symfony\\console\\Application.php(272): Symfony\\Component\\Console\\Application->doRunCommand()
#7 C:\\Users\\Kuda Musoni\\Documents\\Code\\stokemotors-api\\vendor\\symfony\\console\\Application.php(148): Symfony\\Component\\Console\\Application->doRun()
#8 C:\\Users\\Kuda Musoni\\Documents\\Code\\stokemotors-api\\vendor\\laravel\\framework\\src\\Illuminate\\Console\\Application.php(93): Symfony\\Component\\Console\\Application->run()
#9 C:\\Users\\Kuda Musoni\\Documents\\Code\\stokemotors-api\\vendor\\laravel\\framework\\src\\Illuminate\\Foundation\\Console\\Kernel.php(131): Illuminate\\Console\\Application->run()
#10 C:\\Users\\Kuda Musoni\\Documents\\Code\\stokemotors-api\\artisan(37): Illuminate\\Foundation\\Console\\Kernel->handle()
#11 {main}
"} 
[2020-02-28 16:12:50] local.ERROR: Undefined variable: vehicles (View: C:\Users\Kuda Musoni\Documents\Code\stokemotors-api\resources\views\vehicle.blade.php) {"exception":"[object] (Facade\\Ignition\\Exceptions\\ViewException(code: 0): Undefined variable: vehicles (View: C:\\Users\\Kuda Musoni\\Documents\\Code\\stokemotors-api\esources\\views\\vehicle.blade.php) at C:\\Users\\Kuda Musoni\\Documents\\Code\\stokemotors-api\esources\\views/vehicle.blade.php:1)
[stacktrace]
#0 C:\\Users\\Kuda Musoni\\Documents\\Code\\stokemotors-api\esources\\views/vehicle.blade.php(1): Illuminate\\Foundation\\Bootstrap\\HandleExceptions->handleError()
#1 C:\\Users\\Kuda Musoni\\Documents\\Code\\stokemotors-api\\vendor\\laravel\\framework\\src\\Illuminate\\View\\Engines\\PhpEngine.php(43): include('C:\\\\Users\\\\Kuda M...')
#2 C:\\Users\\Kuda Musoni\\Documents\\Code\\stokemotors-api\\vendor\\laravel\\framework\\src\\Illuminate\\View\\Engines\\CompilerEngine.php(59): Illuminate\\View\\Engines\\PhpEngine->evaluatePath()
#3 C:\\Users\\Kuda Musoni\\Documents\\Code\\stokemotors-api\\vendor\\facade\\ignition\\src\\Views\\Engines\\CompilerEngine.php(36): Illuminate\\View\\Engines\\CompilerEngine->get()
#4 C:\\Users\\Kuda Musoni\\Documents\\Code\\stokemotors-api\\vendor\\laravel\\framework\\src\\Illuminate\\View\\View.php(143): Facade\\Ignition\\Views\\Engines\\CompilerEngine->get()
#5 C:\\Users\\Kuda Musoni\\Documents\\Code\\stokemotors-api\\vendor\\laravel\\framework\\src\\Illuminate\\View\\View.php(126): Illuminate\\View\\View->getContents()
#6 C:\\Users\\Kuda Musoni\\Documents\\Code\\stokemotors-api\\vendor\\laravel\\framework\\src\\Illuminate\\View\\View.php(91): Illuminate\\View\\View->renderContents()
#7 C:\\Users\\Kuda Musoni\\Documents\\Code\\stokemotors-api\\vendor\\laravel\\framework\\src\\Illuminate\\Http\\Response.php(42): Illuminate\\View\\View->render()
#8 C:\\Users\\Kuda Musoni\\Documents\\Code\\stokemotors-api\\vendor\\symfony\\http-foundation\\Response.php(202): Illuminate\\Http\\Response->setContent()
#9 C:\\Users\\Kuda Musoni\\Documents\\Code\\stokemotors-api\\vendor\\laravel\\framework\\src\\Illuminate\\Routing\\Router.php(749): Symfony\\Component\\HttpFoundation\\Response->__construct()
#10 C:\\Users\\Kuda Musoni\\Documents\\Code\\stokemotors-api\\vendor\\laravel\\framework\\src\\Illuminate\\Routing\\Router.php(721): Illuminate\\Routing\\Router::toResponse()
#11 C:\\Users\\Kuda Musoni\\Documents\\Code\\stokemotors-api\\vendor\\laravel\\framework\\src\\Illuminate\\Routing\\Router.php(681): Illuminate\\Routing\\Router->prepareResponse()
#12 C:\\Users\\Kuda Musoni\\Documents\\Code\\stokemotors-api\\vendor\\laravel\\framework\\src\\Illuminate\\Pipeline\\Pipeline.php(130): Illuminate\\Routing\\Router->Illuminate\\Routing\\{closure}()
#13 C:\\Users\\Kuda Musoni\\Documents\\Code\\stokemotors-api\\vendor\\laravel\\framework\\src\\Illuminate\\Routing\\Middleware\\SubstituteBindings.php(41): Illuminate\\Pipeline\\Pipeline->Illuminate\\Pipeline\\{closure}()
#14 C:\\Users\\Kuda Musoni\\Documents\\Code\\stokemotors-api\\vendor\\laravel\\framework\\src\\Illuminate\\Pipeline\\Pipeline.php(171): Illuminate\\Routing\\Middleware\\SubstituteBindings->handle()
#15 C:\\Users\\Kuda Musoni\\Documents\\Code\\stokemotors-api\\vendor\\laravel\\framework\\src\\Illuminate\\View\\Middleware\\ShareErrorsFromSession.php(49): Illuminate\\Pipeline\\Pipeline->Illuminate\\Pipeline\\{closure}()
#16 C:\\Users\\Kuda Musoni\\Documents\\Code\\stokemotors-api\\vendor\\laravel\\framework\\src\\Illuminate\\Pipeline\\Pipeline.php(171): Illuminate\\View\\Middleware\\ShareErrorsFromSession->handle()
#17 C:\\Users\\Kuda Musoni\\Documents\\Code\\stokemotors-api\\vendor\\laravel\\framework\\src\\Illuminate\\Session\\Middleware\\StartSession.php(56): Illuminate\\Pipeline\\Pipeline->Illuminate\\Pipeline\\{closure}()
#18 C:\\Users\\Kuda Musoni\\Documents\\Code\\stokemotors-api\\vendor\\laravel\\framework\\src\\Illuminate\\Pipeline\\Pipeline.php(171): Illuminate\\Session\\Middleware\\StartSession->handle()
#19 C:\\Users\\Kuda Musoni\\Documents\\Code\\stokemotors-api\\vendor\\laravel\\framework\\src\\Illuminate\\Cookie\\Middleware\\AddQueuedCookiesToResponse.php(37): Illuminate\\Pipeline\\Pipeline->Illuminate\\Pipeline\\{closure}()
#20 C:\\Users\\Kuda Musoni\\Documents\\Code\\stokemotors-api\\vendor\\laravel\\framework\\src\\Illuminate\\Pipeline\\Pipeline.php(171): Illuminate\\Cookie\\Middleware\\AddQueuedCookiesToResponse->handle()
#21 C:\\Users\\Kuda Musoni\\Documents\\Code\\stokemotors-api\\vendor\\laravel\\framework\\src\\Illuminate\\Cookie\\Middleware\\EncryptCookies.php(66): Illuminate\\Pipeline\\Pipeline->Illuminate\\Pipeline\\{closure}()
#22 C:\\Users\\Kuda Musoni\\Documents\\Code\\stokemotors-api\\vendor\\laravel\\framework\\src\\Illuminate\\Pipeline\\Pipeline.php(171): Illuminate\\Cookie\\Middleware\\EncryptCookies->handle()
#23 C:\\Users\\Kuda Musoni\\Documents\\Code\\stokemotors-api\\vendor\\laravel\\framework\\src\\Illuminate\\Pipeline\\Pipeline.php(105): Illuminate\\Pipeline\\Pipeline->Illuminate\\Pipeline\\{closure}()
#24 C:\\Users\\Kuda Musoni\\Documents\\Code\\stokemotors-api\\vendor\\laravel\\framework\\src\\Illuminate\\Routing\\Router.php(683): Illuminate\\Pipeline\\Pipeline->then()
#25 C:\\Users\\Kuda Musoni\\Documents\\Code\\stokemotors-api\\vendor\\laravel\\framework\\src\\Illuminate\\Routing\\Router.php(658): Illuminate\\Routing\\Router->runRouteWithinStack()
#26 C:\\Users\\Kuda Musoni\\Documents\\Code\\stokemotors-api\\vendor\\laravel\\framework\\src\\Illuminate\\Routing\\Router.php(624): Illuminate\\Routing\\Router->runRoute()
#27 C:\\Users\\Kuda Musoni\\Documents\\Code\\stokemotors-api\\vendor\\laravel\\framework\\src\\Illuminate\\Routing\\Router.php(613): Illuminate\\Routing\\Router->dispatchToRoute()
#28 C:\\Users\\Kuda Musoni\\Documents\\Code\\stokemotors-api\\vendor\\laravel\\framework\\src\\Illuminate\\Foundation\\Http\\Kernel.php(170): Illuminate\\Routing\\Router->dispatch()
#29 C:\\Users\\Kuda Musoni\\Documents\\Code\\stokemotors-api\\vendor\\laravel\\framework\\src\\Illuminate\\Pipeline\\Pipeline.php(130): Illuminate\\Foundation\\Http\\Kernel->Illuminate\\Foundation\\Http\\{closure}()
#30 C:\\Users\\Kuda Musoni\\Documents\\Code\\stokemotors-api\\vendor\\laravel\\framework\\src\\Illuminate\\Foundation\\Http\\Middleware\\TransformsRequest.php(21): Illuminate\\Pipeline\\Pipeline->Illuminate\\Pipeline\\{closure}()
#31 C:\\Users\\Kuda Musoni\\Documents\\Code\\stokemotors-api\\vendor\\laravel\\framework\\src\\Illuminate\\Pipeline\\Pipeline.php(171): Illuminate\\Foundation\\Http\\Middleware\\TransformsRequest->handle()
#32 C:\\Users\\Kuda Musoni\\Documents\\Code\\stokemotors-api\\vendor\\laravel\\framework\\src\\Illuminate\\Foundation\\Http\\Middleware\\TransformsRequest.php(21): Illuminate\\Pipeline\\Pipeline->Illuminate\\Pipeline\\{closure}()
#33 C:\\Users\\Kuda Musoni\\Documents\\Code\\stokemotors-api\\vendor\\laravel\\framework\\src\\Illuminate\\Pipeline\\Pipeline.php(171): Illuminate\\Foundation\\Http\\Middleware\\TransformsRequest->handle()
#34 C:\\Users\\Kuda Musoni\\Documents\\Code\\stokemotors-api\\vendor\\laravel\\framework\\src\\Illuminate\\Foundation\\Http\\Middleware\\ValidatePostSize.php(27): Illuminate\\Pipeline\\Pipeline->Illuminate\\Pipeline\\{closure}()
#35 C:\\Users\\Kuda Musoni\\Documents\\Code\\stokemotors-api\\vendor\\laravel\\framework\\src\\Illuminate\\Pipeline\\Pipeline.php(171): Illuminate\\Foundation\\Http\\Middleware\\ValidatePostSize->handle()
#36 C:\\Users\\Kuda Musoni\\Documents\\Code\\stokemotors-api\\vendor\\laravel\\framework\\src\\Illuminate\\Foundation\\Http\\Middleware\\CheckForMaintenanceMode.php(63): Illuminate\\Pipeline\\Pipeline->Illuminate\\Pipeline\\{closure}()
#37 C:\\Users\\Kuda Musoni\\Documents\\Code\\stokemotors-api\\vendor\\laravel\\framework\\src\\Illuminate\\Pipeline\\Pipeline.php(171): Illuminate\\Foundation\\Http\\Middleware\\CheckForMaintenanceMode->handle()
#38 C:\\Users\\Kuda Musoni\\Documents\\Code\\stokemotors-api\\vendor\\fideloper\\proxy\\src\\TrustProxies.php(57): Illuminate\\Pipeline\\Pipeline->Illuminate\\Pipeline\\{closure}()
#39 C:\\Users\\Kuda Musoni\\Documents\\Code\\stokemotors-api\\vendor\\laravel\\framework\\src\\Illuminate\\Pipeline\\Pipeline.php(171): Fideloper\\Proxy\\TrustProxies->handle()
#40 C:\\Users\\Kuda Musoni\\Documents\\Code\\stokemotors-api\\vendor\\laravel\\framework\\src\\Illuminate\\Pipeline\\Pipeline.php(105): Illuminate\\Pipeline\\Pipeline->Illuminate\\Pipeline\\{closure}()
#41 C:\\Users\\Kuda Musoni\\Documents\\Code\\stokemotors-api\\vendor\\laravel\\framework\\src\\Illuminate\\Foundation\\Http\\Kernel.php(145): Illuminate\\Pipeline\\Pipeline->then()
#42 C:\\Users\\Kuda Musoni\\Documents\\Code\\stokemotors-api\\vendor\\laravel\\framework\\src\\Illuminate\\Foundation\\Http\\Kernel.php(110): Illuminate\\Foundation\\Http\\Kernel->sendRequestThroughRouter()
#43 C:\\Users\\Kuda Musoni\\Documents\\Code\\stokemotors-api\\public\\index.php(55): Illuminate\\Foundation\\Http\\Kernel->handle()
#44 C:\\Users\\Kuda Musoni\\Documents\\Code\\stokemotors-api\\server.php(21): require_once('C:\\\\Users\\\\Kuda M...')
#45 {main}

[previous exception] [object] (ErrorException(code: 0): Undefined variable: vehicles at C:\\Users\\Kuda Musoni\\Documents\\Code\\stokemotors-api\\storage\\framework\\views\\6393b7df434bc84c20e6b9f1e3579b09a1f28409.php:1)
[stacktrace]
#0 C:\\Users\\Kuda Musoni\\Documents\\Code\\stokemotors-api\\storage\\framework\\views\\6393b7df434bc84c20e6b9f1e3579b09a1f28409.php(1): Illuminate\\Foundation\\Bootstrap\\HandleExceptions->handleError()
#1 C:\\Users\\Kuda Musoni\\Documents\\Code\\stokemotors-api\\vendor\\laravel\\framework\\src\\Illuminate\\View\\Engines\\PhpEngine.php(43): include('C:\\\\Users\\\\Kuda M...')
#2 C:\\Users\\Kuda Musoni\\Documents\\Code\\stokemotors-api\\vendor\\laravel\\framework\\src\\Illuminate\\View\\Engines\\CompilerEngine.php(59): Illuminate\\View\\Engines\\PhpEngine->evaluatePath()
#3 C:\\Users\\Kuda Musoni\\Documents\\Code\\stokemotors-api\\vendor\\facade\\ignition\\src\\Views\\Engines\\CompilerEngine.php(36): Illuminate\\View\\Engines\\CompilerEngine->get()
#4 C:\\Users\\Kuda Musoni\\Documents\\Code\\stokemotors-api\\vendor\\laravel\\framework\\src\\Illuminate\\View\\View.php(143): Facade\\Ignition\\Views\\Engines\\CompilerEngine->get()
#5 C:\\Users\\Kuda Musoni\\Documents\\Code\\stokemotors-api\\vendor\\laravel\\framework\\src\\Illuminate\\View\\View.php(126): Illuminate\\View\\View->getContents()
#6 C:\\Users\\Kuda Musoni\\Documents\\Code\\stokemotors-api\\vendor\\laravel\\framework\\src\\Illuminate\\View\\View.php(91): Illuminate\\View\\View->renderContents()
#7 C:\\Users\\Kuda Musoni\\Documents\\Code\\stokemotors-api\\vendor\\laravel\\framework\\src\\Illuminate\\Http\\Response.php(42): Illuminate\\View\\View->render()
#8 C:\\Users\\Kuda Musoni\\Documents\\Code\\stokemotors-api\\vendor\\symfony\\http-foundation\\Response.php(202): Illuminate\\Http\\Response->setContent()
#9 C:\\Users\\Kuda Musoni\\Documents\\Code\\stokemotors-api\\vendor\\laravel\\framework\\src\\Illuminate\\Routing\\Router.php(749): Symfony\\Component\\HttpFoundation\\Response->__construct()
#10 C:\\Users\\Kuda Musoni\\Documents\\Code\\stokemotors-api\\vendor\\laravel\\framework\\src\\Illuminate\\Routing\\Router.php(721): Illuminate\\Routing\\Router::toResponse()
#11 C:\\Users\\Kuda Musoni\\Documents\\Code\\stokemotors-api\\vendor\\laravel\\framework\\src\\Illuminate\\Routing\\Router.php(681): Illuminate\\Routing\\Router->prepareResponse()
#12 C:\\Users\\Kuda Musoni\\Documents\\Code\\stokemotors-api\\vendor\\laravel\\framework\\src\\Illuminate\\Pipeline\\Pipeline.php(130): Illuminate\\Routing\\Router->Illuminate\\Routing\\{closure}()
#13 C:\\Users\\Kuda Musoni\\Documents\\Code\\stokemotors-api\\vendor\\laravel\\framework\\src\\Illuminate\\Routing\\Middleware\\SubstituteBindings.php(41): Illuminate\\Pipeline\\Pipeline->Illuminate\\Pipeline\\{closure}()
#14 C:\\Users\\Kuda Musoni\\Documents\\Code\\stokemotors-api\\vendor\\laravel\\framework\\src\\Illuminate\\Pipeline\\Pipeline.php(171): Illuminate\\Routing\\Middleware\\SubstituteBindings->handle()
#15 C:\\Users\\Kuda Musoni\\Documents\\Code\\stokemotors-api\\vendor\\laravel\\framework\\src\\Illuminate\\View\\Middleware\\ShareErrorsFromSession.php(49): Illuminate\\Pipeline\\Pipeline->Illuminate\\Pipeline\\{closure}()
#16 C:\\Users\\Kuda Musoni\\Documents\\Code\\stokemotors-api\\vendor\\laravel\\framework\\src\\Illuminate\\Pipeline\\Pipeline.php(171): Illuminate\\View\\Middleware\\ShareErrorsFromSession->handle()
#17 C:\\Users\\Kuda Musoni\\Documents\\Code\\stokemotors-api\\vendor\\laravel\\framework\\src\\Illuminate\\Session\\Middleware\\StartSession.php(56): Illuminate\\Pipeline\\Pipeline->Illuminate\\Pipeline\\{closure}()
#18 C:\\Users\\Kuda Musoni\\Documents\\Code\\stokemotors-api\\vendor\\laravel\\framework\\src\\Illuminate\\Pipeline\\Pipeline.php(171): Illuminate\\Session\\Middleware\\StartSession->handle()
#19 C:\\Users\\Kuda Musoni\\Documents\\Code\\stokemotors-api\\vendor\\laravel\\framework\\src\\Illuminate\\Cookie\\Middleware\\AddQueuedCookiesToResponse.php(37): Illuminate\\Pipeline\\Pipeline->Illuminate\\Pipeline\\{closure}()
#20 C:\\Users\\Kuda Musoni\\Documents\\Code\\stokemotors-api\\vendor\\laravel\\framework\\src\\Illuminate\\Pipeline\\Pipeline.php(171): Illuminate\\Cookie\\Middleware\\AddQueuedCookiesToResponse->handle()
#21 C:\\Users\\Kuda Musoni\\Documents\\Code\\stokemotors-api\\vendor\\laravel\\framework\\src\\Illuminate\\Cookie\\Middleware\\EncryptCookies.php(66): Illuminate\\Pipeline\\Pipeline->Illuminate\\Pipeline\\{closure}()
#22 C:\\Users\\Kuda Musoni\\Documents\\Code\\stokemotors-api\\vendor\\laravel\\framework\\src\\Illuminate\\Pipeline\\Pipeline.php(171): Illuminate\\Cookie\\Middleware\\EncryptCookies->handle()
#23 C:\\Users\\Kuda Musoni\\Documents\\Code\\stokemotors-api\\vendor\\laravel\\framework\\src\\Illuminate\\Pipeline\\Pipeline.php(105): Illuminate\\Pipeline\\Pipeline->Illuminate\\Pipeline\\{closure}()
#24 C:\\Users\\Kuda Musoni\\Documents\\Code\\stokemotors-api\\vendor\\laravel\\framework\\src\\Illuminate\\Routing\\Router.php(683): Illuminate\\Pipeline\\Pipeline->then()
#25 C:\\Users\\Kuda Musoni\\Documents\\Code\\stokemotors-api\\vendor\\laravel\\framework\\src\\Illuminate\\Routing\\Router.php(658): Illuminate\\Routing\\Router->runRouteWithinStack()
#26 C:\\Users\\Kuda Musoni\\Documents\\Code\\stokemotors-api\\vendor\\laravel\\framework\\src\\Illuminate\\Routing\\Router.php(624): Illuminate\\Routing\\Router->runRoute()
#27 C:\\Users\\Kuda Musoni\\Documents\\Code\\stokemotors-api\\vendor\\laravel\\framework\\src\\Illuminate\\Routing\\Router.php(613): Illuminate\\Routing\\Router->dispatchToRoute()
#28 C:\\Users\\Kuda Musoni\\Documents\\Code\\stokemotors-api\\vendor\\laravel\\framework\\src\\Illuminate\\Foundation\\Http\\Kernel.php(170): Illuminate\\Routing\\Router->dispatch()
#29 C:\\Users\\Kuda Musoni\\Documents\\Code\\stokemotors-api\\vendor\\laravel\\framework\\src\\Illuminate\\Pipeline\\Pipeline.php(130): Illuminate\\Foundation\\Http\\Kernel->Illuminate\\Foundation\\Http\\{closure}()
#30 C:\\Users\\Kuda Musoni\\Documents\\Code\\stokemotors-api\\vendor\\laravel\\framework\\src\\Illuminate\\Foundation\\Http\\Middleware\\TransformsRequest.php(21): Illuminate\\Pipeline\\Pipeline->Illuminate\\Pipeline\\{closure}()
#31 C:\\Users\\Kuda Musoni\\Documents\\Code\\stokemotors-api\\vendor\\laravel\\framework\\src\\Illuminate\\Pipeline\\Pipeline.php(171): Illuminate\\Foundation\\Http\\Middleware\\TransformsRequest->handle()
#32 C:\\Users\\Kuda Musoni\\Documents\\Code\\stokemotors-api\\vendor\\laravel\\framework\\src\\Illuminate\\Foundation\\Http\\Middleware\\TransformsRequest.php(21): Illuminate\\Pipeline\\Pipeline->Illuminate\\Pipeline\\{closure}()
#33 C:\\Users\\Kuda Musoni\\Documents\\Code\\stokemotors-api\\vendor\\laravel\\framework\\src\\Illuminate\\Pipeline\\Pipeline.php(171): Illuminate\\Foundation\\Http\\Middleware\\TransformsRequest->handle()
#34 C:\\Users\\Kuda Musoni\\Documents\\Code\\stokemotors-api\\vendor\\laravel\\framework\\src\\Illuminate\\Foundation\\Http\\Middleware\\ValidatePostSize.php(27): Illuminate\\Pipeline\\Pipeline->Illuminate\\Pipeline\\{closure}()
#35 C:\\Users\\Kuda Musoni\\Documents\\Code\\stokemotors-api\\vendor\\laravel\\framework\\src\\Illuminate\\Pipeline\\Pipeline.php(171): Illuminate\\Foundation\\Http\\Middleware\\ValidatePostSize->handle()
#36 C:\\Users\\Kuda Musoni\\Documents\\Code\\stokemotors-api\\vendor\\laravel\\framework\\src\\Illuminate\\Foundation\\Http\\Middleware\\CheckForMaintenanceMode.php(63): Illuminate\\Pipeline\\Pipeline->Illuminate\\Pipeline\\{closure}()
#37 C:\\Users\\Kuda Musoni\\Documents\\Code\\stokemotors-api\\vendor\\laravel\\framework\\src\\Illuminate\\Pipeline\\Pipeline.php(171): Illuminate\\Foundation\\Http\\Middleware\\CheckForMaintenanceMode->handle()
#38 C:\\Users\\Kuda Musoni\\Documents\\Code\\stokemotors-api\\vendor\\fideloper\\proxy\\src\\TrustProxies.php(57): Illuminate\\Pipeline\\Pipeline->Illuminate\\Pipeline\\{closure}()
#39 C:\\Users\\Kuda Musoni\\Documents\\Code\\stokemotors-api\\vendor\\laravel\\framework\\src\\Illuminate\\Pipeline\\Pipeline.php(171): Fideloper\\Proxy\\TrustProxies->handle()
#40 C:\\Users\\Kuda Musoni\\Documents\\Code\\stokemotors-api\\vendor\\laravel\\framework\\src\\Illuminate\\Pipeline\\Pipeline.php(105): Illuminate\\Pipeline\\Pipeline->Illuminate\\Pipeline\\{closure}()
#41 C:\\Users\\Kuda Musoni\\Documents\\Code\\stokemotors-api\\vendor\\laravel\\framework\\src\\Illuminate\\Foundation\\Http\\Kernel.php(145): Illuminate\\Pipeline\\Pipeline->then()
#42 C:\\Users\\Kuda Musoni\\Documents\\Code\\stokemotors-api\\vendor\\laravel\\framework\\src\\Illuminate\\Foundation\\Http\\Kernel.php(110): Illuminate\\Foundation\\Http\\Kernel->sendRequestThroughRouter()
#43 C:\\Users\\Kuda Musoni\\Documents\\Code\\stokemotors-api\\public\\index.php(55): Illuminate\\Foundation\\Http\\Kernel->handle()
#44 C:\\Users\\Kuda Musoni\\Documents\\Code\\stokemotors-api\\server.php(21): require_once('C:\\\\Users\\\\Kuda M...')
#45 {main}
"} 
[2020-02-28 16:13:03] local.ERROR: View [vehicles] not found. {"exception":"[object] (InvalidArgumentException(code: 0): View [vehicles] not found. at C:\\Users\\Kuda Musoni\\Documents\\Code\\stokemotors-api\\vendor\\laravel\\framework\\src\\Illuminate\\View\\FileViewFinder.php:137)
[stacktrace]
#0 C:\\Users\\Kuda Musoni\\Documents\\Code\\stokemotors-api\\vendor\\laravel\\framework\\src\\Illuminate\\View\\FileViewFinder.php(79): Illuminate\\View\\FileViewFinder->findInPaths()
#1 C:\\Users\\Kuda Musoni\\Documents\\Code\\stokemotors-api\\vendor\\laravel\\framework\\src\\Illuminate\\View\\Factory.php(131): Illuminate\\View\\FileViewFinder->find()
#2 C:\\Users\\Kuda Musoni\\Documents\\Code\\stokemotors-api\\vendor\\laravel\\framework\\src\\Illuminate\\Foundation\\helpers.php(975): Illuminate\\View\\Factory->make()
#3 C:\\Users\\Kuda Musoni\\Documents\\Code\\stokemotors-api\\app\\Http\\Controllers\\VehicleController.php(54): view()
#4 [internal function]: App\\Http\\Controllers\\VehicleController->listVehicles()
#5 C:\\Users\\Kuda Musoni\\Documents\\Code\\stokemotors-api\\vendor\\laravel\\framework\\src\\Illuminate\\Routing\\Controller.php(54): call_user_func_array()
#6 C:\\Users\\Kuda Musoni\\Documents\\Code\\stokemotors-api\\vendor\\laravel\\framework\\src\\Illuminate\\Routing\\ControllerDispatcher.php(45): Illuminate\\Routing\\Controller->callAction()
#7 C:\\Users\\Kuda Musoni\\Documents\\Code\\stokemotors-api\\vendor\\laravel\\framework\\src\\Illuminate\\Routing\\Route.php(219): Illuminate\\Routing\\ControllerDispatcher->dispatch()
#8 C:\\Users\\Kuda Musoni\\Documents\\Code\\stokemotors-api\\vendor\\laravel\\framework\\src\\Illuminate\\Routing\\Route.php(176): Illuminate\\Routing\\Route->runController()
#9 C:\\Users\\Kuda Musoni\\Documents\\Code\\stokemotors-api\\vendor\\laravel\\framework\\src\\Illuminate\\Routing\\Router.php(681): Illuminate\\Routing\\Route->run()
#10 C:\\Users\\Kuda Musoni\\Documents\\Code\\stokemotors-api\\vendor\\laravel\\framework\\src\\Illuminate\\Pipeline\\Pipeline.php(130): Illuminate\\Routing\\Router->Illuminate\\Routing\\{closure}()
#11 C:\\Users\\Kuda Musoni\\Documents\\Code\\stokemotors-api\\vendor\\laravel\\framework\\src\\Illuminate\\Routing\\Middleware\\SubstituteBindings.php(41): Illuminate\\Pipeline\\Pipeline->Illuminate\\Pipeline\\{closure}()
#12 C:\\Users\\Kuda Musoni\\Documents\\Code\\stokemotors-api\\vendor\\laravel\\framework\\src\\Illuminate\\Pipeline\\Pipeline.php(171): Illuminate\\Routing\\Middleware\\SubstituteBindings->handle()
#13 C:\\Users\\Kuda Musoni\\Documents\\Code\\stokemotors-api\\vendor\\laravel\\framework\\src\\Illuminate\\View\\Middleware\\ShareErrorsFromSession.php(49): Illuminate\\Pipeline\\Pipeline->Illuminate\\Pipeline\\{closure}()
#14 C:\\Users\\Kuda Musoni\\Documents\\Code\\stokemotors-api\\vendor\\laravel\\framework\\src\\Illuminate\\Pipeline\\Pipeline.php(171): Illuminate\\View\\Middleware\\ShareErrorsFromSession->handle()
#15 C:\\Users\\Kuda Musoni\\Documents\\Code\\stokemotors-api\\vendor\\laravel\\framework\\src\\Illuminate\\Session\\Middleware\\StartSession.php(56): Illuminate\\Pipeline\\Pipeline->Illuminate\\Pipeline\\{closure}()
#16 C:\\Users\\Kuda Musoni\\Documents\\Code\\stokemotors-api\\vendor\\laravel\\framework\\src\\Illuminate\\Pipeline\\Pipeline.php(171): Illuminate\\Session\\Middleware\\StartSession->handle()
#17 C:\\Users\\Kuda Musoni\\Documents\\Code\\stokemotors-api\\vendor\\laravel\\framework\\src\\Illuminate\\Cookie\\Middleware\\AddQueuedCookiesToResponse.php(37): Illuminate\\Pipeline\\Pipeline->Illuminate\\Pipeline\\{closure}()
#18 C:\\Users\\Kuda Musoni\\Documents\\Code\\stokemotors-api\\vendor\\laravel\\framework\\src\\Illuminate\\Pipeline\\Pipeline.php(171): Illuminate\\Cookie\\Middleware\\AddQueuedCookiesToResponse->handle()
#19 C:\\Users\\Kuda Musoni\\Documents\\Code\\stokemotors-api\\vendor\\laravel\\framework\\src\\Illuminate\\Cookie\\Middleware\\EncryptCookies.php(66): Illuminate\\Pipeline\\Pipeline->Illuminate\\Pipeline\\{closure}()
#20 C:\\Users\\Kuda Musoni\\Documents\\Code\\stokemotors-api\\vendor\\laravel\\framework\\src\\Illuminate\\Pipeline\\Pipeline.php(171): Illuminate\\Cookie\\Middleware\\EncryptCookies->handle()
#21 C:\\Users\\Kuda Musoni\\Documents\\Code\\stokemotors-api\\vendor\\laravel\\framework\\src\\Illuminate\\Pipeline\\Pipeline.php(105): Illuminate\\Pipeline\\Pipeline->Illuminate\\Pipeline\\{closure}()
#22 C:\\Users\\Kuda Musoni\\Documents\\Code\\stokemotors-api\\vendor\\laravel\\framework\\src\\Illuminate\\Routing\\Router.php(683): Illuminate\\Pipeline\\Pipeline->then()
#23 C:\\Users\\Kuda Musoni\\Documents\\Code\\stokemotors-api\\vendor\\laravel\\framework\\src\\Illuminate\\Routing\\Router.php(658): Illuminate\\Routing\\Router->runRouteWithinStack()
#24 C:\\Users\\Kuda Musoni\\Documents\\Code\\stokemotors-api\\vendor\\laravel\\framework\\src\\Illuminate\\Routing\\Router.php(624): Illuminate\\Routing\\Router->runRoute()
#25 C:\\Users\\Kuda Musoni\\Documents\\Code\\stokemotors-api\\vendor\\laravel\\framework\\src\\Illuminate\\Routing\\Router.php(613): Illuminate\\Routing\\Router->dispatchToRoute()
#26 C:\\Users\\Kuda Musoni\\Documents\\Code\\stokemotors-api\\vendor\\laravel\\framework\\src\\Illuminate\\Foundation\\Http\\Kernel.php(170): Illuminate\\Routing\\Router->dispatch()
#27 C:\\Users\\Kuda Musoni\\Documents\\Code\\stokemotors-api\\vendor\\laravel\\framework\\src\\Illuminate\\Pipeline\\Pipeline.php(130): Illuminate\\Foundation\\Http\\Kernel->Illuminate\\Foundation\\Http\\{closure}()
#28 C:\\Users\\Kuda Musoni\\Documents\\Code\\stokemotors-api\\vendor\\laravel\\framework\\src\\Illuminate\\Foundation\\Http\\Middleware\\TransformsRequest.php(21): Illuminate\\Pipeline\\Pipeline->Illuminate\\Pipeline\\{closure}()
#29 C:\\Users\\Kuda Musoni\\Documents\\Code\\stokemotors-api\\vendor\\laravel\\framework\\src\\Illuminate\\Pipeline\\Pipeline.php(171): Illuminate\\Foundation\\Http\\Middleware\\TransformsRequest->handle()
#30 C:\\Users\\Kuda Musoni\\Documents\\Code\\stokemotors-api\\vendor\\laravel\\framework\\src\\Illuminate\\Foundation\\Http\\Middleware\\TransformsRequest.php(21): Illuminate\\Pipeline\\Pipeline->Illuminate\\Pipeline\\{closure}()
#31 C:\\Users\\Kuda Musoni\\Documents\\Code\\stokemotors-api\\vendor\\laravel\\framework\\src\\Illuminate\\Pipeline\\Pipeline.php(171): Illuminate\\Foundation\\Http\\Middleware\\TransformsRequest->handle()
#32 C:\\Users\\Kuda Musoni\\Documents\\Code\\stokemotors-api\\vendor\\laravel\\framework\\src\\Illuminate\\Foundation\\Http\\Middleware\\ValidatePostSize.php(27): Illuminate\\Pipeline\\Pipeline->Illuminate\\Pipeline\\{closure}()
#33 C:\\Users\\Kuda Musoni\\Documents\\Code\\stokemotors-api\\vendor\\laravel\\framework\\src\\Illuminate\\Pipeline\\Pipeline.php(171): Illuminate\\Foundation\\Http\\Middleware\\ValidatePostSize->handle()
#34 C:\\Users\\Kuda Musoni\\Documents\\Code\\stokemotors-api\\vendor\\laravel\\framework\\src\\Illuminate\\Foundation\\Http\\Middleware\\CheckForMaintenanceMode.php(63): Illuminate\\Pipeline\\Pipeline->Illuminate\\Pipeline\\{closure}()
#35 C:\\Users\\Kuda Musoni\\Documents\\Code\\stokemotors-api\\vendor\\laravel\\framework\\src\\Illuminate\\Pipeline\\Pipeline.php(171): Illuminate\\Foundation\\Http\\Middleware\\CheckForMaintenanceMode->handle()
#36 C:\\Users\\Kuda Musoni\\Documents\\Code\\stokemotors-api\\vendor\\fideloper\\proxy\\src\\TrustProxies.php(57): Illuminate\\Pipeline\\Pipeline->Illuminate\\Pipeline\\{closure}()
#37 C:\\Users\\Kuda Musoni\\Documents\\Code\\stokemotors-api\\vendor\\laravel\\framework\\src\\Illuminate\\Pipeline\\Pipeline.php(171): Fideloper\\Proxy\\TrustProxies->handle()
#38 C:\\Users\\Kuda Musoni\\Documents\\Code\\stokemotors-api\\vendor\\laravel\\framework\\src\\Illuminate\\Pipeline\\Pipeline.php(105): Illuminate\\Pipeline\\Pipeline->Illuminate\\Pipeline\\{closure}()
#39 C:\\Users\\Kuda Musoni\\Documents\\Code\\stokemotors-api\\vendor\\laravel\\framework\\src\\Illuminate\\Foundation\\Http\\Kernel.php(145): Illuminate\\Pipeline\\Pipeline->then()
#40 C:\\Users\\Kuda Musoni\\Documents\\Code\\stokemotors-api\\vendor\\laravel\\framework\\src\\Illuminate\\Foundation\\Http\\Kernel.php(110): Illuminate\\Foundation\\Http\\Kernel->sendRequestThroughRouter()
#41 C:\\Users\\Kuda Musoni\\Documents\\Code\\stokemotors-api\\public\\index.php(55): Illuminate\\Foundation\\Http\\Kernel->handle()
#42 C:\\Users\\Kuda Musoni\\Documents\\Code\\stokemotors-api\\server.php(21): require_once('C:\\\\Users\\\\Kuda M...')
#43 {main}
"} 
[2020-02-28 16:13:12] local.ERROR: Undefined variable: vehicles (View: C:\Users\Kuda Musoni\Documents\Code\stokemotors-api\resources\views\vehicle.blade.php) {"exception":"[object] (Facade\\Ignition\\Exceptions\\ViewException(code: 0): Undefined variable: vehicles (View: C:\\Users\\Kuda Musoni\\Documents\\Code\\stokemotors-api\esources\\views\\vehicle.blade.php) at C:\\Users\\Kuda Musoni\\Documents\\Code\\stokemotors-api\esources\\views/vehicle.blade.php:1)
[stacktrace]
#0 C:\\Users\\Kuda Musoni\\Documents\\Code\\stokemotors-api\esources\\views/vehicle.blade.php(1): Illuminate\\Foundation\\Bootstrap\\HandleExceptions->handleError()
#1 C:\\Users\\Kuda Musoni\\Documents\\Code\\stokemotors-api\\vendor\\laravel\\framework\\src\\Illuminate\\View\\Engines\\PhpEngine.php(43): include('C:\\\\Users\\\\Kuda M...')
#2 C:\\Users\\Kuda Musoni\\Documents\\Code\\stokemotors-api\\vendor\\laravel\\framework\\src\\Illuminate\\View\\Engines\\CompilerEngine.php(59): Illuminate\\View\\Engines\\PhpEngine->evaluatePath()
#3 C:\\Users\\Kuda Musoni\\Documents\\Code\\stokemotors-api\\vendor\\facade\\ignition\\src\\Views\\Engines\\CompilerEngine.php(36): Illuminate\\View\\Engines\\CompilerEngine->get()
#4 C:\\Users\\Kuda Musoni\\Documents\\Code\\stokemotors-api\\vendor\\laravel\\framework\\src\\Illuminate\\View\\View.php(143): Facade\\Ignition\\Views\\Engines\\CompilerEngine->get()
#5 C:\\Users\\Kuda Musoni\\Documents\\Code\\stokemotors-api\\vendor\\laravel\\framework\\src\\Illuminate\\View\\View.php(126): Illuminate\\View\\View->getContents()
#6 C:\\Users\\Kuda Musoni\\Documents\\Code\\stokemotors-api\\vendor\\laravel\\framework\\src\\Illuminate\\View\\View.php(91): Illuminate\\View\\View->renderContents()
#7 C:\\Users\\Kuda Musoni\\Documents\\Code\\stokemotors-api\\vendor\\laravel\\framework\\src\\Illuminate\\Http\\Response.php(42): Illuminate\\View\\View->render()
#8 C:\\Users\\Kuda Musoni\\Documents\\Code\\stokemotors-api\\vendor\\symfony\\http-foundation\\Response.php(202): Illuminate\\Http\\Response->setContent()
#9 C:\\Users\\Kuda Musoni\\Documents\\Code\\stokemotors-api\\vendor\\laravel\\framework\\src\\Illuminate\\Routing\\Router.php(749): Symfony\\Component\\HttpFoundation\\Response->__construct()
#10 C:\\Users\\Kuda Musoni\\Documents\\Code\\stokemotors-api\\vendor\\laravel\\framework\\src\\Illuminate\\Routing\\Router.php(721): Illuminate\\Routing\\Router::toResponse()
#11 C:\\Users\\Kuda Musoni\\Documents\\Code\\stokemotors-api\\vendor\\laravel\\framework\\src\\Illuminate\\Routing\\Router.php(681): Illuminate\\Routing\\Router->prepareResponse()
#12 C:\\Users\\Kuda Musoni\\Documents\\Code\\stokemotors-api\\vendor\\laravel\\framework\\src\\Illuminate\\Pipeline\\Pipeline.php(130): Illuminate\\Routing\\Router->Illuminate\\Routing\\{closure}()
#13 C:\\Users\\Kuda Musoni\\Documents\\Code\\stokemotors-api\\vendor\\laravel\\framework\\src\\Illuminate\\Routing\\Middleware\\SubstituteBindings.php(41): Illuminate\\Pipeline\\Pipeline->Illuminate\\Pipeline\\{closure}()
#14 C:\\Users\\Kuda Musoni\\Documents\\Code\\stokemotors-api\\vendor\\laravel\\framework\\src\\Illuminate\\Pipeline\\Pipeline.php(171): Illuminate\\Routing\\Middleware\\SubstituteBindings->handle()
#15 C:\\Users\\Kuda Musoni\\Documents\\Code\\stokemotors-api\\vendor\\laravel\\framework\\src\\Illuminate\\View\\Middleware\\ShareErrorsFromSession.php(49): Illuminate\\Pipeline\\Pipeline->Illuminate\\Pipeline\\{closure}()
#16 C:\\Users\\Kuda Musoni\\Documents\\Code\\stokemotors-api\\vendor\\laravel\\framework\\src\\Illuminate\\Pipeline\\Pipeline.php(171): Illuminate\\View\\Middleware\\ShareErrorsFromSession->handle()
#17 C:\\Users\\Kuda Musoni\\Documents\\Code\\stokemotors-api\\vendor\\laravel\\framework\\src\\Illuminate\\Session\\Middleware\\StartSession.php(56): Illuminate\\Pipeline\\Pipeline->Illuminate\\Pipeline\\{closure}()
#18 C:\\Users\\Kuda Musoni\\Documents\\Code\\stokemotors-api\\vendor\\laravel\\framework\\src\\Illuminate\\Pipeline\\Pipeline.php(171): Illuminate\\Session\\Middleware\\StartSession->handle()
#19 C:\\Users\\Kuda Musoni\\Documents\\Code\\stokemotors-api\\vendor\\laravel\\framework\\src\\Illuminate\\Cookie\\Middleware\\AddQueuedCookiesToResponse.php(37): Illuminate\\Pipeline\\Pipeline->Illuminate\\Pipeline\\{closure}()
#20 C:\\Users\\Kuda Musoni\\Documents\\Code\\stokemotors-api\\vendor\\laravel\\framework\\src\\Illuminate\\Pipeline\\Pipeline.php(171): Illuminate\\Cookie\\Middleware\\AddQueuedCookiesToResponse->handle()
#21 C:\\Users\\Kuda Musoni\\Documents\\Code\\stokemotors-api\\vendor\\laravel\\framework\\src\\Illuminate\\Cookie\\Middleware\\EncryptCookies.php(66): Illuminate\\Pipeline\\Pipeline->Illuminate\\Pipeline\\{closure}()
#22 C:\\Users\\Kuda Musoni\\Documents\\Code\\stokemotors-api\\vendor\\laravel\\framework\\src\\Illuminate\\Pipeline\\Pipeline.php(171): Illuminate\\Cookie\\Middleware\\EncryptCookies->handle()
#23 C:\\Users\\Kuda Musoni\\Documents\\Code\\stokemotors-api\\vendor\\laravel\\framework\\src\\Illuminate\\Pipeline\\Pipeline.php(105): Illuminate\\Pipeline\\Pipeline->Illuminate\\Pipeline\\{closure}()
#24 C:\\Users\\Kuda Musoni\\Documents\\Code\\stokemotors-api\\vendor\\laravel\\framework\\src\\Illuminate\\Routing\\Router.php(683): Illuminate\\Pipeline\\Pipeline->then()
#25 C:\\Users\\Kuda Musoni\\Documents\\Code\\stokemotors-api\\vendor\\laravel\\framework\\src\\Illuminate\\Routing\\Router.php(658): Illuminate\\Routing\\Router->runRouteWithinStack()
#26 C:\\Users\\Kuda Musoni\\Documents\\Code\\stokemotors-api\\vendor\\laravel\\framework\\src\\Illuminate\\Routing\\Router.php(624): Illuminate\\Routing\\Router->runRoute()
#27 C:\\Users\\Kuda Musoni\\Documents\\Code\\stokemotors-api\\vendor\\laravel\\framework\\src\\Illuminate\\Routing\\Router.php(613): Illuminate\\Routing\\Router->dispatchToRoute()
#28 C:\\Users\\Kuda Musoni\\Documents\\Code\\stokemotors-api\\vendor\\laravel\\framework\\src\\Illuminate\\Foundation\\Http\\Kernel.php(170): Illuminate\\Routing\\Router->dispatch()
#29 C:\\Users\\Kuda Musoni\\Documents\\Code\\stokemotors-api\\vendor\\laravel\\framework\\src\\Illuminate\\Pipeline\\Pipeline.php(130): Illuminate\\Foundation\\Http\\Kernel->Illuminate\\Foundation\\Http\\{closure}()
#30 C:\\Users\\Kuda Musoni\\Documents\\Code\\stokemotors-api\\vendor\\laravel\\framework\\src\\Illuminate\\Foundation\\Http\\Middleware\\TransformsRequest.php(21): Illuminate\\Pipeline\\Pipeline->Illuminate\\Pipeline\\{closure}()
#31 C:\\Users\\Kuda Musoni\\Documents\\Code\\stokemotors-api\\vendor\\laravel\\framework\\src\\Illuminate\\Pipeline\\Pipeline.php(171): Illuminate\\Foundation\\Http\\Middleware\\TransformsRequest->handle()
#32 C:\\Users\\Kuda Musoni\\Documents\\Code\\stokemotors-api\\vendor\\laravel\\framework\\src\\Illuminate\\Foundation\\Http\\Middleware\\TransformsRequest.php(21): Illuminate\\Pipeline\\Pipeline->Illuminate\\Pipeline\\{closure}()
#33 C:\\Users\\Kuda Musoni\\Documents\\Code\\stokemotors-api\\vendor\\laravel\\framework\\src\\Illuminate\\Pipeline\\Pipeline.php(171): Illuminate\\Foundation\\Http\\Middleware\\TransformsRequest->handle()
#34 C:\\Users\\Kuda Musoni\\Documents\\Code\\stokemotors-api\\vendor\\laravel\\framework\\src\\Illuminate\\Foundation\\Http\\Middleware\\ValidatePostSize.php(27): Illuminate\\Pipeline\\Pipeline->Illuminate\\Pipeline\\{closure}()
#35 C:\\Users\\Kuda Musoni\\Documents\\Code\\stokemotors-api\\vendor\\laravel\\framework\\src\\Illuminate\\Pipeline\\Pipeline.php(171): Illuminate\\Foundation\\Http\\Middleware\\ValidatePostSize->handle()
#36 C:\\Users\\Kuda Musoni\\Documents\\Code\\stokemotors-api\\vendor\\laravel\\framework\\src\\Illuminate\\Foundation\\Http\\Middleware\\CheckForMaintenanceMode.php(63): Illuminate\\Pipeline\\Pipeline->Illuminate\\Pipeline\\{closure}()
#37 C:\\Users\\Kuda Musoni\\Documents\\Code\\stokemotors-api\\vendor\\laravel\\framework\\src\\Illuminate\\Pipeline\\Pipeline.php(171): Illuminate\\Foundation\\Http\\Middleware\\CheckForMaintenanceMode->handle()
#38 C:\\Users\\Kuda Musoni\\Documents\\Code\\stokemotors-api\\vendor\\fideloper\\proxy\\src\\TrustProxies.php(57): Illuminate\\Pipeline\\Pipeline->Illuminate\\Pipeline\\{closure}()
#39 C:\\Users\\Kuda Musoni\\Documents\\Code\\stokemotors-api\\vendor\\laravel\\framework\\src\\Illuminate\\Pipeline\\Pipeline.php(171): Fideloper\\Proxy\\TrustProxies->handle()
#40 C:\\Users\\Kuda Musoni\\Documents\\Code\\stokemotors-api\\vendor\\laravel\\framework\\src\\Illuminate\\Pipeline\\Pipeline.php(105): Illuminate\\Pipeline\\Pipeline->Illuminate\\Pipeline\\{closure}()
#41 C:\\Users\\Kuda Musoni\\Documents\\Code\\stokemotors-api\\vendor\\laravel\\framework\\src\\Illuminate\\Foundation\\Http\\Kernel.php(145): Illuminate\\Pipeline\\Pipeline->then()
#42 C:\\Users\\Kuda Musoni\\Documents\\Code\\stokemotors-api\\vendor\\laravel\\framework\\src\\Illuminate\\Foundation\\Http\\Kernel.php(110): Illuminate\\Foundation\\Http\\Kernel->sendRequestThroughRouter()
#43 C:\\Users\\Kuda Musoni\\Documents\\Code\\stokemotors-api\\public\\index.php(55): Illuminate\\Foundation\\Http\\Kernel->handle()
#44 C:\\Users\\Kuda Musoni\\Documents\\Code\\stokemotors-api\\server.php(21): require_once('C:\\\\Users\\\\Kuda M...')
#45 {main}

[previous exception] [object] (ErrorException(code: 0): Undefined variable: vehicles at C:\\Users\\Kuda Musoni\\Documents\\Code\\stokemotors-api\\storage\\framework\\views\\6393b7df434bc84c20e6b9f1e3579b09a1f28409.php:1)
[stacktrace]
#0 C:\\Users\\Kuda Musoni\\Documents\\Code\\stokemotors-api\\storage\\framework\\views\\6393b7df434bc84c20e6b9f1e3579b09a1f28409.php(1): Illuminate\\Foundation\\Bootstrap\\HandleExceptions->handleError()
#1 C:\\Users\\Kuda Musoni\\Documents\\Code\\stokemotors-api\\vendor\\laravel\\framework\\src\\Illuminate\\View\\Engines\\PhpEngine.php(43): include('C:\\\\Users\\\\Kuda M...')
#2 C:\\Users\\Kuda Musoni\\Documents\\Code\\stokemotors-api\\vendor\\laravel\\framework\\src\\Illuminate\\View\\Engines\\CompilerEngine.php(59): Illuminate\\View\\Engines\\PhpEngine->evaluatePath()
#3 C:\\Users\\Kuda Musoni\\Documents\\Code\\stokemotors-api\\vendor\\facade\\ignition\\src\\Views\\Engines\\CompilerEngine.php(36): Illuminate\\View\\Engines\\CompilerEngine->get()
#4 C:\\Users\\Kuda Musoni\\Documents\\Code\\stokemotors-api\\vendor\\laravel\\framework\\src\\Illuminate\\View\\View.php(143): Facade\\Ignition\\Views\\Engines\\CompilerEngine->get()
#5 C:\\Users\\Kuda Musoni\\Documents\\Code\\stokemotors-api\\vendor\\laravel\\framework\\src\\Illuminate\\View\\View.php(126): Illuminate\\View\\View->getContents()
#6 C:\\Users\\Kuda Musoni\\Documents\\Code\\stokemotors-api\\vendor\\laravel\\framework\\src\\Illuminate\\View\\View.php(91): Illuminate\\View\\View->renderContents()
#7 C:\\Users\\Kuda Musoni\\Documents\\Code\\stokemotors-api\\vendor\\laravel\\framework\\src\\Illuminate\\Http\\Response.php(42): Illuminate\\View\\View->render()
#8 C:\\Users\\Kuda Musoni\\Documents\\Code\\stokemotors-api\\vendor\\symfony\\http-foundation\\Response.php(202): Illuminate\\Http\\Response->setContent()
#9 C:\\Users\\Kuda Musoni\\Documents\\Code\\stokemotors-api\\vendor\\laravel\\framework\\src\\Illuminate\\Routing\\Router.php(749): Symfony\\Component\\HttpFoundation\\Response->__construct()
#10 C:\\Users\\Kuda Musoni\\Documents\\Code\\stokemotors-api\\vendor\\laravel\\framework\\src\\Illuminate\\Routing\\Router.php(721): Illuminate\\Routing\\Router::toResponse()
#11 C:\\Users\\Kuda Musoni\\Documents\\Code\\stokemotors-api\\vendor\\laravel\\framework\\src\\Illuminate\\Routing\\Router.php(681): Illuminate\\Routing\\Router->prepareResponse()
#12 C:\\Users\\Kuda Musoni\\Documents\\Code\\stokemotors-api\\vendor\\laravel\\framework\\src\\Illuminate\\Pipeline\\Pipeline.php(130): Illuminate\\Routing\\Router->Illuminate\\Routing\\{closure}()
#13 C:\\Users\\Kuda Musoni\\Documents\\Code\\stokemotors-api\\vendor\\laravel\\framework\\src\\Illuminate\\Routing\\Middleware\\SubstituteBindings.php(41): Illuminate\\Pipeline\\Pipeline->Illuminate\\Pipeline\\{closure}()
#14 C:\\Users\\Kuda Musoni\\Documents\\Code\\stokemotors-api\\vendor\\laravel\\framework\\src\\Illuminate\\Pipeline\\Pipeline.php(171): Illuminate\\Routing\\Middleware\\SubstituteBindings->handle()
#15 C:\\Users\\Kuda Musoni\\Documents\\Code\\stokemotors-api\\vendor\\laravel\\framework\\src\\Illuminate\\View\\Middleware\\ShareErrorsFromSession.php(49): Illuminate\\Pipeline\\Pipeline->Illuminate\\Pipeline\\{closure}()
#16 C:\\Users\\Kuda Musoni\\Documents\\Code\\stokemotors-api\\vendor\\laravel\\framework\\src\\Illuminate\\Pipeline\\Pipeline.php(171): Illuminate\\View\\Middleware\\ShareErrorsFromSession->handle()
#17 C:\\Users\\Kuda Musoni\\Documents\\Code\\stokemotors-api\\vendor\\laravel\\framework\\src\\Illuminate\\Session\\Middleware\\StartSession.php(56): Illuminate\\Pipeline\\Pipeline->Illuminate\\Pipeline\\{closure}()
#18 C:\\Users\\Kuda Musoni\\Documents\\Code\\stokemotors-api\\vendor\\laravel\\framework\\src\\Illuminate\\Pipeline\\Pipeline.php(171): Illuminate\\Session\\Middleware\\StartSession->handle()
#19 C:\\Users\\Kuda Musoni\\Documents\\Code\\stokemotors-api\\vendor\\laravel\\framework\\src\\Illuminate\\Cookie\\Middleware\\AddQueuedCookiesToResponse.php(37): Illuminate\\Pipeline\\Pipeline->Illuminate\\Pipeline\\{closure}()
#20 C:\\Users\\Kuda Musoni\\Documents\\Code\\stokemotors-api\\vendor\\laravel\\framework\\src\\Illuminate\\Pipeline\\Pipeline.php(171): Illuminate\\Cookie\\Middleware\\AddQueuedCookiesToResponse->handle()
#21 C:\\Users\\Kuda Musoni\\Documents\\Code\\stokemotors-api\\vendor\\laravel\\framework\\src\\Illuminate\\Cookie\\Middleware\\EncryptCookies.php(66): Illuminate\\Pipeline\\Pipeline->Illuminate\\Pipeline\\{closure}()
#22 C:\\Users\\Kuda Musoni\\Documents\\Code\\stokemotors-api\\vendor\\laravel\\framework\\src\\Illuminate\\Pipeline\\Pipeline.php(171): Illuminate\\Cookie\\Middleware\\EncryptCookies->handle()
#23 C:\\Users\\Kuda Musoni\\Documents\\Code\\stokemotors-api\\vendor\\laravel\\framework\\src\\Illuminate\\Pipeline\\Pipeline.php(105): Illuminate\\Pipeline\\Pipeline->Illuminate\\Pipeline\\{closure}()
#24 C:\\Users\\Kuda Musoni\\Documents\\Code\\stokemotors-api\\vendor\\laravel\\framework\\src\\Illuminate\\Routing\\Router.php(683): Illuminate\\Pipeline\\Pipeline->then()
#25 C:\\Users\\Kuda Musoni\\Documents\\Code\\stokemotors-api\\vendor\\laravel\\framework\\src\\Illuminate\\Routing\\Router.php(658): Illuminate\\Routing\\Router->runRouteWithinStack()
#26 C:\\Users\\Kuda Musoni\\Documents\\Code\\stokemotors-api\\vendor\\laravel\\framework\\src\\Illuminate\\Routing\\Router.php(624): Illuminate\\Routing\\Router->runRoute()
#27 C:\\Users\\Kuda Musoni\\Documents\\Code\\stokemotors-api\\vendor\\laravel\\framework\\src\\Illuminate\\Routing\\Router.php(613): Illuminate\\Routing\\Router->dispatchToRoute()
#28 C:\\Users\\Kuda Musoni\\Documents\\Code\\stokemotors-api\\vendor\\laravel\\framework\\src\\Illuminate\\Foundation\\Http\\Kernel.php(170): Illuminate\\Routing\\Router->dispatch()
#29 C:\\Users\\Kuda Musoni\\Documents\\Code\\stokemotors-api\\vendor\\laravel\\framework\\src\\Illuminate\\Pipeline\\Pipeline.php(130): Illuminate\\Foundation\\Http\\Kernel->Illuminate\\Foundation\\Http\\{closure}()
#30 C:\\Users\\Kuda Musoni\\Documents\\Code\\stokemotors-api\\vendor\\laravel\\framework\\src\\Illuminate\\Foundation\\Http\\Middleware\\TransformsRequest.php(21): Illuminate\\Pipeline\\Pipeline->Illuminate\\Pipeline\\{closure}()
#31 C:\\Users\\Kuda Musoni\\Documents\\Code\\stokemotors-api\\vendor\\laravel\\framework\\src\\Illuminate\\Pipeline\\Pipeline.php(171): Illuminate\\Foundation\\Http\\Middleware\\TransformsRequest->handle()
#32 C:\\Users\\Kuda Musoni\\Documents\\Code\\stokemotors-api\\vendor\\laravel\\framework\\src\\Illuminate\\Foundation\\Http\\Middleware\\TransformsRequest.php(21): Illuminate\\Pipeline\\Pipeline->Illuminate\\Pipeline\\{closure}()
#33 C:\\Users\\Kuda Musoni\\Documents\\Code\\stokemotors-api\\vendor\\laravel\\framework\\src\\Illuminate\\Pipeline\\Pipeline.php(171): Illuminate\\Foundation\\Http\\Middleware\\TransformsRequest->handle()
#34 C:\\Users\\Kuda Musoni\\Documents\\Code\\stokemotors-api\\vendor\\laravel\\framework\\src\\Illuminate\\Foundation\\Http\\Middleware\\ValidatePostSize.php(27): Illuminate\\Pipeline\\Pipeline->Illuminate\\Pipeline\\{closure}()
#35 C:\\Users\\Kuda Musoni\\Documents\\Code\\stokemotors-api\\vendor\\laravel\\framework\\src\\Illuminate\\Pipeline\\Pipeline.php(171): Illuminate\\Foundation\\Http\\Middleware\\ValidatePostSize->handle()
#36 C:\\Users\\Kuda Musoni\\Documents\\Code\\stokemotors-api\\vendor\\laravel\\framework\\src\\Illuminate\\Foundation\\Http\\Middleware\\CheckForMaintenanceMode.php(63): Illuminate\\Pipeline\\Pipeline->Illuminate\\Pipeline\\{closure}()
#37 C:\\Users\\Kuda Musoni\\Documents\\Code\\stokemotors-api\\vendor\\laravel\\framework\\src\\Illuminate\\Pipeline\\Pipeline.php(171): Illuminate\\Foundation\\Http\\Middleware\\CheckForMaintenanceMode->handle()
#38 C:\\Users\\Kuda Musoni\\Documents\\Code\\stokemotors-api\\vendor\\fideloper\\proxy\\src\\TrustProxies.php(57): Illuminate\\Pipeline\\Pipeline->Illuminate\\Pipeline\\{closure}()
#39 C:\\Users\\Kuda Musoni\\Documents\\Code\\stokemotors-api\\vendor\\laravel\\framework\\src\\Illuminate\\Pipeline\\Pipeline.php(171): Fideloper\\Proxy\\TrustProxies->handle()
#40 C:\\Users\\Kuda Musoni\\Documents\\Code\\stokemotors-api\\vendor\\laravel\\framework\\src\\Illuminate\\Pipeline\\Pipeline.php(105): Illuminate\\Pipeline\\Pipeline->Illuminate\\Pipeline\\{closure}()
#41 C:\\Users\\Kuda Musoni\\Documents\\Code\\stokemotors-api\\vendor\\laravel\\framework\\src\\Illuminate\\Foundation\\Http\\Kernel.php(145): Illuminate\\Pipeline\\Pipeline->then()
#42 C:\\Users\\Kuda Musoni\\Documents\\Code\\stokemotors-api\\vendor\\laravel\\framework\\src\\Illuminate\\Foundation\\Http\\Kernel.php(110): Illuminate\\Foundation\\Http\\Kernel->sendRequestThroughRouter()
#43 C:\\Users\\Kuda Musoni\\Documents\\Code\\stokemotors-api\\public\\index.php(55): Illuminate\\Foundation\\Http\\Kernel->handle()
#44 C:\\Users\\Kuda Musoni\\Documents\\Code\\stokemotors-api\\server.php(21): require_once('C:\\\\Users\\\\Kuda M...')
#45 {main}
"} 
[2020-02-28 16:15:46] local.ERROR: Undefined variable: vehicle (View: C:\Users\Kuda Musoni\Documents\Code\stokemotors-api\resources\views\vehicle.blade.php) {"exception":"[object] (Facade\\Ignition\\Exceptions\\ViewException(code: 0): Undefined variable: vehicle (View: C:\\Users\\Kuda Musoni\\Documents\\Code\\stokemotors-api\esources\\views\\vehicle.blade.php) at C:\\Users\\Kuda Musoni\\Documents\\Code\\stokemotors-api\esources\\views/vehicle.blade.php:1)
[stacktrace]
#0 C:\\Users\\Kuda Musoni\\Documents\\Code\\stokemotors-api\esources\\views/vehicle.blade.php(1): Illuminate\\Foundation\\Bootstrap\\HandleExceptions->handleError()
#1 C:\\Users\\Kuda Musoni\\Documents\\Code\\stokemotors-api\\vendor\\laravel\\framework\\src\\Illuminate\\View\\Engines\\PhpEngine.php(43): include('C:\\\\Users\\\\Kuda M...')
#2 C:\\Users\\Kuda Musoni\\Documents\\Code\\stokemotors-api\\vendor\\laravel\\framework\\src\\Illuminate\\View\\Engines\\CompilerEngine.php(59): Illuminate\\View\\Engines\\PhpEngine->evaluatePath()
#3 C:\\Users\\Kuda Musoni\\Documents\\Code\\stokemotors-api\\vendor\\facade\\ignition\\src\\Views\\Engines\\CompilerEngine.php(36): Illuminate\\View\\Engines\\CompilerEngine->get()
#4 C:\\Users\\Kuda Musoni\\Documents\\Code\\stokemotors-api\\vendor\\laravel\\framework\\src\\Illuminate\\View\\View.php(143): Facade\\Ignition\\Views\\Engines\\CompilerEngine->get()
#5 C:\\Users\\Kuda Musoni\\Documents\\Code\\stokemotors-api\\vendor\\laravel\\framework\\src\\Illuminate\\View\\View.php(126): Illuminate\\View\\View->getContents()
#6 C:\\Users\\Kuda Musoni\\Documents\\Code\\stokemotors-api\\vendor\\laravel\\framework\\src\\Illuminate\\View\\View.php(91): Illuminate\\View\\View->renderContents()
#7 C:\\Users\\Kuda Musoni\\Documents\\Code\\stokemotors-api\\vendor\\laravel\\framework\\src\\Illuminate\\Http\\Response.php(42): Illuminate\\View\\View->render()
#8 C:\\Users\\Kuda Musoni\\Documents\\Code\\stokemotors-api\\vendor\\symfony\\http-foundation\\Response.php(202): Illuminate\\Http\\Response->setContent()
#9 C:\\Users\\Kuda Musoni\\Documents\\Code\\stokemotors-api\\vendor\\laravel\\framework\\src\\Illuminate\\Routing\\Router.php(749): Symfony\\Component\\HttpFoundation\\Response->__construct()
#10 C:\\Users\\Kuda Musoni\\Documents\\Code\\stokemotors-api\\vendor\\laravel\\framework\\src\\Illuminate\\Routing\\Router.php(721): Illuminate\\Routing\\Router::toResponse()
#11 C:\\Users\\Kuda Musoni\\Documents\\Code\\stokemotors-api\\vendor\\laravel\\framework\\src\\Illuminate\\Routing\\Router.php(681): Illuminate\\Routing\\Router->prepareResponse()
#12 C:\\Users\\Kuda Musoni\\Documents\\Code\\stokemotors-api\\vendor\\laravel\\framework\\src\\Illuminate\\Pipeline\\Pipeline.php(130): Illuminate\\Routing\\Router->Illuminate\\Routing\\{closure}()
#13 C:\\Users\\Kuda Musoni\\Documents\\Code\\stokemotors-api\\vendor\\laravel\\framework\\src\\Illuminate\\Routing\\Middleware\\SubstituteBindings.php(41): Illuminate\\Pipeline\\Pipeline->Illuminate\\Pipeline\\{closure}()
#14 C:\\Users\\Kuda Musoni\\Documents\\Code\\stokemotors-api\\vendor\\laravel\\framework\\src\\Illuminate\\Pipeline\\Pipeline.php(171): Illuminate\\Routing\\Middleware\\SubstituteBindings->handle()
#15 C:\\Users\\Kuda Musoni\\Documents\\Code\\stokemotors-api\\vendor\\laravel\\framework\\src\\Illuminate\\View\\Middleware\\ShareErrorsFromSession.php(49): Illuminate\\Pipeline\\Pipeline->Illuminate\\Pipeline\\{closure}()
#16 C:\\Users\\Kuda Musoni\\Documents\\Code\\stokemotors-api\\vendor\\laravel\\framework\\src\\Illuminate\\Pipeline\\Pipeline.php(171): Illuminate\\View\\Middleware\\ShareErrorsFromSession->handle()
#17 C:\\Users\\Kuda Musoni\\Documents\\Code\\stokemotors-api\\vendor\\laravel\\framework\\src\\Illuminate\\Session\\Middleware\\StartSession.php(56): Illuminate\\Pipeline\\Pipeline->Illuminate\\Pipeline\\{closure}()
#18 C:\\Users\\Kuda Musoni\\Documents\\Code\\stokemotors-api\\vendor\\laravel\\framework\\src\\Illuminate\\Pipeline\\Pipeline.php(171): Illuminate\\Session\\Middleware\\StartSession->handle()
#19 C:\\Users\\Kuda Musoni\\Documents\\Code\\stokemotors-api\\vendor\\laravel\\framework\\src\\Illuminate\\Cookie\\Middleware\\AddQueuedCookiesToResponse.php(37): Illuminate\\Pipeline\\Pipeline->Illuminate\\Pipeline\\{closure}()
#20 C:\\Users\\Kuda Musoni\\Documents\\Code\\stokemotors-api\\vendor\\laravel\\framework\\src\\Illuminate\\Pipeline\\Pipeline.php(171): Illuminate\\Cookie\\Middleware\\AddQueuedCookiesToResponse->handle()
#21 C:\\Users\\Kuda Musoni\\Documents\\Code\\stokemotors-api\\vendor\\laravel\\framework\\src\\Illuminate\\Cookie\\Middleware\\EncryptCookies.php(66): Illuminate\\Pipeline\\Pipeline->Illuminate\\Pipeline\\{closure}()
#22 C:\\Users\\Kuda Musoni\\Documents\\Code\\stokemotors-api\\vendor\\laravel\\framework\\src\\Illuminate\\Pipeline\\Pipeline.php(171): Illuminate\\Cookie\\Middleware\\EncryptCookies->handle()
#23 C:\\Users\\Kuda Musoni\\Documents\\Code\\stokemotors-api\\vendor\\laravel\\framework\\src\\Illuminate\\Pipeline\\Pipeline.php(105): Illuminate\\Pipeline\\Pipeline->Illuminate\\Pipeline\\{closure}()
#24 C:\\Users\\Kuda Musoni\\Documents\\Code\\stokemotors-api\\vendor\\laravel\\framework\\src\\Illuminate\\Routing\\Router.php(683): Illuminate\\Pipeline\\Pipeline->then()
#25 C:\\Users\\Kuda Musoni\\Documents\\Code\\stokemotors-api\\vendor\\laravel\\framework\\src\\Illuminate\\Routing\\Router.php(658): Illuminate\\Routing\\Router->runRouteWithinStack()
#26 C:\\Users\\Kuda Musoni\\Documents\\Code\\stokemotors-api\\vendor\\laravel\\framework\\src\\Illuminate\\Routing\\Router.php(624): Illuminate\\Routing\\Router->runRoute()
#27 C:\\Users\\Kuda Musoni\\Documents\\Code\\stokemotors-api\\vendor\\laravel\\framework\\src\\Illuminate\\Routing\\Router.php(613): Illuminate\\Routing\\Router->dispatchToRoute()
#28 C:\\Users\\Kuda Musoni\\Documents\\Code\\stokemotors-api\\vendor\\laravel\\framework\\src\\Illuminate\\Foundation\\Http\\Kernel.php(170): Illuminate\\Routing\\Router->dispatch()
#29 C:\\Users\\Kuda Musoni\\Documents\\Code\\stokemotors-api\\vendor\\laravel\\framework\\src\\Illuminate\\Pipeline\\Pipeline.php(130): Illuminate\\Foundation\\Http\\Kernel->Illuminate\\Foundation\\Http\\{closure}()
#30 C:\\Users\\Kuda Musoni\\Documents\\Code\\stokemotors-api\\vendor\\laravel\\framework\\src\\Illuminate\\Foundation\\Http\\Middleware\\TransformsRequest.php(21): Illuminate\\Pipeline\\Pipeline->Illuminate\\Pipeline\\{closure}()
#31 C:\\Users\\Kuda Musoni\\Documents\\Code\\stokemotors-api\\vendor\\laravel\\framework\\src\\Illuminate\\Pipeline\\Pipeline.php(171): Illuminate\\Foundation\\Http\\Middleware\\TransformsRequest->handle()
#32 C:\\Users\\Kuda Musoni\\Documents\\Code\\stokemotors-api\\vendor\\laravel\\framework\\src\\Illuminate\\Foundation\\Http\\Middleware\\TransformsRequest.php(21): Illuminate\\Pipeline\\Pipeline->Illuminate\\Pipeline\\{closure}()
#33 C:\\Users\\Kuda Musoni\\Documents\\Code\\stokemotors-api\\vendor\\laravel\\framework\\src\\Illuminate\\Pipeline\\Pipeline.php(171): Illuminate\\Foundation\\Http\\Middleware\\TransformsRequest->handle()
#34 C:\\Users\\Kuda Musoni\\Documents\\Code\\stokemotors-api\\vendor\\laravel\\framework\\src\\Illuminate\\Foundation\\Http\\Middleware\\ValidatePostSize.php(27): Illuminate\\Pipeline\\Pipeline->Illuminate\\Pipeline\\{closure}()
#35 C:\\Users\\Kuda Musoni\\Documents\\Code\\stokemotors-api\\vendor\\laravel\\framework\\src\\Illuminate\\Pipeline\\Pipeline.php(171): Illuminate\\Foundation\\Http\\Middleware\\ValidatePostSize->handle()
#36 C:\\Users\\Kuda Musoni\\Documents\\Code\\stokemotors-api\\vendor\\laravel\\framework\\src\\Illuminate\\Foundation\\Http\\Middleware\\CheckForMaintenanceMode.php(63): Illuminate\\Pipeline\\Pipeline->Illuminate\\Pipeline\\{closure}()
#37 C:\\Users\\Kuda Musoni\\Documents\\Code\\stokemotors-api\\vendor\\laravel\\framework\\src\\Illuminate\\Pipeline\\Pipeline.php(171): Illuminate\\Foundation\\Http\\Middleware\\CheckForMaintenanceMode->handle()
#38 C:\\Users\\Kuda Musoni\\Documents\\Code\\stokemotors-api\\vendor\\fideloper\\proxy\\src\\TrustProxies.php(57): Illuminate\\Pipeline\\Pipeline->Illuminate\\Pipeline\\{closure}()
#39 C:\\Users\\Kuda Musoni\\Documents\\Code\\stokemotors-api\\vendor\\laravel\\framework\\src\\Illuminate\\Pipeline\\Pipeline.php(171): Fideloper\\Proxy\\TrustProxies->handle()
#40 C:\\Users\\Kuda Musoni\\Documents\\Code\\stokemotors-api\\vendor\\laravel\\framework\\src\\Illuminate\\Pipeline\\Pipeline.php(105): Illuminate\\Pipeline\\Pipeline->Illuminate\\Pipeline\\{closure}()
#41 C:\\Users\\Kuda Musoni\\Documents\\Code\\stokemotors-api\\vendor\\laravel\\framework\\src\\Illuminate\\Foundation\\Http\\Kernel.php(145): Illuminate\\Pipeline\\Pipeline->then()
#42 C:\\Users\\Kuda Musoni\\Documents\\Code\\stokemotors-api\\vendor\\laravel\\framework\\src\\Illuminate\\Foundation\\Http\\Kernel.php(110): Illuminate\\Foundation\\Http\\Kernel->sendRequestThroughRouter()
#43 C:\\Users\\Kuda Musoni\\Documents\\Code\\stokemotors-api\\public\\index.php(55): Illuminate\\Foundation\\Http\\Kernel->handle()
#44 C:\\Users\\Kuda Musoni\\Documents\\Code\\stokemotors-api\\server.php(21): require_once('C:\\\\Users\\\\Kuda M...')
#45 {main}

[previous exception] [object] (ErrorException(code: 0): Undefined variable: vehicle at C:\\Users\\Kuda Musoni\\Documents\\Code\\stokemotors-api\\storage\\framework\\views\\6393b7df434bc84c20e6b9f1e3579b09a1f28409.php:1)
[stacktrace]
#0 C:\\Users\\Kuda Musoni\\Documents\\Code\\stokemotors-api\\storage\\framework\\views\\6393b7df434bc84c20e6b9f1e3579b09a1f28409.php(1): Illuminate\\Foundation\\Bootstrap\\HandleExceptions->handleError()
#1 C:\\Users\\Kuda Musoni\\Documents\\Code\\stokemotors-api\\vendor\\laravel\\framework\\src\\Illuminate\\View\\Engines\\PhpEngine.php(43): include('C:\\\\Users\\\\Kuda M...')
#2 C:\\Users\\Kuda Musoni\\Documents\\Code\\stokemotors-api\\vendor\\laravel\\framework\\src\\Illuminate\\View\\Engines\\CompilerEngine.php(59): Illuminate\\View\\Engines\\PhpEngine->evaluatePath()
#3 C:\\Users\\Kuda Musoni\\Documents\\Code\\stokemotors-api\\vendor\\facade\\ignition\\src\\Views\\Engines\\CompilerEngine.php(36): Illuminate\\View\\Engines\\CompilerEngine->get()
#4 C:\\Users\\Kuda Musoni\\Documents\\Code\\stokemotors-api\\vendor\\laravel\\framework\\src\\Illuminate\\View\\View.php(143): Facade\\Ignition\\Views\\Engines\\CompilerEngine->get()
#5 C:\\Users\\Kuda Musoni\\Documents\\Code\\stokemotors-api\\vendor\\laravel\\framework\\src\\Illuminate\\View\\View.php(126): Illuminate\\View\\View->getContents()
#6 C:\\Users\\Kuda Musoni\\Documents\\Code\\stokemotors-api\\vendor\\laravel\\framework\\src\\Illuminate\\View\\View.php(91): Illuminate\\View\\View->renderContents()
#7 C:\\Users\\Kuda Musoni\\Documents\\Code\\stokemotors-api\\vendor\\laravel\\framework\\src\\Illuminate\\Http\\Response.php(42): Illuminate\\View\\View->render()
#8 C:\\Users\\Kuda Musoni\\Documents\\Code\\stokemotors-api\\vendor\\symfony\\http-foundation\\Response.php(202): Illuminate\\Http\\Response->setContent()
#9 C:\\Users\\Kuda Musoni\\Documents\\Code\\stokemotors-api\\vendor\\laravel\\framework\\src\\Illuminate\\Routing\\Router.php(749): Symfony\\Component\\HttpFoundation\\Response->__construct()
#10 C:\\Users\\Kuda Musoni\\Documents\\Code\\stokemotors-api\\vendor\\laravel\\framework\\src\\Illuminate\\Routing\\Router.php(721): Illuminate\\Routing\\Router::toResponse()
#11 C:\\Users\\Kuda Musoni\\Documents\\Code\\stokemotors-api\\vendor\\laravel\\framework\\src\\Illuminate\\Routing\\Router.php(681): Illuminate\\Routing\\Router->prepareResponse()
#12 C:\\Users\\Kuda Musoni\\Documents\\Code\\stokemotors-api\\vendor\\laravel\\framework\\src\\Illuminate\\Pipeline\\Pipeline.php(130): Illuminate\\Routing\\Router->Illuminate\\Routing\\{closure}()
#13 C:\\Users\\Kuda Musoni\\Documents\\Code\\stokemotors-api\\vendor\\laravel\\framework\\src\\Illuminate\\Routing\\Middleware\\SubstituteBindings.php(41): Illuminate\\Pipeline\\Pipeline->Illuminate\\Pipeline\\{closure}()
#14 C:\\Users\\Kuda Musoni\\Documents\\Code\\stokemotors-api\\vendor\\laravel\\framework\\src\\Illuminate\\Pipeline\\Pipeline.php(171): Illuminate\\Routing\\Middleware\\SubstituteBindings->handle()
#15 C:\\Users\\Kuda Musoni\\Documents\\Code\\stokemotors-api\\vendor\\laravel\\framework\\src\\Illuminate\\View\\Middleware\\ShareErrorsFromSession.php(49): Illuminate\\Pipeline\\Pipeline->Illuminate\\Pipeline\\{closure}()
#16 C:\\Users\\Kuda Musoni\\Documents\\Code\\stokemotors-api\\vendor\\laravel\\framework\\src\\Illuminate\\Pipeline\\Pipeline.php(171): Illuminate\\View\\Middleware\\ShareErrorsFromSession->handle()
#17 C:\\Users\\Kuda Musoni\\Documents\\Code\\stokemotors-api\\vendor\\laravel\\framework\\src\\Illuminate\\Session\\Middleware\\StartSession.php(56): Illuminate\\Pipeline\\Pipeline->Illuminate\\Pipeline\\{closure}()
#18 C:\\Users\\Kuda Musoni\\Documents\\Code\\stokemotors-api\\vendor\\laravel\\framework\\src\\Illuminate\\Pipeline\\Pipeline.php(171): Illuminate\\Session\\Middleware\\StartSession->handle()
#19 C:\\Users\\Kuda Musoni\\Documents\\Code\\stokemotors-api\\vendor\\laravel\\framework\\src\\Illuminate\\Cookie\\Middleware\\AddQueuedCookiesToResponse.php(37): Illuminate\\Pipeline\\Pipeline->Illuminate\\Pipeline\\{closure}()
#20 C:\\Users\\Kuda Musoni\\Documents\\Code\\stokemotors-api\\vendor\\laravel\\framework\\src\\Illuminate\\Pipeline\\Pipeline.php(171): Illuminate\\Cookie\\Middleware\\AddQueuedCookiesToResponse->handle()
#21 C:\\Users\\Kuda Musoni\\Documents\\Code\\stokemotors-api\\vendor\\laravel\\framework\\src\\Illuminate\\Cookie\\Middleware\\EncryptCookies.php(66): Illuminate\\Pipeline\\Pipeline->Illuminate\\Pipeline\\{closure}()
#22 C:\\Users\\Kuda Musoni\\Documents\\Code\\stokemotors-api\\vendor\\laravel\\framework\\src\\Illuminate\\Pipeline\\Pipeline.php(171): Illuminate\\Cookie\\Middleware\\EncryptCookies->handle()
#23 C:\\Users\\Kuda Musoni\\Documents\\Code\\stokemotors-api\\vendor\\laravel\\framework\\src\\Illuminate\\Pipeline\\Pipeline.php(105): Illuminate\\Pipeline\\Pipeline->Illuminate\\Pipeline\\{closure}()
#24 C:\\Users\\Kuda Musoni\\Documents\\Code\\stokemotors-api\\vendor\\laravel\\framework\\src\\Illuminate\\Routing\\Router.php(683): Illuminate\\Pipeline\\Pipeline->then()
#25 C:\\Users\\Kuda Musoni\\Documents\\Code\\stokemotors-api\\vendor\\laravel\\framework\\src\\Illuminate\\Routing\\Router.php(658): Illuminate\\Routing\\Router->runRouteWithinStack()
#26 C:\\Users\\Kuda Musoni\\Documents\\Code\\stokemotors-api\\vendor\\laravel\\framework\\src\\Illuminate\\Routing\\Router.php(624): Illuminate\\Routing\\Router->runRoute()
#27 C:\\Users\\Kuda Musoni\\Documents\\Code\\stokemotors-api\\vendor\\laravel\\framework\\src\\Illuminate\\Routing\\Router.php(613): Illuminate\\Routing\\Router->dispatchToRoute()
#28 C:\\Users\\Kuda Musoni\\Documents\\Code\\stokemotors-api\\vendor\\laravel\\framework\\src\\Illuminate\\Foundation\\Http\\Kernel.php(170): Illuminate\\Routing\\Router->dispatch()
#29 C:\\Users\\Kuda Musoni\\Documents\\Code\\stokemotors-api\\vendor\\laravel\\framework\\src\\Illuminate\\Pipeline\\Pipeline.php(130): Illuminate\\Foundation\\Http\\Kernel->Illuminate\\Foundation\\Http\\{closure}()
#30 C:\\Users\\Kuda Musoni\\Documents\\Code\\stokemotors-api\\vendor\\laravel\\framework\\src\\Illuminate\\Foundation\\Http\\Middleware\\TransformsRequest.php(21): Illuminate\\Pipeline\\Pipeline->Illuminate\\Pipeline\\{closure}()
#31 C:\\Users\\Kuda Musoni\\Documents\\Code\\stokemotors-api\\vendor\\laravel\\framework\\src\\Illuminate\\Pipeline\\Pipeline.php(171): Illuminate\\Foundation\\Http\\Middleware\\TransformsRequest->handle()
#32 C:\\Users\\Kuda Musoni\\Documents\\Code\\stokemotors-api\\vendor\\laravel\\framework\\src\\Illuminate\\Foundation\\Http\\Middleware\\TransformsRequest.php(21): Illuminate\\Pipeline\\Pipeline->Illuminate\\Pipeline\\{closure}()
#33 C:\\Users\\Kuda Musoni\\Documents\\Code\\stokemotors-api\\vendor\\laravel\\framework\\src\\Illuminate\\Pipeline\\Pipeline.php(171): Illuminate\\Foundation\\Http\\Middleware\\TransformsRequest->handle()
#34 C:\\Users\\Kuda Musoni\\Documents\\Code\\stokemotors-api\\vendor\\laravel\\framework\\src\\Illuminate\\Foundation\\Http\\Middleware\\ValidatePostSize.php(27): Illuminate\\Pipeline\\Pipeline->Illuminate\\Pipeline\\{closure}()
#35 C:\\Users\\Kuda Musoni\\Documents\\Code\\stokemotors-api\\vendor\\laravel\\framework\\src\\Illuminate\\Pipeline\\Pipeline.php(171): Illuminate\\Foundation\\Http\\Middleware\\ValidatePostSize->handle()
#36 C:\\Users\\Kuda Musoni\\Documents\\Code\\stokemotors-api\\vendor\\laravel\\framework\\src\\Illuminate\\Foundation\\Http\\Middleware\\CheckForMaintenanceMode.php(63): Illuminate\\Pipeline\\Pipeline->Illuminate\\Pipeline\\{closure}()
#37 C:\\Users\\Kuda Musoni\\Documents\\Code\\stokemotors-api\\vendor\\laravel\\framework\\src\\Illuminate\\Pipeline\\Pipeline.php(171): Illuminate\\Foundation\\Http\\Middleware\\CheckForMaintenanceMode->handle()
#38 C:\\Users\\Kuda Musoni\\Documents\\Code\\stokemotors-api\\vendor\\fideloper\\proxy\\src\\TrustProxies.php(57): Illuminate\\Pipeline\\Pipeline->Illuminate\\Pipeline\\{closure}()
#39 C:\\Users\\Kuda Musoni\\Documents\\Code\\stokemotors-api\\vendor\\laravel\\framework\\src\\Illuminate\\Pipeline\\Pipeline.php(171): Fideloper\\Proxy\\TrustProxies->handle()
#40 C:\\Users\\Kuda Musoni\\Documents\\Code\\stokemotors-api\\vendor\\laravel\\framework\\src\\Illuminate\\Pipeline\\Pipeline.php(105): Illuminate\\Pipeline\\Pipeline->Illuminate\\Pipeline\\{closure}()
#41 C:\\Users\\Kuda Musoni\\Documents\\Code\\stokemotors-api\\vendor\\laravel\\framework\\src\\Illuminate\\Foundation\\Http\\Kernel.php(145): Illuminate\\Pipeline\\Pipeline->then()
#42 C:\\Users\\Kuda Musoni\\Documents\\Code\\stokemotors-api\\vendor\\laravel\\framework\\src\\Illuminate\\Foundation\\Http\\Kernel.php(110): Illuminate\\Foundation\\Http\\Kernel->sendRequestThroughRouter()
#43 C:\\Users\\Kuda Musoni\\Documents\\Code\\stokemotors-api\\public\\index.php(55): Illuminate\\Foundation\\Http\\Kernel->handle()
#44 C:\\Users\\Kuda Musoni\\Documents\\Code\\stokemotors-api\\server.php(21): require_once('C:\\\\Users\\\\Kuda M...')
#45 {main}
"} 
[2020-02-28 16:21:47] local.ERROR: Trying to access array offset on value of type null {"exception":"[object] (ErrorException(code: 0): Trying to access array offset on value of type null at C:\\Users\\Kuda Musoni\\Documents\\Code\\stokemotors-api\\app\\Formatters\\CustomerFormatter.php:35)
[stacktrace]
#0 C:\\Users\\Kuda Musoni\\Documents\\Code\\stokemotors-api\\app\\Formatters\\CustomerFormatter.php(35): Illuminate\\Foundation\\Bootstrap\\HandleExceptions->handleError()
#1 C:\\Users\\Kuda Musoni\\Documents\\Code\\stokemotors-api\\app\\Formatters\\CustomerFormatter.php(25): App\\Formatters\\CustomerFormatter->addresses()
#2 C:\\Users\\Kuda Musoni\\Documents\\Code\\stokemotors-api\\app\\Formatters\\CustomerFormatter.php(14): App\\Formatters\\CustomerFormatter->formatter()
#3 C:\\Users\\Kuda Musoni\\Documents\\Code\\stokemotors-api\\app\\Http\\Controllers\\CustomerController.php(30): App\\Formatters\\CustomerFormatter->getCustomer()
#4 [internal function]: App\\Http\\Controllers\\CustomerController->App\\Http\\Controllers\\{closure}()
#5 C:\\Users\\Kuda Musoni\\Documents\\Code\\stokemotors-api\\vendor\\laravel\\framework\\src\\Illuminate\\Support\\Collection.php(638): array_map()
#6 C:\\Users\\Kuda Musoni\\Documents\\Code\\stokemotors-api\\vendor\\laravel\\framework\\src\\Illuminate\\Database\\Eloquent\\Collection.php(254): Illuminate\\Support\\Collection->map()
#7 C:\\Users\\Kuda Musoni\\Documents\\Code\\stokemotors-api\\vendor\\laravel\\framework\\src\\Illuminate\\Support\\Collection.php(1179): Illuminate\\Database\\Eloquent\\Collection->map()
#8 C:\\Users\\Kuda Musoni\\Documents\\Code\\stokemotors-api\\app\\Http\\Controllers\\CustomerController.php(31): Illuminate\\Support\\Collection->transform()
#9 [internal function]: App\\Http\\Controllers\\CustomerController->listCustomers()
#10 C:\\Users\\Kuda Musoni\\Documents\\Code\\stokemotors-api\\vendor\\laravel\\framework\\src\\Illuminate\\Routing\\Controller.php(54): call_user_func_array()
#11 C:\\Users\\Kuda Musoni\\Documents\\Code\\stokemotors-api\\vendor\\laravel\\framework\\src\\Illuminate\\Routing\\ControllerDispatcher.php(45): Illuminate\\Routing\\Controller->callAction()
#12 C:\\Users\\Kuda Musoni\\Documents\\Code\\stokemotors-api\\vendor\\laravel\\framework\\src\\Illuminate\\Routing\\Route.php(219): Illuminate\\Routing\\ControllerDispatcher->dispatch()
#13 C:\\Users\\Kuda Musoni\\Documents\\Code\\stokemotors-api\\vendor\\laravel\\framework\\src\\Illuminate\\Routing\\Route.php(176): Illuminate\\Routing\\Route->runController()
#14 C:\\Users\\Kuda Musoni\\Documents\\Code\\stokemotors-api\\vendor\\laravel\\framework\\src\\Illuminate\\Routing\\Router.php(681): Illuminate\\Routing\\Route->run()
#15 C:\\Users\\Kuda Musoni\\Documents\\Code\\stokemotors-api\\vendor\\laravel\\framework\\src\\Illuminate\\Pipeline\\Pipeline.php(130): Illuminate\\Routing\\Router->Illuminate\\Routing\\{closure}()
#16 C:\\Users\\Kuda Musoni\\Documents\\Code\\stokemotors-api\\vendor\\laravel\\framework\\src\\Illuminate\\Routing\\Middleware\\SubstituteBindings.php(41): Illuminate\\Pipeline\\Pipeline->Illuminate\\Pipeline\\{closure}()
#17 C:\\Users\\Kuda Musoni\\Documents\\Code\\stokemotors-api\\vendor\\laravel\\framework\\src\\Illuminate\\Pipeline\\Pipeline.php(171): Illuminate\\Routing\\Middleware\\SubstituteBindings->handle()
#18 C:\\Users\\Kuda Musoni\\Documents\\Code\\stokemotors-api\\vendor\\laravel\\framework\\src\\Illuminate\\View\\Middleware\\ShareErrorsFromSession.php(49): Illuminate\\Pipeline\\Pipeline->Illuminate\\Pipeline\\{closure}()
#19 C:\\Users\\Kuda Musoni\\Documents\\Code\\stokemotors-api\\vendor\\laravel\\framework\\src\\Illuminate\\Pipeline\\Pipeline.php(171): Illuminate\\View\\Middleware\\ShareErrorsFromSession->handle()
#20 C:\\Users\\Kuda Musoni\\Documents\\Code\\stokemotors-api\\vendor\\laravel\\framework\\src\\Illuminate\\Session\\Middleware\\StartSession.php(56): Illuminate\\Pipeline\\Pipeline->Illuminate\\Pipeline\\{closure}()
#21 C:\\Users\\Kuda Musoni\\Documents\\Code\\stokemotors-api\\vendor\\laravel\\framework\\src\\Illuminate\\Pipeline\\Pipeline.php(171): Illuminate\\Session\\Middleware\\StartSession->handle()
#22 C:\\Users\\Kuda Musoni\\Documents\\Code\\stokemotors-api\\vendor\\laravel\\framework\\src\\Illuminate\\Cookie\\Middleware\\AddQueuedCookiesToResponse.php(37): Illuminate\\Pipeline\\Pipeline->Illuminate\\Pipeline\\{closure}()
#23 C:\\Users\\Kuda Musoni\\Documents\\Code\\stokemotors-api\\vendor\\laravel\\framework\\src\\Illuminate\\Pipeline\\Pipeline.php(171): Illuminate\\Cookie\\Middleware\\AddQueuedCookiesToResponse->handle()
#24 C:\\Users\\Kuda Musoni\\Documents\\Code\\stokemotors-api\\vendor\\laravel\\framework\\src\\Illuminate\\Cookie\\Middleware\\EncryptCookies.php(66): Illuminate\\Pipeline\\Pipeline->Illuminate\\Pipeline\\{closure}()
#25 C:\\Users\\Kuda Musoni\\Documents\\Code\\stokemotors-api\\vendor\\laravel\\framework\\src\\Illuminate\\Pipeline\\Pipeline.php(171): Illuminate\\Cookie\\Middleware\\EncryptCookies->handle()
#26 C:\\Users\\Kuda Musoni\\Documents\\Code\\stokemotors-api\\vendor\\laravel\\framework\\src\\Illuminate\\Pipeline\\Pipeline.php(105): Illuminate\\Pipeline\\Pipeline->Illuminate\\Pipeline\\{closure}()
#27 C:\\Users\\Kuda Musoni\\Documents\\Code\\stokemotors-api\\vendor\\laravel\\framework\\src\\Illuminate\\Routing\\Router.php(683): Illuminate\\Pipeline\\Pipeline->then()
#28 C:\\Users\\Kuda Musoni\\Documents\\Code\\stokemotors-api\\vendor\\laravel\\framework\\src\\Illuminate\\Routing\\Router.php(658): Illuminate\\Routing\\Router->runRouteWithinStack()
#29 C:\\Users\\Kuda Musoni\\Documents\\Code\\stokemotors-api\\vendor\\laravel\\framework\\src\\Illuminate\\Routing\\Router.php(624): Illuminate\\Routing\\Router->runRoute()
#30 C:\\Users\\Kuda Musoni\\Documents\\Code\\stokemotors-api\\vendor\\laravel\\framework\\src\\Illuminate\\Routing\\Router.php(613): Illuminate\\Routing\\Router->dispatchToRoute()
#31 C:\\Users\\Kuda Musoni\\Documents\\Code\\stokemotors-api\\vendor\\laravel\\framework\\src\\Illuminate\\Foundation\\Http\\Kernel.php(170): Illuminate\\Routing\\Router->dispatch()
#32 C:\\Users\\Kuda Musoni\\Documents\\Code\\stokemotors-api\\vendor\\laravel\\framework\\src\\Illuminate\\Pipeline\\Pipeline.php(130): Illuminate\\Foundation\\Http\\Kernel->Illuminate\\Foundation\\Http\\{closure}()
#33 C:\\Users\\Kuda Musoni\\Documents\\Code\\stokemotors-api\\vendor\\laravel\\framework\\src\\Illuminate\\Foundation\\Http\\Middleware\\TransformsRequest.php(21): Illuminate\\Pipeline\\Pipeline->Illuminate\\Pipeline\\{closure}()
#34 C:\\Users\\Kuda Musoni\\Documents\\Code\\stokemotors-api\\vendor\\laravel\\framework\\src\\Illuminate\\Pipeline\\Pipeline.php(171): Illuminate\\Foundation\\Http\\Middleware\\TransformsRequest->handle()
#35 C:\\Users\\Kuda Musoni\\Documents\\Code\\stokemotors-api\\vendor\\laravel\\framework\\src\\Illuminate\\Foundation\\Http\\Middleware\\TransformsRequest.php(21): Illuminate\\Pipeline\\Pipeline->Illuminate\\Pipeline\\{closure}()
#36 C:\\Users\\Kuda Musoni\\Documents\\Code\\stokemotors-api\\vendor\\laravel\\framework\\src\\Illuminate\\Pipeline\\Pipeline.php(171): Illuminate\\Foundation\\Http\\Middleware\\TransformsRequest->handle()
#37 C:\\Users\\Kuda Musoni\\Documents\\Code\\stokemotors-api\\vendor\\laravel\\framework\\src\\Illuminate\\Foundation\\Http\\Middleware\\ValidatePostSize.php(27): Illuminate\\Pipeline\\Pipeline->Illuminate\\Pipeline\\{closure}()
#38 C:\\Users\\Kuda Musoni\\Documents\\Code\\stokemotors-api\\vendor\\laravel\\framework\\src\\Illuminate\\Pipeline\\Pipeline.php(171): Illuminate\\Foundation\\Http\\Middleware\\ValidatePostSize->handle()
#39 C:\\Users\\Kuda Musoni\\Documents\\Code\\stokemotors-api\\vendor\\laravel\\framework\\src\\Illuminate\\Foundation\\Http\\Middleware\\CheckForMaintenanceMode.php(63): Illuminate\\Pipeline\\Pipeline->Illuminate\\Pipeline\\{closure}()
#40 C:\\Users\\Kuda Musoni\\Documents\\Code\\stokemotors-api\\vendor\\laravel\\framework\\src\\Illuminate\\Pipeline\\Pipeline.php(171): Illuminate\\Foundation\\Http\\Middleware\\CheckForMaintenanceMode->handle()
#41 C:\\Users\\Kuda Musoni\\Documents\\Code\\stokemotors-api\\vendor\\fideloper\\proxy\\src\\TrustProxies.php(57): Illuminate\\Pipeline\\Pipeline->Illuminate\\Pipeline\\{closure}()
#42 C:\\Users\\Kuda Musoni\\Documents\\Code\\stokemotors-api\\vendor\\laravel\\framework\\src\\Illuminate\\Pipeline\\Pipeline.php(171): Fideloper\\Proxy\\TrustProxies->handle()
#43 C:\\Users\\Kuda Musoni\\Documents\\Code\\stokemotors-api\\vendor\\laravel\\framework\\src\\Illuminate\\Pipeline\\Pipeline.php(105): Illuminate\\Pipeline\\Pipeline->Illuminate\\Pipeline\\{closure}()
#44 C:\\Users\\Kuda Musoni\\Documents\\Code\\stokemotors-api\\vendor\\laravel\\framework\\src\\Illuminate\\Foundation\\Http\\Kernel.php(145): Illuminate\\Pipeline\\Pipeline->then()
#45 C:\\Users\\Kuda Musoni\\Documents\\Code\\stokemotors-api\\vendor\\laravel\\framework\\src\\Illuminate\\Foundation\\Http\\Kernel.php(110): Illuminate\\Foundation\\Http\\Kernel->sendRequestThroughRouter()
#46 C:\\Users\\Kuda Musoni\\Documents\\Code\\stokemotors-api\\public\\index.php(55): Illuminate\\Foundation\\Http\\Kernel->handle()
#47 C:\\Users\\Kuda Musoni\\Documents\\Code\\stokemotors-api\\server.php(21): require_once('C:\\\\Users\\\\Kuda M...')
#48 {main}
"} 
[2020-02-28 16:50:28] local.ERROR: syntax error, unexpected '' (T_ENCAPSED_AND_WHITESPACE), expecting '-' or identifier (T_STRING) or variable (T_VARIABLE) or number (T_NUM_STRING) (View: C:\Users\Kuda Musoni\Documents\Code\stokemotors-api\resources\views\vehicle.blade.php) {"exception":"[object] (Facade\\Ignition\\Exceptions\\ViewException(code: 0): syntax error, unexpected '' (T_ENCAPSED_AND_WHITESPACE), expecting '-' or identifier (T_STRING) or variable (T_VARIABLE) or number (T_NUM_STRING) (View: C:\\Users\\Kuda Musoni\\Documents\\Code\\stokemotors-api\esources\\views\\vehicle.blade.php) at C:\\Users\\Kuda Musoni\\Documents\\Code\\stokemotors-api\esources\\views/vehicle.blade.php:19)
[stacktrace]
#0 C:\\Users\\Kuda Musoni\\Documents\\Code\\stokemotors-api\\vendor\\laravel\\framework\\src\\Illuminate\\View\\Engines\\CompilerEngine.php(59): Illuminate\\View\\Engines\\PhpEngine->evaluatePath()
#1 C:\\Users\\Kuda Musoni\\Documents\\Code\\stokemotors-api\\vendor\\facade\\ignition\\src\\Views\\Engines\\CompilerEngine.php(36): Illuminate\\View\\Engines\\CompilerEngine->get()
#2 C:\\Users\\Kuda Musoni\\Documents\\Code\\stokemotors-api\\vendor\\laravel\\framework\\src\\Illuminate\\View\\View.php(143): Facade\\Ignition\\Views\\Engines\\CompilerEngine->get()
#3 C:\\Users\\Kuda Musoni\\Documents\\Code\\stokemotors-api\\vendor\\laravel\\framework\\src\\Illuminate\\View\\View.php(126): Illuminate\\View\\View->getContents()
#4 C:\\Users\\Kuda Musoni\\Documents\\Code\\stokemotors-api\\vendor\\laravel\\framework\\src\\Illuminate\\View\\View.php(91): Illuminate\\View\\View->renderContents()
#5 C:\\Users\\Kuda Musoni\\Documents\\Code\\stokemotors-api\\vendor\\laravel\\framework\\src\\Illuminate\\Http\\Response.php(42): Illuminate\\View\\View->render()
#6 C:\\Users\\Kuda Musoni\\Documents\\Code\\stokemotors-api\\vendor\\symfony\\http-foundation\\Response.php(202): Illuminate\\Http\\Response->setContent()
#7 C:\\Users\\Kuda Musoni\\Documents\\Code\\stokemotors-api\\vendor\\laravel\\framework\\src\\Illuminate\\Routing\\Router.php(749): Symfony\\Component\\HttpFoundation\\Response->__construct()
#8 C:\\Users\\Kuda Musoni\\Documents\\Code\\stokemotors-api\\vendor\\laravel\\framework\\src\\Illuminate\\Routing\\Router.php(721): Illuminate\\Routing\\Router::toResponse()
#9 C:\\Users\\Kuda Musoni\\Documents\\Code\\stokemotors-api\\vendor\\laravel\\framework\\src\\Illuminate\\Routing\\Router.php(681): Illuminate\\Routing\\Router->prepareResponse()
#10 C:\\Users\\Kuda Musoni\\Documents\\Code\\stokemotors-api\\vendor\\laravel\\framework\\src\\Illuminate\\Pipeline\\Pipeline.php(130): Illuminate\\Routing\\Router->Illuminate\\Routing\\{closure}()
#11 C:\\Users\\Kuda Musoni\\Documents\\Code\\stokemotors-api\\vendor\\laravel\\framework\\src\\Illuminate\\Routing\\Middleware\\SubstituteBindings.php(41): Illuminate\\Pipeline\\Pipeline->Illuminate\\Pipeline\\{closure}()
#12 C:\\Users\\Kuda Musoni\\Documents\\Code\\stokemotors-api\\vendor\\laravel\\framework\\src\\Illuminate\\Pipeline\\Pipeline.php(171): Illuminate\\Routing\\Middleware\\SubstituteBindings->handle()
#13 C:\\Users\\Kuda Musoni\\Documents\\Code\\stokemotors-api\\vendor\\laravel\\framework\\src\\Illuminate\\View\\Middleware\\ShareErrorsFromSession.php(49): Illuminate\\Pipeline\\Pipeline->Illuminate\\Pipeline\\{closure}()
#14 C:\\Users\\Kuda Musoni\\Documents\\Code\\stokemotors-api\\vendor\\laravel\\framework\\src\\Illuminate\\Pipeline\\Pipeline.php(171): Illuminate\\View\\Middleware\\ShareErrorsFromSession->handle()
#15 C:\\Users\\Kuda Musoni\\Documents\\Code\\stokemotors-api\\vendor\\laravel\\framework\\src\\Illuminate\\Session\\Middleware\\StartSession.php(56): Illuminate\\Pipeline\\Pipeline->Illuminate\\Pipeline\\{closure}()
#16 C:\\Users\\Kuda Musoni\\Documents\\Code\\stokemotors-api\\vendor\\laravel\\framework\\src\\Illuminate\\Pipeline\\Pipeline.php(171): Illuminate\\Session\\Middleware\\StartSession->handle()
#17 C:\\Users\\Kuda Musoni\\Documents\\Code\\stokemotors-api\\vendor\\laravel\\framework\\src\\Illuminate\\Cookie\\Middleware\\AddQueuedCookiesToResponse.php(37): Illuminate\\Pipeline\\Pipeline->Illuminate\\Pipeline\\{closure}()
#18 C:\\Users\\Kuda Musoni\\Documents\\Code\\stokemotors-api\\vendor\\laravel\\framework\\src\\Illuminate\\Pipeline\\Pipeline.php(171): Illuminate\\Cookie\\Middleware\\AddQueuedCookiesToResponse->handle()
#19 C:\\Users\\Kuda Musoni\\Documents\\Code\\stokemotors-api\\vendor\\laravel\\framework\\src\\Illuminate\\Cookie\\Middleware\\EncryptCookies.php(66): Illuminate\\Pipeline\\Pipeline->Illuminate\\Pipeline\\{closure}()
#20 C:\\Users\\Kuda Musoni\\Documents\\Code\\stokemotors-api\\vendor\\laravel\\framework\\src\\Illuminate\\Pipeline\\Pipeline.php(171): Illuminate\\Cookie\\Middleware\\EncryptCookies->handle()
#21 C:\\Users\\Kuda Musoni\\Documents\\Code\\stokemotors-api\\vendor\\laravel\\framework\\src\\Illuminate\\Pipeline\\Pipeline.php(105): Illuminate\\Pipeline\\Pipeline->Illuminate\\Pipeline\\{closure}()
#22 C:\\Users\\Kuda Musoni\\Documents\\Code\\stokemotors-api\\vendor\\laravel\\framework\\src\\Illuminate\\Routing\\Router.php(683): Illuminate\\Pipeline\\Pipeline->then()
#23 C:\\Users\\Kuda Musoni\\Documents\\Code\\stokemotors-api\\vendor\\laravel\\framework\\src\\Illuminate\\Routing\\Router.php(658): Illuminate\\Routing\\Router->runRouteWithinStack()
#24 C:\\Users\\Kuda Musoni\\Documents\\Code\\stokemotors-api\\vendor\\laravel\\framework\\src\\Illuminate\\Routing\\Router.php(624): Illuminate\\Routing\\Router->runRoute()
#25 C:\\Users\\Kuda Musoni\\Documents\\Code\\stokemotors-api\\vendor\\laravel\\framework\\src\\Illuminate\\Routing\\Router.php(613): Illuminate\\Routing\\Router->dispatchToRoute()
#26 C:\\Users\\Kuda Musoni\\Documents\\Code\\stokemotors-api\\vendor\\laravel\\framework\\src\\Illuminate\\Foundation\\Http\\Kernel.php(170): Illuminate\\Routing\\Router->dispatch()
#27 C:\\Users\\Kuda Musoni\\Documents\\Code\\stokemotors-api\\vendor\\laravel\\framework\\src\\Illuminate\\Pipeline\\Pipeline.php(130): Illuminate\\Foundation\\Http\\Kernel->Illuminate\\Foundation\\Http\\{closure}()
#28 C:\\Users\\Kuda Musoni\\Documents\\Code\\stokemotors-api\\vendor\\laravel\\framework\\src\\Illuminate\\Foundation\\Http\\Middleware\\TransformsRequest.php(21): Illuminate\\Pipeline\\Pipeline->Illuminate\\Pipeline\\{closure}()
#29 C:\\Users\\Kuda Musoni\\Documents\\Code\\stokemotors-api\\vendor\\laravel\\framework\\src\\Illuminate\\Pipeline\\Pipeline.php(171): Illuminate\\Foundation\\Http\\Middleware\\TransformsRequest->handle()
#30 C:\\Users\\Kuda Musoni\\Documents\\Code\\stokemotors-api\\vendor\\laravel\\framework\\src\\Illuminate\\Foundation\\Http\\Middleware\\TransformsRequest.php(21): Illuminate\\Pipeline\\Pipeline->Illuminate\\Pipeline\\{closure}()
#31 C:\\Users\\Kuda Musoni\\Documents\\Code\\stokemotors-api\\vendor\\laravel\\framework\\src\\Illuminate\\Pipeline\\Pipeline.php(171): Illuminate\\Foundation\\Http\\Middleware\\TransformsRequest->handle()
#32 C:\\Users\\Kuda Musoni\\Documents\\Code\\stokemotors-api\\vendor\\laravel\\framework\\src\\Illuminate\\Foundation\\Http\\Middleware\\ValidatePostSize.php(27): Illuminate\\Pipeline\\Pipeline->Illuminate\\Pipeline\\{closure}()
#33 C:\\Users\\Kuda Musoni\\Documents\\Code\\stokemotors-api\\vendor\\laravel\\framework\\src\\Illuminate\\Pipeline\\Pipeline.php(171): Illuminate\\Foundation\\Http\\Middleware\\ValidatePostSize->handle()
#34 C:\\Users\\Kuda Musoni\\Documents\\Code\\stokemotors-api\\vendor\\laravel\\framework\\src\\Illuminate\\Foundation\\Http\\Middleware\\CheckForMaintenanceMode.php(63): Illuminate\\Pipeline\\Pipeline->Illuminate\\Pipeline\\{closure}()
#35 C:\\Users\\Kuda Musoni\\Documents\\Code\\stokemotors-api\\vendor\\laravel\\framework\\src\\Illuminate\\Pipeline\\Pipeline.php(171): Illuminate\\Foundation\\Http\\Middleware\\CheckForMaintenanceMode->handle()
#36 C:\\Users\\Kuda Musoni\\Documents\\Code\\stokemotors-api\\vendor\\fideloper\\proxy\\src\\TrustProxies.php(57): Illuminate\\Pipeline\\Pipeline->Illuminate\\Pipeline\\{closure}()
#37 C:\\Users\\Kuda Musoni\\Documents\\Code\\stokemotors-api\\vendor\\laravel\\framework\\src\\Illuminate\\Pipeline\\Pipeline.php(171): Fideloper\\Proxy\\TrustProxies->handle()
#38 C:\\Users\\Kuda Musoni\\Documents\\Code\\stokemotors-api\\vendor\\laravel\\framework\\src\\Illuminate\\Pipeline\\Pipeline.php(105): Illuminate\\Pipeline\\Pipeline->Illuminate\\Pipeline\\{closure}()
#39 C:\\Users\\Kuda Musoni\\Documents\\Code\\stokemotors-api\\vendor\\laravel\\framework\\src\\Illuminate\\Foundation\\Http\\Kernel.php(145): Illuminate\\Pipeline\\Pipeline->then()
#40 C:\\Users\\Kuda Musoni\\Documents\\Code\\stokemotors-api\\vendor\\laravel\\framework\\src\\Illuminate\\Foundation\\Http\\Kernel.php(110): Illuminate\\Foundation\\Http\\Kernel->sendRequestThroughRouter()
#41 C:\\Users\\Kuda Musoni\\Documents\\Code\\stokemotors-api\\public\\index.php(55): Illuminate\\Foundation\\Http\\Kernel->handle()
#42 C:\\Users\\Kuda Musoni\\Documents\\Code\\stokemotors-api\\server.php(21): require_once('C:\\\\Users\\\\Kuda M...')
#43 {main}

[previous exception] [object] (Symfony\\Component\\Debug\\Exception\\FatalThrowableError(code: 0): syntax error, unexpected '' (T_ENCAPSED_AND_WHITESPACE), expecting '-' or identifier (T_STRING) or variable (T_VARIABLE) or number (T_NUM_STRING) at C:\\Users\\Kuda Musoni\\Documents\\Code\\stokemotors-api\\storage\\framework\\views\\6393b7df434bc84c20e6b9f1e3579b09a1f28409.php:17)
[stacktrace]
#0 C:\\Users\\Kuda Musoni\\Documents\\Code\\stokemotors-api\\vendor\\laravel\\framework\\src\\Illuminate\\View\\Engines\\CompilerEngine.php(59): Illuminate\\View\\Engines\\PhpEngine->evaluatePath()
#1 C:\\Users\\Kuda Musoni\\Documents\\Code\\stokemotors-api\\vendor\\facade\\ignition\\src\\Views\\Engines\\CompilerEngine.php(36): Illuminate\\View\\Engines\\CompilerEngine->get()
#2 C:\\Users\\Kuda Musoni\\Documents\\Code\\stokemotors-api\\vendor\\laravel\\framework\\src\\Illuminate\\View\\View.php(143): Facade\\Ignition\\Views\\Engines\\CompilerEngine->get()
#3 C:\\Users\\Kuda Musoni\\Documents\\Code\\stokemotors-api\\vendor\\laravel\\framework\\src\\Illuminate\\View\\View.php(126): Illuminate\\View\\View->getContents()
#4 C:\\Users\\Kuda Musoni\\Documents\\Code\\stokemotors-api\\vendor\\laravel\\framework\\src\\Illuminate\\View\\View.php(91): Illuminate\\View\\View->renderContents()
#5 C:\\Users\\Kuda Musoni\\Documents\\Code\\stokemotors-api\\vendor\\laravel\\framework\\src\\Illuminate\\Http\\Response.php(42): Illuminate\\View\\View->render()
#6 C:\\Users\\Kuda Musoni\\Documents\\Code\\stokemotors-api\\vendor\\symfony\\http-foundation\\Response.php(202): Illuminate\\Http\\Response->setContent()
#7 C:\\Users\\Kuda Musoni\\Documents\\Code\\stokemotors-api\\vendor\\laravel\\framework\\src\\Illuminate\\Routing\\Router.php(749): Symfony\\Component\\HttpFoundation\\Response->__construct()
#8 C:\\Users\\Kuda Musoni\\Documents\\Code\\stokemotors-api\\vendor\\laravel\\framework\\src\\Illuminate\\Routing\\Router.php(721): Illuminate\\Routing\\Router::toResponse()
#9 C:\\Users\\Kuda Musoni\\Documents\\Code\\stokemotors-api\\vendor\\laravel\\framework\\src\\Illuminate\\Routing\\Router.php(681): Illuminate\\Routing\\Router->prepareResponse()
#10 C:\\Users\\Kuda Musoni\\Documents\\Code\\stokemotors-api\\vendor\\laravel\\framework\\src\\Illuminate\\Pipeline\\Pipeline.php(130): Illuminate\\Routing\\Router->Illuminate\\Routing\\{closure}()
#11 C:\\Users\\Kuda Musoni\\Documents\\Code\\stokemotors-api\\vendor\\laravel\\framework\\src\\Illuminate\\Routing\\Middleware\\SubstituteBindings.php(41): Illuminate\\Pipeline\\Pipeline->Illuminate\\Pipeline\\{closure}()
#12 C:\\Users\\Kuda Musoni\\Documents\\Code\\stokemotors-api\\vendor\\laravel\\framework\\src\\Illuminate\\Pipeline\\Pipeline.php(171): Illuminate\\Routing\\Middleware\\SubstituteBindings->handle()
#13 C:\\Users\\Kuda Musoni\\Documents\\Code\\stokemotors-api\\vendor\\laravel\\framework\\src\\Illuminate\\View\\Middleware\\ShareErrorsFromSession.php(49): Illuminate\\Pipeline\\Pipeline->Illuminate\\Pipeline\\{closure}()
#14 C:\\Users\\Kuda Musoni\\Documents\\Code\\stokemotors-api\\vendor\\laravel\\framework\\src\\Illuminate\\Pipeline\\Pipeline.php(171): Illuminate\\View\\Middleware\\ShareErrorsFromSession->handle()
#15 C:\\Users\\Kuda Musoni\\Documents\\Code\\stokemotors-api\\vendor\\laravel\\framework\\src\\Illuminate\\Session\\Middleware\\StartSession.php(56): Illuminate\\Pipeline\\Pipeline->Illuminate\\Pipeline\\{closure}()
#16 C:\\Users\\Kuda Musoni\\Documents\\Code\\stokemotors-api\\vendor\\laravel\\framework\\src\\Illuminate\\Pipeline\\Pipeline.php(171): Illuminate\\Session\\Middleware\\StartSession->handle()
#17 C:\\Users\\Kuda Musoni\\Documents\\Code\\stokemotors-api\\vendor\\laravel\\framework\\src\\Illuminate\\Cookie\\Middleware\\AddQueuedCookiesToResponse.php(37): Illuminate\\Pipeline\\Pipeline->Illuminate\\Pipeline\\{closure}()
#18 C:\\Users\\Kuda Musoni\\Documents\\Code\\stokemotors-api\\vendor\\laravel\\framework\\src\\Illuminate\\Pipeline\\Pipeline.php(171): Illuminate\\Cookie\\Middleware\\AddQueuedCookiesToResponse->handle()
#19 C:\\Users\\Kuda Musoni\\Documents\\Code\\stokemotors-api\\vendor\\laravel\\framework\\src\\Illuminate\\Cookie\\Middleware\\EncryptCookies.php(66): Illuminate\\Pipeline\\Pipeline->Illuminate\\Pipeline\\{closure}()
#20 C:\\Users\\Kuda Musoni\\Documents\\Code\\stokemotors-api\\vendor\\laravel\\framework\\src\\Illuminate\\Pipeline\\Pipeline.php(171): Illuminate\\Cookie\\Middleware\\EncryptCookies->handle()
#21 C:\\Users\\Kuda Musoni\\Documents\\Code\\stokemotors-api\\vendor\\laravel\\framework\\src\\Illuminate\\Pipeline\\Pipeline.php(105): Illuminate\\Pipeline\\Pipeline->Illuminate\\Pipeline\\{closure}()
#22 C:\\Users\\Kuda Musoni\\Documents\\Code\\stokemotors-api\\vendor\\laravel\\framework\\src\\Illuminate\\Routing\\Router.php(683): Illuminate\\Pipeline\\Pipeline->then()
#23 C:\\Users\\Kuda Musoni\\Documents\\Code\\stokemotors-api\\vendor\\laravel\\framework\\src\\Illuminate\\Routing\\Router.php(658): Illuminate\\Routing\\Router->runRouteWithinStack()
#24 C:\\Users\\Kuda Musoni\\Documents\\Code\\stokemotors-api\\vendor\\laravel\\framework\\src\\Illuminate\\Routing\\Router.php(624): Illuminate\\Routing\\Router->runRoute()
#25 C:\\Users\\Kuda Musoni\\Documents\\Code\\stokemotors-api\\vendor\\laravel\\framework\\src\\Illuminate\\Routing\\Router.php(613): Illuminate\\Routing\\Router->dispatchToRoute()
#26 C:\\Users\\Kuda Musoni\\Documents\\Code\\stokemotors-api\\vendor\\laravel\\framework\\src\\Illuminate\\Foundation\\Http\\Kernel.php(170): Illuminate\\Routing\\Router->dispatch()
#27 C:\\Users\\Kuda Musoni\\Documents\\Code\\stokemotors-api\\vendor\\laravel\\framework\\src\\Illuminate\\Pipeline\\Pipeline.php(130): Illuminate\\Foundation\\Http\\Kernel->Illuminate\\Foundation\\Http\\{closure}()
#28 C:\\Users\\Kuda Musoni\\Documents\\Code\\stokemotors-api\\vendor\\laravel\\framework\\src\\Illuminate\\Foundation\\Http\\Middleware\\TransformsRequest.php(21): Illuminate\\Pipeline\\Pipeline->Illuminate\\Pipeline\\{closure}()
#29 C:\\Users\\Kuda Musoni\\Documents\\Code\\stokemotors-api\\vendor\\laravel\\framework\\src\\Illuminate\\Pipeline\\Pipeline.php(171): Illuminate\\Foundation\\Http\\Middleware\\TransformsRequest->handle()
#30 C:\\Users\\Kuda Musoni\\Documents\\Code\\stokemotors-api\\vendor\\laravel\\framework\\src\\Illuminate\\Foundation\\Http\\Middleware\\TransformsRequest.php(21): Illuminate\\Pipeline\\Pipeline->Illuminate\\Pipeline\\{closure}()
#31 C:\\Users\\Kuda Musoni\\Documents\\Code\\stokemotors-api\\vendor\\laravel\\framework\\src\\Illuminate\\Pipeline\\Pipeline.php(171): Illuminate\\Foundation\\Http\\Middleware\\TransformsRequest->handle()
#32 C:\\Users\\Kuda Musoni\\Documents\\Code\\stokemotors-api\\vendor\\laravel\\framework\\src\\Illuminate\\Foundation\\Http\\Middleware\\ValidatePostSize.php(27): Illuminate\\Pipeline\\Pipeline->Illuminate\\Pipeline\\{closure}()
#33 C:\\Users\\Kuda Musoni\\Documents\\Code\\stokemotors-api\\vendor\\laravel\\framework\\src\\Illuminate\\Pipeline\\Pipeline.php(171): Illuminate\\Foundation\\Http\\Middleware\\ValidatePostSize->handle()
#34 C:\\Users\\Kuda Musoni\\Documents\\Code\\stokemotors-api\\vendor\\laravel\\framework\\src\\Illuminate\\Foundation\\Http\\Middleware\\CheckForMaintenanceMode.php(63): Illuminate\\Pipeline\\Pipeline->Illuminate\\Pipeline\\{closure}()
#35 C:\\Users\\Kuda Musoni\\Documents\\Code\\stokemotors-api\\vendor\\laravel\\framework\\src\\Illuminate\\Pipeline\\Pipeline.php(171): Illuminate\\Foundation\\Http\\Middleware\\CheckForMaintenanceMode->handle()
#36 C:\\Users\\Kuda Musoni\\Documents\\Code\\stokemotors-api\\vendor\\fideloper\\proxy\\src\\TrustProxies.php(57): Illuminate\\Pipeline\\Pipeline->Illuminate\\Pipeline\\{closure}()
#37 C:\\Users\\Kuda Musoni\\Documents\\Code\\stokemotors-api\\vendor\\laravel\\framework\\src\\Illuminate\\Pipeline\\Pipeline.php(171): Fideloper\\Proxy\\TrustProxies->handle()
#38 C:\\Users\\Kuda Musoni\\Documents\\Code\\stokemotors-api\\vendor\\laravel\\framework\\src\\Illuminate\\Pipeline\\Pipeline.php(105): Illuminate\\Pipeline\\Pipeline->Illuminate\\Pipeline\\{closure}()
#39 C:\\Users\\Kuda Musoni\\Documents\\Code\\stokemotors-api\\vendor\\laravel\\framework\\src\\Illuminate\\Foundation\\Http\\Kernel.php(145): Illuminate\\Pipeline\\Pipeline->then()
#40 C:\\Users\\Kuda Musoni\\Documents\\Code\\stokemotors-api\\vendor\\laravel\\framework\\src\\Illuminate\\Foundation\\Http\\Kernel.php(110): Illuminate\\Foundation\\Http\\Kernel->sendRequestThroughRouter()
#41 C:\\Users\\Kuda Musoni\\Documents\\Code\\stokemotors-api\\public\\index.php(55): Illuminate\\Foundation\\Http\\Kernel->handle()
#42 C:\\Users\\Kuda Musoni\\Documents\\Code\\stokemotors-api\\server.php(21): require_once('C:\\\\Users\\\\Kuda M...')
#43 {main}
"} 
