[2020-03-27 23:19:31] local.ERROR: View [bootstrap-3] not found. (View: C:\Users\Kuda Musoni\Documents\Code\stokemotors-api\resources\views\vehicle.blade.php) {"exception":"[object] (Facade\\Ignition\\Exceptions\\ViewException(code: 0): View [bootstrap-3] not found. (View: C:\\Users\\Kuda Musoni\\Documents\\Code\\stokemotors-api\esources\\views\\vehicle.blade.php) at C:\\Users\\Kuda Musoni\\Documents\\Code\\stokemotors-api\\vendor\\laravel\\framework\\src\\Illuminate\\View\\FileViewFinder.php:137)
[stacktrace]
#0 C:\\Users\\Kuda Musoni\\Documents\\Code\\stokemotors-api\\vendor\\laravel\\framework\\src\\Illuminate\\View\\FileViewFinder.php(92): Illuminate\\View\\FileViewFinder->findInPaths()
#1 C:\\Users\\Kuda Musoni\\Documents\\Code\\stokemotors-api\\vendor\\laravel\\framework\\src\\Illuminate\\View\\FileViewFinder.php(76): Illuminate\\View\\FileViewFinder->findNamespacedView()
#2 C:\\Users\\Kuda Musoni\\Documents\\Code\\stokemotors-api\\vendor\\laravel\\framework\\src\\Illuminate\\View\\Factory.php(131): Illuminate\\View\\FileViewFinder->find()
#3 C:\\Users\\Kuda Musoni\\Documents\\Code\\stokemotors-api\\vendor\\laravel\\framework\\src\\Illuminate\\Pagination\\LengthAwarePaginator.php(93): Illuminate\\View\\Factory->make()
#4 C:\\Users\\Kuda Musoni\\Documents\\Code\\stokemotors-api\\vendor\\laravel\\framework\\src\\Illuminate\\Pagination\\LengthAwarePaginator.php(79): Illuminate\\Pagination\\LengthAwarePaginator->render()
#5 C:\\Users\\Kuda Musoni\\Documents\\Code\\stokemotors-api\esources\\views/vehicle.blade.php(36): Illuminate\\Pagination\\LengthAwarePaginator->links()
#6 C:\\Users\\Kuda Musoni\\Documents\\Code\\stokemotors-api\\vendor\\laravel\\framework\\src\\Illuminate\\View\\Engines\\PhpEngine.php(43): include('C:\\\\Users\\\\Kuda M...')
#7 C:\\Users\\Kuda Musoni\\Documents\\Code\\stokemotors-api\\vendor\\laravel\\framework\\src\\Illuminate\\View\\Engines\\CompilerEngine.php(59): Illuminate\\View\\Engines\\PhpEngine->evaluatePath()
#8 C:\\Users\\Kuda Musoni\\Documents\\Code\\stokemotors-api\\vendor\\facade\\ignition\\src\\Views\\Engines\\CompilerEngine.php(36): Illuminate\\View\\Engines\\CompilerEngine->get()
#9 C:\\Users\\Kuda Musoni\\Documents\\Code\\stokemotors-api\\vendor\\laravel\\framework\\src\\Illuminate\\View\\View.php(143): Facade\\Ignition\\Views\\Engines\\CompilerEngine->get()
#10 C:\\Users\\Kuda Musoni\\Documents\\Code\\stokemotors-api\\vendor\\laravel\\framework\\src\\Illuminate\\View\\View.php(126): Illuminate\\View\\View->getContents()
#11 C:\\Users\\Kuda Musoni\\Documents\\Code\\stokemotors-api\\vendor\\laravel\\framework\\src\\Illuminate\\View\\View.php(91): Illuminate\\View\\View->renderContents()
#12 C:\\Users\\Kuda Musoni\\Documents\\Code\\stokemotors-api\\vendor\\laravel\\framework\\src\\Illuminate\\Http\\Response.php(42): Illuminate\\View\\View->render()
#13 C:\\Users\\Kuda Musoni\\Documents\\Code\\stokemotors-api\\vendor\\symfony\\http-foundation\\Response.php(202): Illuminate\\Http\\Response->setContent()
#14 C:\\Users\\Kuda Musoni\\Documents\\Code\\stokemotors-api\\vendor\\laravel\\framework\\src\\Illuminate\\Routing\\Router.php(749): Symfony\\Component\\HttpFoundation\\Response->__construct()
#15 C:\\Users\\Kuda Musoni\\Documents\\Code\\stokemotors-api\\vendor\\laravel\\framework\\src\\Illuminate\\Routing\\Router.php(721): Illuminate\\Routing\\Router::toResponse()
#16 C:\\Users\\Kuda Musoni\\Documents\\Code\\stokemotors-api\\vendor\\laravel\\framework\\src\\Illuminate\\Routing\\Router.php(681): Illuminate\\Routing\\Router->prepareResponse()
#17 C:\\Users\\Kuda Musoni\\Documents\\Code\\stokemotors-api\\vendor\\laravel\\framework\\src\\Illuminate\\Pipeline\\Pipeline.php(130): Illuminate\\Routing\\Router->Illuminate\\Routing\\{closure}()
#18 C:\\Users\\Kuda Musoni\\Documents\\Code\\stokemotors-api\\vendor\\laravel\\framework\\src\\Illuminate\\Routing\\Middleware\\SubstituteBindings.php(41): Illuminate\\Pipeline\\Pipeline->Illuminate\\Pipeline\\{closure}()
#19 C:\\Users\\Kuda Musoni\\Documents\\Code\\stokemotors-api\\vendor\\laravel\\framework\\src\\Illuminate\\Pipeline\\Pipeline.php(171): Illuminate\\Routing\\Middleware\\SubstituteBindings->handle()
#20 C:\\Users\\Kuda Musoni\\Documents\\Code\\stokemotors-api\\vendor\\laravel\\framework\\src\\Illuminate\\View\\Middleware\\ShareErrorsFromSession.php(49): Illuminate\\Pipeline\\Pipeline->Illuminate\\Pipeline\\{closure}()
#21 C:\\Users\\Kuda Musoni\\Documents\\Code\\stokemotors-api\\vendor\\laravel\\framework\\src\\Illuminate\\Pipeline\\Pipeline.php(171): Illuminate\\View\\Middleware\\ShareErrorsFromSession->handle()
#22 C:\\Users\\Kuda Musoni\\Documents\\Code\\stokemotors-api\\vendor\\laravel\\framework\\src\\Illuminate\\Session\\Middleware\\StartSession.php(56): Illuminate\\Pipeline\\Pipeline->Illuminate\\Pipeline\\{closure}()
#23 C:\\Users\\Kuda Musoni\\Documents\\Code\\stokemotors-api\\vendor\\laravel\\framework\\src\\Illuminate\\Pipeline\\Pipeline.php(171): Illuminate\\Session\\Middleware\\StartSession->handle()
#24 C:\\Users\\Kuda Musoni\\Documents\\Code\\stokemotors-api\\vendor\\laravel\\framework\\src\\Illuminate\\Cookie\\Middleware\\AddQueuedCookiesToResponse.php(37): Illuminate\\Pipeline\\Pipeline->Illuminate\\Pipeline\\{closure}()
#25 C:\\Users\\Kuda Musoni\\Documents\\Code\\stokemotors-api\\vendor\\laravel\\framework\\src\\Illuminate\\Pipeline\\Pipeline.php(171): Illuminate\\Cookie\\Middleware\\AddQueuedCookiesToResponse->handle()
#26 C:\\Users\\Kuda Musoni\\Documents\\Code\\stokemotors-api\\vendor\\laravel\\framework\\src\\Illuminate\\Cookie\\Middleware\\EncryptCookies.php(66): Illuminate\\Pipeline\\Pipeline->Illuminate\\Pipeline\\{closure}()
#27 C:\\Users\\Kuda Musoni\\Documents\\Code\\stokemotors-api\\vendor\\laravel\\framework\\src\\Illuminate\\Pipeline\\Pipeline.php(171): Illuminate\\Cookie\\Middleware\\EncryptCookies->handle()
#28 C:\\Users\\Kuda Musoni\\Documents\\Code\\stokemotors-api\\vendor\\laravel\\framework\\src\\Illuminate\\Pipeline\\Pipeline.php(105): Illuminate\\Pipeline\\Pipeline->Illuminate\\Pipeline\\{closure}()
#29 C:\\Users\\Kuda Musoni\\Documents\\Code\\stokemotors-api\\vendor\\laravel\\framework\\src\\Illuminate\\Routing\\Router.php(683): Illuminate\\Pipeline\\Pipeline->then()
#30 C:\\Users\\Kuda Musoni\\Documents\\Code\\stokemotors-api\\vendor\\laravel\\framework\\src\\Illuminate\\Routing\\Router.php(658): Illuminate\\Routing\\Router->runRouteWithinStack()
#31 C:\\Users\\Kuda Musoni\\Documents\\Code\\stokemotors-api\\vendor\\laravel\\framework\\src\\Illuminate\\Routing\\Router.php(624): Illuminate\\Routing\\Router->runRoute()
#32 C:\\Users\\Kuda Musoni\\Documents\\Code\\stokemotors-api\\vendor\\laravel\\framework\\src\\Illuminate\\Routing\\Router.php(613): Illuminate\\Routing\\Router->dispatchToRoute()
#33 C:\\Users\\Kuda Musoni\\Documents\\Code\\stokemotors-api\\vendor\\laravel\\framework\\src\\Illuminate\\Foundation\\Http\\Kernel.php(170): Illuminate\\Routing\\Router->dispatch()
#34 C:\\Users\\Kuda Musoni\\Documents\\Code\\stokemotors-api\\vendor\\laravel\\framework\\src\\Illuminate\\Pipeline\\Pipeline.php(130): Illuminate\\Foundation\\Http\\Kernel->Illuminate\\Foundation\\Http\\{closure}()
#35 C:\\Users\\Kuda Musoni\\Documents\\Code\\stokemotors-api\\vendor\\laravel\\framework\\src\\Illuminate\\Foundation\\Http\\Middleware\\TransformsRequest.php(21): Illuminate\\Pipeline\\Pipeline->Illuminate\\Pipeline\\{closure}()
#36 C:\\Users\\Kuda Musoni\\Documents\\Code\\stokemotors-api\\vendor\\laravel\\framework\\src\\Illuminate\\Pipeline\\Pipeline.php(171): Illuminate\\Foundation\\Http\\Middleware\\TransformsRequest->handle()
#37 C:\\Users\\Kuda Musoni\\Documents\\Code\\stokemotors-api\\vendor\\laravel\\framework\\src\\Illuminate\\Foundation\\Http\\Middleware\\TransformsRequest.php(21): Illuminate\\Pipeline\\Pipeline->Illuminate\\Pipeline\\{closure}()
#38 C:\\Users\\Kuda Musoni\\Documents\\Code\\stokemotors-api\\vendor\\laravel\\framework\\src\\Illuminate\\Pipeline\\Pipeline.php(171): Illuminate\\Foundation\\Http\\Middleware\\TransformsRequest->handle()
#39 C:\\Users\\Kuda Musoni\\Documents\\Code\\stokemotors-api\\vendor\\laravel\\framework\\src\\Illuminate\\Foundation\\Http\\Middleware\\ValidatePostSize.php(27): Illuminate\\Pipeline\\Pipeline->Illuminate\\Pipeline\\{closure}()
#40 C:\\Users\\Kuda Musoni\\Documents\\Code\\stokemotors-api\\vendor\\laravel\\framework\\src\\Illuminate\\Pipeline\\Pipeline.php(171): Illuminate\\Foundation\\Http\\Middleware\\ValidatePostSize->handle()
#41 C:\\Users\\Kuda Musoni\\Documents\\Code\\stokemotors-api\\vendor\\laravel\\framework\\src\\Illuminate\\Foundation\\Http\\Middleware\\CheckForMaintenanceMode.php(63): Illuminate\\Pipeline\\Pipeline->Illuminate\\Pipeline\\{closure}()
#42 C:\\Users\\Kuda Musoni\\Documents\\Code\\stokemotors-api\\vendor\\laravel\\framework\\src\\Illuminate\\Pipeline\\Pipeline.php(171): Illuminate\\Foundation\\Http\\Middleware\\CheckForMaintenanceMode->handle()
#43 C:\\Users\\Kuda Musoni\\Documents\\Code\\stokemotors-api\\vendor\\fideloper\\proxy\\src\\TrustProxies.php(57): Illuminate\\Pipeline\\Pipeline->Illuminate\\Pipeline\\{closure}()
#44 C:\\Users\\Kuda Musoni\\Documents\\Code\\stokemotors-api\\vendor\\laravel\\framework\\src\\Illuminate\\Pipeline\\Pipeline.php(171): Fideloper\\Proxy\\TrustProxies->handle()
#45 C:\\Users\\Kuda Musoni\\Documents\\Code\\stokemotors-api\\vendor\\laravel\\framework\\src\\Illuminate\\Pipeline\\Pipeline.php(105): Illuminate\\Pipeline\\Pipeline->Illuminate\\Pipeline\\{closure}()
#46 C:\\Users\\Kuda Musoni\\Documents\\Code\\stokemotors-api\\vendor\\laravel\\framework\\src\\Illuminate\\Foundation\\Http\\Kernel.php(145): Illuminate\\Pipeline\\Pipeline->then()
#47 C:\\Users\\Kuda Musoni\\Documents\\Code\\stokemotors-api\\vendor\\laravel\\framework\\src\\Illuminate\\Foundation\\Http\\Kernel.php(110): Illuminate\\Foundation\\Http\\Kernel->sendRequestThroughRouter()
#48 C:\\Users\\Kuda Musoni\\Documents\\Code\\stokemotors-api\\public\\index.php(55): Illuminate\\Foundation\\Http\\Kernel->handle()
#49 C:\\Users\\Kuda Musoni\\Documents\\Code\\stokemotors-api\\server.php(21): require_once('C:\\\\Users\\\\Kuda M...')
#50 {main}

[previous exception] [object] (InvalidArgumentException(code: 0): View [bootstrap-3] not found. at C:\\Users\\Kuda Musoni\\Documents\\Code\\stokemotors-api\\vendor\\laravel\\framework\\src\\Illuminate\\View\\FileViewFinder.php:137)
[stacktrace]
#0 C:\\Users\\Kuda Musoni\\Documents\\Code\\stokemotors-api\\vendor\\laravel\\framework\\src\\Illuminate\\View\\FileViewFinder.php(92): Illuminate\\View\\FileViewFinder->findInPaths()
#1 C:\\Users\\Kuda Musoni\\Documents\\Code\\stokemotors-api\\vendor\\laravel\\framework\\src\\Illuminate\\View\\FileViewFinder.php(76): Illuminate\\View\\FileViewFinder->findNamespacedView()
#2 C:\\Users\\Kuda Musoni\\Documents\\Code\\stokemotors-api\\vendor\\laravel\\framework\\src\\Illuminate\\View\\Factory.php(131): Illuminate\\View\\FileViewFinder->find()
#3 C:\\Users\\Kuda Musoni\\Documents\\Code\\stokemotors-api\\vendor\\laravel\\framework\\src\\Illuminate\\Pagination\\LengthAwarePaginator.php(93): Illuminate\\View\\Factory->make()
#4 C:\\Users\\Kuda Musoni\\Documents\\Code\\stokemotors-api\\vendor\\laravel\\framework\\src\\Illuminate\\Pagination\\LengthAwarePaginator.php(79): Illuminate\\Pagination\\LengthAwarePaginator->render()
#5 C:\\Users\\Kuda Musoni\\Documents\\Code\\stokemotors-api\\storage\\framework\\views\\6393b7df434bc84c20e6b9f1e3579b09a1f28409.php(32): Illuminate\\Pagination\\LengthAwarePaginator->links()
#6 C:\\Users\\Kuda Musoni\\Documents\\Code\\stokemotors-api\\vendor\\laravel\\framework\\src\\Illuminate\\View\\Engines\\PhpEngine.php(43): include('C:\\\\Users\\\\Kuda M...')
#7 C:\\Users\\Kuda Musoni\\Documents\\Code\\stokemotors-api\\vendor\\laravel\\framework\\src\\Illuminate\\View\\Engines\\CompilerEngine.php(59): Illuminate\\View\\Engines\\PhpEngine->evaluatePath()
#8 C:\\Users\\Kuda Musoni\\Documents\\Code\\stokemotors-api\\vendor\\facade\\ignition\\src\\Views\\Engines\\CompilerEngine.php(36): Illuminate\\View\\Engines\\CompilerEngine->get()
#9 C:\\Users\\Kuda Musoni\\Documents\\Code\\stokemotors-api\\vendor\\laravel\\framework\\src\\Illuminate\\View\\View.php(143): Facade\\Ignition\\Views\\Engines\\CompilerEngine->get()
#10 C:\\Users\\Kuda Musoni\\Documents\\Code\\stokemotors-api\\vendor\\laravel\\framework\\src\\Illuminate\\View\\View.php(126): Illuminate\\View\\View->getContents()
#11 C:\\Users\\Kuda Musoni\\Documents\\Code\\stokemotors-api\\vendor\\laravel\\framework\\src\\Illuminate\\View\\View.php(91): Illuminate\\View\\View->renderContents()
#12 C:\\Users\\Kuda Musoni\\Documents\\Code\\stokemotors-api\\vendor\\laravel\\framework\\src\\Illuminate\\Http\\Response.php(42): Illuminate\\View\\View->render()
#13 C:\\Users\\Kuda Musoni\\Documents\\Code\\stokemotors-api\\vendor\\symfony\\http-foundation\\Response.php(202): Illuminate\\Http\\Response->setContent()
#14 C:\\Users\\Kuda Musoni\\Documents\\Code\\stokemotors-api\\vendor\\laravel\\framework\\src\\Illuminate\\Routing\\Router.php(749): Symfony\\Component\\HttpFoundation\\Response->__construct()
#15 C:\\Users\\Kuda Musoni\\Documents\\Code\\stokemotors-api\\vendor\\laravel\\framework\\src\\Illuminate\\Routing\\Router.php(721): Illuminate\\Routing\\Router::toResponse()
#16 C:\\Users\\Kuda Musoni\\Documents\\Code\\stokemotors-api\\vendor\\laravel\\framework\\src\\Illuminate\\Routing\\Router.php(681): Illuminate\\Routing\\Router->prepareResponse()
#17 C:\\Users\\Kuda Musoni\\Documents\\Code\\stokemotors-api\\vendor\\laravel\\framework\\src\\Illuminate\\Pipeline\\Pipeline.php(130): Illuminate\\Routing\\Router->Illuminate\\Routing\\{closure}()
#18 C:\\Users\\Kuda Musoni\\Documents\\Code\\stokemotors-api\\vendor\\laravel\\framework\\src\\Illuminate\\Routing\\Middleware\\SubstituteBindings.php(41): Illuminate\\Pipeline\\Pipeline->Illuminate\\Pipeline\\{closure}()
#19 C:\\Users\\Kuda Musoni\\Documents\\Code\\stokemotors-api\\vendor\\laravel\\framework\\src\\Illuminate\\Pipeline\\Pipeline.php(171): Illuminate\\Routing\\Middleware\\SubstituteBindings->handle()
#20 C:\\Users\\Kuda Musoni\\Documents\\Code\\stokemotors-api\\vendor\\laravel\\framework\\src\\Illuminate\\View\\Middleware\\ShareErrorsFromSession.php(49): Illuminate\\Pipeline\\Pipeline->Illuminate\\Pipeline\\{closure}()
#21 C:\\Users\\Kuda Musoni\\Documents\\Code\\stokemotors-api\\vendor\\laravel\\framework\\src\\Illuminate\\Pipeline\\Pipeline.php(171): Illuminate\\View\\Middleware\\ShareErrorsFromSession->handle()
#22 C:\\Users\\Kuda Musoni\\Documents\\Code\\stokemotors-api\\vendor\\laravel\\framework\\src\\Illuminate\\Session\\Middleware\\StartSession.php(56): Illuminate\\Pipeline\\Pipeline->Illuminate\\Pipeline\\{closure}()
#23 C:\\Users\\Kuda Musoni\\Documents\\Code\\stokemotors-api\\vendor\\laravel\\framework\\src\\Illuminate\\Pipeline\\Pipeline.php(171): Illuminate\\Session\\Middleware\\StartSession->handle()
#24 C:\\Users\\Kuda Musoni\\Documents\\Code\\stokemotors-api\\vendor\\laravel\\framework\\src\\Illuminate\\Cookie\\Middleware\\AddQueuedCookiesToResponse.php(37): Illuminate\\Pipeline\\Pipeline->Illuminate\\Pipeline\\{closure}()
#25 C:\\Users\\Kuda Musoni\\Documents\\Code\\stokemotors-api\\vendor\\laravel\\framework\\src\\Illuminate\\Pipeline\\Pipeline.php(171): Illuminate\\Cookie\\Middleware\\AddQueuedCookiesToResponse->handle()
#26 C:\\Users\\Kuda Musoni\\Documents\\Code\\stokemotors-api\\vendor\\laravel\\framework\\src\\Illuminate\\Cookie\\Middleware\\EncryptCookies.php(66): Illuminate\\Pipeline\\Pipeline->Illuminate\\Pipeline\\{closure}()
#27 C:\\Users\\Kuda Musoni\\Documents\\Code\\stokemotors-api\\vendor\\laravel\\framework\\src\\Illuminate\\Pipeline\\Pipeline.php(171): Illuminate\\Cookie\\Middleware\\EncryptCookies->handle()
#28 C:\\Users\\Kuda Musoni\\Documents\\Code\\stokemotors-api\\vendor\\laravel\\framework\\src\\Illuminate\\Pipeline\\Pipeline.php(105): Illuminate\\Pipeline\\Pipeline->Illuminate\\Pipeline\\{closure}()
#29 C:\\Users\\Kuda Musoni\\Documents\\Code\\stokemotors-api\\vendor\\laravel\\framework\\src\\Illuminate\\Routing\\Router.php(683): Illuminate\\Pipeline\\Pipeline->then()
#30 C:\\Users\\Kuda Musoni\\Documents\\Code\\stokemotors-api\\vendor\\laravel\\framework\\src\\Illuminate\\Routing\\Router.php(658): Illuminate\\Routing\\Router->runRouteWithinStack()
#31 C:\\Users\\Kuda Musoni\\Documents\\Code\\stokemotors-api\\vendor\\laravel\\framework\\src\\Illuminate\\Routing\\Router.php(624): Illuminate\\Routing\\Router->runRoute()
#32 C:\\Users\\Kuda Musoni\\Documents\\Code\\stokemotors-api\\vendor\\laravel\\framework\\src\\Illuminate\\Routing\\Router.php(613): Illuminate\\Routing\\Router->dispatchToRoute()
#33 C:\\Users\\Kuda Musoni\\Documents\\Code\\stokemotors-api\\vendor\\laravel\\framework\\src\\Illuminate\\Foundation\\Http\\Kernel.php(170): Illuminate\\Routing\\Router->dispatch()
#34 C:\\Users\\Kuda Musoni\\Documents\\Code\\stokemotors-api\\vendor\\laravel\\framework\\src\\Illuminate\\Pipeline\\Pipeline.php(130): Illuminate\\Foundation\\Http\\Kernel->Illuminate\\Foundation\\Http\\{closure}()
#35 C:\\Users\\Kuda Musoni\\Documents\\Code\\stokemotors-api\\vendor\\laravel\\framework\\src\\Illuminate\\Foundation\\Http\\Middleware\\TransformsRequest.php(21): Illuminate\\Pipeline\\Pipeline->Illuminate\\Pipeline\\{closure}()
#36 C:\\Users\\Kuda Musoni\\Documents\\Code\\stokemotors-api\\vendor\\laravel\\framework\\src\\Illuminate\\Pipeline\\Pipeline.php(171): Illuminate\\Foundation\\Http\\Middleware\\TransformsRequest->handle()
#37 C:\\Users\\Kuda Musoni\\Documents\\Code\\stokemotors-api\\vendor\\laravel\\framework\\src\\Illuminate\\Foundation\\Http\\Middleware\\TransformsRequest.php(21): Illuminate\\Pipeline\\Pipeline->Illuminate\\Pipeline\\{closure}()
#38 C:\\Users\\Kuda Musoni\\Documents\\Code\\stokemotors-api\\vendor\\laravel\\framework\\src\\Illuminate\\Pipeline\\Pipeline.php(171): Illuminate\\Foundation\\Http\\Middleware\\TransformsRequest->handle()
#39 C:\\Users\\Kuda Musoni\\Documents\\Code\\stokemotors-api\\vendor\\laravel\\framework\\src\\Illuminate\\Foundation\\Http\\Middleware\\ValidatePostSize.php(27): Illuminate\\Pipeline\\Pipeline->Illuminate\\Pipeline\\{closure}()
#40 C:\\Users\\Kuda Musoni\\Documents\\Code\\stokemotors-api\\vendor\\laravel\\framework\\src\\Illuminate\\Pipeline\\Pipeline.php(171): Illuminate\\Foundation\\Http\\Middleware\\ValidatePostSize->handle()
#41 C:\\Users\\Kuda Musoni\\Documents\\Code\\stokemotors-api\\vendor\\laravel\\framework\\src\\Illuminate\\Foundation\\Http\\Middleware\\CheckForMaintenanceMode.php(63): Illuminate\\Pipeline\\Pipeline->Illuminate\\Pipeline\\{closure}()
#42 C:\\Users\\Kuda Musoni\\Documents\\Code\\stokemotors-api\\vendor\\laravel\\framework\\src\\Illuminate\\Pipeline\\Pipeline.php(171): Illuminate\\Foundation\\Http\\Middleware\\CheckForMaintenanceMode->handle()
#43 C:\\Users\\Kuda Musoni\\Documents\\Code\\stokemotors-api\\vendor\\fideloper\\proxy\\src\\TrustProxies.php(57): Illuminate\\Pipeline\\Pipeline->Illuminate\\Pipeline\\{closure}()
#44 C:\\Users\\Kuda Musoni\\Documents\\Code\\stokemotors-api\\vendor\\laravel\\framework\\src\\Illuminate\\Pipeline\\Pipeline.php(171): Fideloper\\Proxy\\TrustProxies->handle()
#45 C:\\Users\\Kuda Musoni\\Documents\\Code\\stokemotors-api\\vendor\\laravel\\framework\\src\\Illuminate\\Pipeline\\Pipeline.php(105): Illuminate\\Pipeline\\Pipeline->Illuminate\\Pipeline\\{closure}()
#46 C:\\Users\\Kuda Musoni\\Documents\\Code\\stokemotors-api\\vendor\\laravel\\framework\\src\\Illuminate\\Foundation\\Http\\Kernel.php(145): Illuminate\\Pipeline\\Pipeline->then()
#47 C:\\Users\\Kuda Musoni\\Documents\\Code\\stokemotors-api\\vendor\\laravel\\framework\\src\\Illuminate\\Foundation\\Http\\Kernel.php(110): Illuminate\\Foundation\\Http\\Kernel->sendRequestThroughRouter()
#48 C:\\Users\\Kuda Musoni\\Documents\\Code\\stokemotors-api\\public\\index.php(55): Illuminate\\Foundation\\Http\\Kernel->handle()
#49 C:\\Users\\Kuda Musoni\\Documents\\Code\\stokemotors-api\\server.php(21): require_once('C:\\\\Users\\\\Kuda M...')
#50 {main}
"} 
